279
572
592
675
787
792
906
981
983
1024
1055
1066
1112
1132
1167
1195
1241
1261
1281
1301
1334
1337
1338
1389
1422
1452
1478
1497
1512
1541
1557
1596
1621
1644
1704
1707
1719
1723
1729
1762
1766
1767
1779
1786
1796
1830
1857
1859
1861
1866
1885
1893
1897
1941
1960
1973
1994
2005
2024
2034
2051
2055
2072
2092
2114
2135
2144
2145
2179
2181
2182
2183
2192
2197
2198
2202
2236
2239
2254
2258
2261
2262
2266
2296
2303
2313
2316
2329
2336
2359
2363
2375
2384
2393
2398
2412
2415
2430
2433
2436
2439
2444
2464
2475
2482
2485
2488
2507
2508
2510
2525
2551
2555
2571
2573
2574
2579
2597
2600
2612
2623
2632
2644
2651
2658
2683
2690
2693
2696
2702
2704
2714
2735
2755
2761
2762
2766
2776
2779
2801
2806
2810
2813
2815
2826
2829
2845
2863
2872
2880
2881
2893
2901
2910
2923
2932
2945
2952
2953
2962
2974
2982
2997
2998
3003
3008
3014
3017
3034
3038
3041
3043
3044
3055
3067
3071
3078
3081
3084
3086
3088
3092
3095
3096
3101
3108
3110
3111
3114
3118
3151
3154
3161
3166
3170
3175
3177
3179
3187
3194
3205
3206
3207
3249
3255
3257
3273
3284
3292
3298
3323
3330
3336
3340
3342
3368
3369
3372
3381
3384
3388
3397
3411
3423
3437
3446
3469
3470
3475
3480
3488
3489
3494
3508
3512
3520
3522
3523
3530
3536
3547
3551
3552
3555
3561
3567
3572
3573
3578
3581
3583
3586
3587
3588
3599
3606
3608
3610
3628
3629
3644
3646
3647
3660
3673
3678
3680
3685
3711
3718
3731
3732
3737
3738
3749
3757
3764
3765
3768
3775
3777
3778
3795
3799
3803
3806
3809
3813
3821
3830
3849
3862
3863
3867
3873
3877
3878
3884
3896
3900
3906
3917
3918
3920
3924
3925
3949
3955
3962
3963
3972
3975
3976
3979
3980
3983
3986
3990
3991
3996
4007
4008
4009
4010
4018
4026
4029
4035
4043
4046
4058
4062
4069
4082
4083
4094
4095
4096
4101
4106
4113
4119
4124
4127
4130
4132
4134
4139
4150
4155
4159
4161
4162
4168
4169
4172
4174
4183
4186
4187
4189
4193
4194
4198
4201
4204
4211
4212
4215
4216
4225
4250
4252
4254
4260
4267
4269
4278
4279
4282
4286
4300
4304
4319
4321
4324
4325
4326
4348
4350
4357
4364
4367
4371
4375
4377
4391
4398
4400
4401
4403
4408
4415
4418
4423
4425
4431
4433
4438
4442
4443
4444
4445
4446
4449
4456
4457
4458
4461
4480
4481
4486
4488
4496
4497
4499
4501
4502
4504
4510
4512
4514
4517
4518
4523
4536
4540
4543
4549
4563
4565
4573
4575
4581
4591
4592
4595
4597
4599
4600
4603
4604
4608
4621
4622
4623
4628
4636
4640
4643
4645
4649
4658
4669
4675
4688
4699
4708
4709
4711
4715
4718
4720
4725
4738
4741
4748
4758
4762
4764
4766
4770
4772
4773
4774
4778
4782
4786
4788
4791
4794
4796
4798
4800
4801
4803
4808
4810
4812
4816
4817
4820
4823
4834
4835
4837
4838
4840
4852
4855
4858
4859
4861
4862
4864
4865
4877
4880
4892
4896
4901
4906
4914
4915
4919
4920
4927
4928
4930
4939
4940
4944
4945
4946
4948
4952
4953
4956
4964
4972
4976
4977
4983
4985
4986
4988
4992
5000
5011
5015
5016
5020
5021
5022
5026
5028
5030
5037
5044
5047
5048
5050
5054
5055
5063
5068
5069
5073
5083
5085
5091
5094
5106
5114
5117
5120
5128
5135
5144
5146
5156
5157
5166
5169
5175
5176
5177
5178
5180
5188
5189
5196
5197
5199
5203
5206
5222
5224
5233
5234
5238
5239
5241
5242
5248
5249
5251
5261
5264
5265
5266
5271
5272
5273
5275
5276
5279
5282
5284
5287
5291
5298
5299
5311
5314
5316
5321
5322
5323
5324
5331
5343
5346
5349
5355
5358
5360
5361
5372
5374
5380
5382
5384
5386
5390
5392
5396
5409
5410
5412
5416
5417
5420
5421
5428
5436
5442
5446
5449
5450
5453
5458
5459
5465
5468
5469
5470
5474
5480
5483
5485
5487
5489
5493
5495
5503
5504
5506
5508
5511
5521
5523
5527
5535
5544
5549
5550
5554
5565
5566
5567
5569
5570
5573
5588
5589
5592
5594
5595
5599
5600
5604
5608
5612
5619
5625
5632
5633
5634
5636
5644
5645
5650
5653
5656
5658
5662
5666
5670
5673
5676
5680
5684
5685
5686
5690
5691
5694
5698
5701
5707
5710
5712
5715
5718
5719
5722
5725
5728
5735
5736
5744
5745
5746
5747
5750
5752
5754
5756
5761
5762
5769
5773
5774
5775
5782
5788
5792
5793
5796
5801
5802
5807
5808
5810
5811
5815
5819
5823
5830
5833
5836
5837
5838
5839
5844
5848
5854
5856
5857
5858
5859
5862
5863
5864
5865
5867
5876
5878
5881
5883
5889
5890
5894
5900
5904
5907
5911
5919
5922
5927
5928
5932
5939
5943
5944
5945
5955
5969
5971
5978
5983
5990
5993
5994
5997
5999
6000
6001
6003
6007
6008
6009
6013
6018
6021
6024
6025
6030
6036
6037
6044
6045
6046
6047
6049
6054
6058
6061
6063
6064
6068
6069
6074
6075
6088
6090
6095
6102
6103
6104
6107
6111
6120
6122
6123
6126
6127
6129
6130
6131
6146
6147
6148
6149
6152
6153
6156
6157
6161
6162
6163
6168
6170
6180
6182
6183
6189
6190
6196
6200
6201
6202
6208
6209
6210
6211
6219
6220
6223
6224
6225
6226
6229
6232
6235
6237
6239
6241
6251
6255
6259
6261
6262
6266
6267
6279
6287
6288
6289
6291
6294
6295
6296
6298
6301
6306
6309
6312
6316
6322
6325
6326
6329
6333
6334
6341
6343
6344
6345
6348
6351
6353
6366
6380
6384
6385
6397
6409
6411
6414
6415
6417
6432
6434
6440
6441
6444
6446
6448
6452
6457
6469
6472
6477
6480
6484
6487
6495
6497
6502
6504
6508
6510
6511
6513
6515
6516
6517
6522
6523
6524
6525
6527
6529
6535
6539
6541
6544
6547
6554
6555
6559
6570
6575
6577
6579
6585
6589
6591
6592
6594
6595
6597
6598
6608
6615
6616
6618
6623
6625
6627
6628
6631
6634
6635
6638
6643
6644
6645
6662
6664
6667
6673
6674
6676
6677
6680
6682
6683
6686
6687
6688
6689
6692
6693
6694
6696
6698
6707
6712
6723
6725
6729
6730
6736
6744
6748
6750
6752
6754
6757
6760
6761
6766
6767
6768
6769
6771
6775
6778
6780
6781
6782
6783
6788
6789
6790
6791
6795
6797
6799
6804
6809
6810
6811
6820
6828
6829
6830
6831
6832
6833
6836
6838
6843
6852
6864
6865
6866
6868
6870
6871
6875
6876
6879
6882
6884
6893
6896
6898
6900
6904
6905
6910
6911
6912
6916
6917
6918
6922
6926
6929
6931
6943
6945
6947
6954
6956
6962
6965
6970
6977
6980
6982
6985
6988
6994
6995
6997
6999
7000
7001
7017
7018
7019
7022
7023
7025
7028
7032
7034
7037
7040
7041
7049
7050
7054
7059
7060
7062
7063
7066
7067
7068
7070
7073
7075
7078
7079
7083
7085
7086
7089
7090
7091
7093
7094
7097
7103
7104
7107
7111
7116
7117
7124
7126
7128
7129
7130
7136
7138
7140
7146
7148
7150
7151
7154
7155
7157
7162
7163
7164
7165
7166
7167
7168
7171
7173
7175
7178
7181
7186
7188
7189
7192
7194
7195
7198
7200
7202
7204
7207
7210
7212
7214
7218
7219
7220
7223
7224
7225
7228
7231
7234
7250
7251
7252
7254
7263
7267
7268
7273
7274
7301
7302
7305
7306
7308
7310
7311
7317
7318
7320
7321
7324
7333
7336
7337
7341
7342
7346
7349
7353
7357
7365
7371
7373
7379
7380
7385
7387
7389
7391
7392
7397
7399
7401
7403
7405
7406
7407
7408
7411
7415
7418
7421
7436
7438
7440
7441
7442
7446
7447
7450
7453
7457
7458
7460
7462
7470
7472
7473
7474
7476
7479
7482
7486
7489
7491
7492
7494
7495
7499
7503
7510
7512
7515
7517
7519
7528
7529
7534
7535
7541
7543
7546
7547
7548
7554
7555
7557
7558
7568
7570
7571
7572
7573
7574
7575
7577
7581
7583
7584
7586
7591
7594
7596
7597
7598
7600
7604
7612
7617
7618
7623
7624
7625
7626
7627
7628
7630
7631
7636
7646
7650
7651
7653
7654
7656
7660
7661
7667
7672
7676
7677
7679
7680
7682
7684
7691
7693
7694
7700
7701
7702
7708
7709
7711
7714
7718
7721
7727
7728
7731
7732
7733
7743
7750
7751
7752
7753
7761
7764
7766
7768
7773
7774
7782
7790
7792
7796
7800
7805
7807
7808
7814
7816
7818
7819
7822
7826
7832
7833
7834
7837
7838
7841
7842
7844
7846
7850
7851
7853
7854
7857
7866
7867
7870
7871
7872
7875
7876
7878
7885
7888
7890
7893
7894
7895
7897
7899
7900
7901
7902
7904
7905
7906
7909
7914
7915
7916
7917
7918
7921
7923
7929
7930
7932
7937
7940
7941
7946
7949
7951
7952
7954
7955
7956
7957
7959
7962
7965
7966
7972
7975
7976
7977
7978
7979
7982
7984
7988
7989
7992
7993
7996
7998
7999
8009
8011
8012
8013
8016
8017
8018
8019
8025
8031
8034
8035
8036
8037
8039
8041
8043
8048
8051
8052
8055
8060
8061
8063
8068
8074
8079
8082
8083
8089
8090
8091
8094
8095
8097
8102
8103
8109
8111
8113
8114
8116
8119
8120
8121
8123
8124
8133
8134
8135
8138
8140
8144
8148
8151
8163
8166
8172
8173
8174
8177
8178
8183
8190
8192
8208
8209
8215
8219
8221
8224
8227
8228
8229
8230
8231
8232
8234
8237
8242
8246
8248
8250
8251
8252
8253
8254
8256
8262
8264
8269
8271
8273
8278
8280
8281
8284
8293
8294
8303
8307
8308
8319
8321
8337
8341
8342
8343
8344
8349
8353
8354
8355
8360
8361
8363
8366
8370
8374
8384
8394
8398
8403
8404
8405
8411
8419
8420
8421
8422
8423
8425
8427
8430
8431
8435
8438
8441
8442
8443
8452
8453
8459
8460
8464
8465
8466
8469
8470
8471
8472
8473
8476
8477
8484
8487
8488
8492
8497
8499
8501
8502
8504
8508
8510
8511
8513
8514
8517
8518
8522
8526
8527
8528
8535
8540
8541
8543
8545
8552
8553
8555
8567
8570
8575
8577
8580
8581
8583
8584
8587
8588
8590
8591
8595
8596
8603
8604
8606
8614
8617
8619
8624
8625
8626
8628
8630
8636
8639
8641
8648
8650
8653
8656
8658
8659
8662
8663
8667
8668
8669
8673
8674
8675
8676
8677
8679
8685
8688
8692
8696
8700
8702
8704
8706
8709
8712
8713
8714
8718
8719
8720
8721
8724
8725
8734
8736
8738
8744
8745
8749
8751
8752
8753
8756
8760
8762
8765
8774
8775
8776
8781
8784
8785
8787
8798
8801
8806
8808
8809
8810
8811
8812
8815
8818
8819
8822
8823
8824
8825
8829
8833
8834
8836
8846
8847
8850
8851
8854
8857
8860
8861
8862
8863
8866
8868
8869
8870
8874
8876
8877
8879
8880
8881
8882
8884
8888
8891
8896
8897
8898
8899
8909
8913
8918
8926
8931
8933
8935
8936
8938
8941
8942
8943
8944
8950
8954
8957
8959
8962
8968
8970
8971
8972
8974
8977
8981
8982
8997
8999
9000
9003
9005
9010
9011
9012
9014
9016
9018
9020
9021
9025
9027
9030
9031
9035
9037
9040
9042
9043
9044
9045
9048
9054
9056
9057
9058
9059
9061
9066
9067
9070
9076
9077
9078
9084
9087
9092
9094
9095
9097
9100
9101
9102
9103
9104
9107
9109
9114
9117
9118
9123
9125
9128
9129
9130
9131
9133
9136
9139
9140
9142
9144
9146
9147
9148
9149
9150
9158
9159
9161
9164
9165
9166
9168
9173
9175
9177
9178
9182
9185
9186
9187
9190
9191
9192
9193
9198
9204
9205
9206
9207
9209
9210
9212
9213
9216
9221
9222
9225
9226
9231
9232
9233
9235
9236
9242
9245
9249
9250
9252
9254
9255
9256
9259
9260
9264
9265
9266
9268
9269
9273
9274
9277
9281
9282
9284
9285
9291
9292
9294
9295
9301
9305
9307
9308
9310
9315
9317
9318
9320
9322
9324
9325
9329
9330
9332
9333
9337
9342
9344
9346
9347
9350
9352
9353
9355
9359
9361
9362
9365
9367
9369
9370
9372
9373
9376
9378
9380
9381
9387
9389
9391
9393
9395
9400
9405
9408
9409
9410
9411
9413
9417
9418
9419
9421
9423
9424
9425
9426
9428
9429
9430
9438
9439
9441
9442
9443
9446
9447
9449
9450
9451
9455
9456
9457
9460
9462
9463
9464
9465
9466
9468
9470
9472
9473
9475
9479
9480
9481
9482
9484
9486
9487
9489
9490
9493
9495
9497
9498
9500
9501
9503
9508
9511
9512
9516
9520
9521
9525
9527
9532
9533
9535
9536
9549
9554
9557
9560
9563
9564
9566
9568
9572
9573
9579
9581
9585
9586
9588
9589
9591
9595
9601
9602
9604
9605
9606
9608
9612
9615
9616
9617
9619
9621
9622
9624
9633
9634
9636
9637
9638
9639
9648
9649
9656
9657
9659
9660
9663
9665
9675
9677
9678
9681
9685
9686
9687
9688
9694
9697
9698
9701
9702
9703
9705
9708
9720
9726
9728
9729
9732
9743
9744
9746
9747
9751
9754
9755
9756
9758
9763
9765
9768
9770
9771
9772
9773
9774
9775
9777
9778
9781
9784
9786
9788
9791
9792
9793
9797
9801
9802
9805
9806
9807
9808
9809
9811
9812
9816
9818
9819
9821
9826
9829
9830
9831
9835
9836
9837
9838
9843
9845
9846
9847
9848
9849
9851
9853
9854
9855
9862
9863
9866
9867
9868
9871
9879
9883
9885
9888
9890
9892
9893
9894
9895
9896
9898
9899
9902
9906
9911
9915
9917
9920
9921
9928
9932
9934
9938
9940
9942
9946
9949
9957
9959
9960
9963
9965
9970
9972
9973
9974
9977
9981
9982
9983
9985
9986
9987
9988
9990
9991
9993
9998
9999
10005
10007
10009
10015
10017
10021
10026
10028
10032
10033
10034
10036
10039
10041
10043
10044
10045
10046
10051
10053
10055
10058
10063
10064
10065
10067
10069
10070
10072
10075
10076
10077
10081
10085
10086
10087
10088
10090
10097
10099
10100
10101
10102
10103
10104
10105
10106
10108
10109
10112
10114
10115
10117
10122
10126
10127
10129
10131
10133
10134
10135
10136
10137
10138
10139
10142
10144
10148
10154
10155
10160
10161
10162
10163
10164
10166
10176
10177
10178
10179
10180
10186
10189
10195
10199
10201
10205
10215
10216
10218
10220
10228
10229
10231
10233
10235
10240
10246
10250
10256
10258
10260
10261
10273
10276
10277
10279
10283
10284
10286
10293
10294
10297
10299
10302
10303
10305
10307
10308
10311
10312
10331
10334
10335
10336
10339
10340
10341
10342
10343
10345
10348
10357
10358
10359
10360
10364
10365
10368
10370
10377
10378
10379
10384
10386
10389
10390
10393
10394
10401
10402
10407
10408
10412
10415
10416
10418
10419
10420
10424
10426
10428
10435
10436
10441
10445
10446
10447
10451
10452
10456
10457
10458
10461
10463
10465
10468
10475
10476
10481
10484
10487
10489
10492
10494
10499
10501
10503
10505
10507
10512
10513
10516
10520
10523
10525
10528
10530
10532
10537
10538
10539
10544
10547
10550
10552
10553
10555
10556
10557
10559
10561
10564
10565
10568
10569
10574
10576
10579
10581
10583
10584
10585
10586
10588
10592
10593
10595
10598
10599
10600
10601
10605
10609
10614
10616
10617
10621
10625
10627
10628
10629
10630
10632
10633
10635
10639
10640
10641
10642
10643
10645
10647
10650
10657
10658
10659
10663
10664
10666
10669
10673
10676
10679
10681
10683
10687
10693
10698
10700
10701
10705
10706
10709
10716
10718
10719
10721
10723
10726
10728
10730
10733
10734
10735
10737
10738
10741
10743
10746
10748
10751
10757
10758
10761
10766
10768
10769
10771
10775
10778
10782
10783
10786
10787
10788
10789
10791
10792
10798
10800
10801
10802
10807
10809
10813
10818
10820
10823
10825
10826
10827
10832
10833
10834
10836
10840
10841
10842
10843
10844
10845
10846
10847
10849
10851
10852
10856
10860
10861
10864
10865
10866
10868
10871
10875
10877
10878
10879
10880
10884
10885
10892
10893
10894
10895
10898
10899
10903
10904
10905
10906
10908
10909
10910
10911
10913
10919
10924
10930
10933
10935
10939
10940
10944
10945
10948
10949
10950
10951
10954
10955
10956
10957
10958
10959
10961
10962
10964
10965
10966
10969
10974
10980
10981
10984
10985
10993
10999
11001
11002
11005
11008
11009
11011
11013
11014
11015
11016
11018
11019
11021
11024
11026
11027
11028
11030
11033
11034
11035
11040
11042
11051
11057
11060
11064
11073
11076
11078
11079
11080
11081
11082
11084
11085
11087
11090
11092
11093
11095
11096
11097
11102
11103
11104
11107
11108
11110
11111
11115
11116
11118
11119
11124
11125
11126
11127
11128
11129
11132
11133
11134
11136
11137
11138
11139
11140
11144
11145
11147
11150
11154
11157
11162
11163
11164
11165
11166
11178
11180
11181
