chr19	41769762	41770262	.	0	3
chr19	45681529	45682029	.	0	3
chr12	6647223	6647723	.	0	3
chr1	144533833	144534333	.	0	3
chr17	8076626	8077126	.	0	3
chr15	65588124	65588624	.	0	3
chr1	28974862	28975362	.	0	3
chr17	41445227	41445727	.	0	3
chr16	87863800	87864300	.	0	3
chr17	56736426	56736926	.	0	3
chr9	37465453	37465953	.	0	3
chr1	45285421	45285921	.	0	3
chr16	87866254	87866754	.	0	3
chr9	97317044	97317544	.	0	3
chr2	62932389	62932889	.	0	3
chr16	17177396	17177896	.	0	3
chr17	40540473	40540973	.	0	3
chr14	57272344	57272844	.	0	3
chr2	70141720	70142220	.	0	3
chr2	122288221	122288721	.	0	3
chr16	87864685	87865185	.	0	3
chr3	119421408	119421908	.	0	3
chr12	57856060	57856560	.	0	3
chr15	65596745	65597245	.	0	3
chr8	25316247	25316747	.	0	3
chr11	10373609	10374109	.	0	3
chr11	61732231	61732731	.	0	3
chr9	130158999	130159499	.	0	3
chr2	212631347	212631847	.	0	3
chr19	36606077	36606577	.	0	3
chr12	120729393	120729893	.	0	3
chr1	11969675	11970175	.	0	3
chr22	43010966	43011466	.	0	3
chr10	92685252	92685752	.	0	3
chr22	24237050	24237550	.	0	3
chr16	29690720	29691220	.	0	3
chr10	121446789	121447289	.	0	3
chr7	6543221	6543721	.	0	3
chr16	87865223	87865723	.	0	3
chr17	8280693	8281193	.	0	3
chr17	56595247	56595747	.	0	3
chr19	2375353	2375853	.	0	3
chr5	87083409	87083909	.	0	3
chr12	11761883	11762383	.	0	3
chr6	144279886	144280386	.	0	3
chr17	47785393	47785893	.	0	3
chr20	48185044	48185544	.	0	3
chr6	5003731	5004231	.	0	3
chr17	42617045	42617545	.	0	3
chr5	178986434	178986934	.	0	3
chr16	87865706	87866206	.	0	3
chr11	62623194	62623694	.	0	3
chr8	28259177	28259677	.	0	3
chr3	9885499	9885999	.	0	3
chr13	41635364	41635864	.	0	3
chr4	174255407	174255907	.	0	3
chr12	119527200	119527700	.	0	3
chr3	196260084	196260584	.	0	3
chr17	7108321	7108821	.	0	3
chr14	21994325	21994825	.	0	3
chr21	27370416	27370916	.	0	3
chr11	126138662	126139162	.	0	3
chr7	26232671	26233171	.	0	3
chr13	106752837	106753337	.	0	3
chr5	74632645	74633145	.	0	3
chr1	154928365	154928865	.	0	3
chr9	127533550	127534050	.	0	3
chr2	233915977	233916477	.	0	3
chr9	107755626	107756126	.	0	3
chr17	79477620	79478120	.	0	3
chr12	4134615	4135115	.	0	3
chr1	27191428	27191928	.	0	3
chr2	224482955	224483455	.	0	3
chr19	3968599	3969099	.	0	3
chr12	7052699	7053199	.	0	3
chr19	50000977	50001477	.	0	3
chr1	32409908	32410408	.	0	3
chr16	31191055	31191555	.	0	3
chr2	85186849	85187349	.	0	3
chr11	65264819	65265319	.	0	3
chr2	35401817	35402317	.	0	3
chr13	39959625	39960125	.	0	3
chr17	7589222	7589722	.	0	3
chr1	8923796	8924296	.	0	3
chr3	173950344	173950844	.	0	3
chr11	118782962	118783462	.	0	3
chr7	131290108	131290608	.	0	3
chr15	64992151	64992651	.	0	3
chr4	18692888	18693388	.	0	3
chr1	147735543	147736043	.	0	3
chrX	49165892	49166392	.	0	3
chr2	120770306	120770806	.	0	3
chr6	24721081	24721581	.	0	3
chr1	156391820	156392320	.	0	3
chr19	17443376	17443876	.	0	3
chr19	49004762	49005262	.	0	3
chr5	53314207	53314707	.	0	3
chr1	155214318	155214818	.	0	3
chr20	18268613	18269113	.	0	3
chr19	2983825	2984325	.	0	3
chr6	34499445	34499945	.	0	3
chr10	14227204	14227704	.	0	3
chr6	44221133	44221633	.	0	3
chr9	132096403	132096903	.	0	3
chr15	72491283	72491783	.	0	3
chr1	713874	714374	.	0	3
chr13	111367752	111368252	.	0	3
chr2	55360943	55361443	.	0	3
chr19	42927586	42928086	.	0	3
chr1	149859305	149859805	.	0	3
chr8	146017186	146017686	.	0	3
chr7	31505617	31506117	.	0	3
chr19	7571300	7571800	.	0	3
chr19	48836065	48836565	.	0	3
chr3	67039231	67039731	.	0	3
chr20	30296069	30296569	.	0	3
chr17	36607067	36607567	.	0	3
chr12	45827189	45827689	.	0	3
chr3	195533208	195533708	.	0	3
chr1	112298179	112298679	.	0	3
chr20	32156099	32156599	.	0	3
chr8	42698396	42698896	.	0	3
chr19	2950519	2951019	.	0	3
chr19	13130870	13131370	.	0	3
chr3	25197569	25198069	.	0	3
chr11	43701935	43702435	.	0	3
chr7	5566873	5567373	.	0	3
chr10	95205257	95205757	.	0	3
chr19	10044733	10045233	.	0	3
chr2	122512930	122513430	.	0	3
chr22	17679510	17680010	.	0	3
chr6	28303113	28303613	.	0	3
chr10	75910191	75910691	.	0	3
chr7	5568634	5569134	.	0	3
chr17	4848886	4849386	.	0	3
chr2	85133395	85133895	.	0	3
chr11	101982247	101982747	.	0	3
chr11	19453961	19454461	.	0	3
chr5	137673521	137674021	.	0	3
chr15	40615422	40615922	.	0	3
chr16	10647009	10647509	.	0	3
chr9	84304414	84304914	.	0	3
chr8	128822308	128822808	.	0	3
chr1	175891384	175891884	.	0	3
chr19	41076456	41076956	.	0	3
chr16	87871249	87871749	.	0	3
chr19	15333995	15334495	.	0	3
chr21	43916322	43916822	.	0	3
chr14	65722216	65722716	.	0	3
chr19	39894103	39894603	.	0	3
chr2	51259531	51260031	.	0	3
chr10	74020432	74020932	.	0	3
chr4	143356851	143357351	.	0	3
chr5	35338108	35338608	.	0	3
chr17	73851250	73851750	.	0	3
chr20	55311359	55311859	.	0	3
chr5	40834069	40834569	.	0	3
chr19	680705	681205	.	0	3
chr19	10764472	10764972	.	0	3
chr11	82867601	82868101	.	0	3
chr17	39684381	39684881	.	0	3
chr17	40575247	40575747	.	0	3
chr19	59084560	59085060	.	0	3
chr11	62476860	62477360	.	0	3
chr6	91296748	91297248	.	0	3
chr13	107448915	107449415	.	0	3
chr11	65627615	65628115	.	0	3
chr16	22646685	22647185	.	0	3
chr20	48782468	48782968	.	0	3
chr4	4860933	4861433	.	0	3
chr1	22778148	22778648	.	0	3
chr10	99446900	99447400	.	0	3
chr10	62537905	62538405	.	0	3
chr1	29062788	29063288	.	0	3
chr11	20048605	20049105	.	0	3
chr6	76703109	76703609	.	0	3
chr1	205417646	205418146	.	0	3
chr11	44692630	44693130	.	0	3
chr2	119601801	119602301	.	0	3
chr17	69028891	69029391	.	0	3
chr20	21695328	21695828	.	0	3
chr19	49866665	49867165	.	0	3
chr5	159587039	159587539	.	0	3
chr9	126625399	126625899	.	0	3
chr1	44011391	44011891	.	0	3
chr9	89469982	89470482	.	0	3
chr19	47363233	47363733	.	0	3
chr6	33172087	33172587	.	0	3
chr12	114025486	114025986	.	0	3
chr4	184019933	184020433	.	0	3
chr2	206948412	206948912	.	0	3
chr3	85007732	85008232	.	0	3
chr7	6523727	6524227	.	0	3
chr6	161694921	161695421	.	0	3
chr16	68271463	68271963	.	0	3
chr9	112080348	112080848	.	0	3
chr16	87872125	87872625	.	0	3
chr11	62572681	62573181	.	0	3
chr14	77647807	77648307	.	0	3
chr14	71276296	71276796	.	0	3
chr19	17873131	17873631	.	0	3
chr2	45017402	45017902	.	0	3
chr17	79476991	79477491	.	0	3
chr10	24540442	24540942	.	0	3
chr3	57164674	57165174	.	0	3
chr8	95565566	95566066	.	0	3
chr5	40834420	40834920	.	0	3
chr8	33370717	33371217	.	0	3
chr12	6646798	6647298	.	0	3
chr1	174992358	174992858	.	0	3
chr10	104964596	104965096	.	0	3
chr8	29945951	29946451	.	0	3
chr1	8920956	8921456	.	0	3
chr2	63815757	63816257	.	0	3
chrY	17536466	17536966	.	0	3
chr11	65374396	65374896	.	0	3
chr22	25392571	25393071	.	0	3
chr16	28935926	28936426	.	0	3
chr17	7165680	7166180	.	0	3
chr3	109056241	109056741	.	0	3
chr6	144294240	144294740	.	0	3
chr9	91925710	91926210	.	0	3
chr19	12476322	12476822	.	0	3
chr19	6476039	6476539	.	0	3
chr19	50002627	50003127	.	0	3
chr5	10353560	10354060	.	0	3
chr16	30689362	30689862	.	0	3
chr19	35738712	35739212	.	0	3
chr1	53896406	53896906	.	0	3
chr22	32750898	32751398	.	0	3
chr21	38311565	38312065	.	0	3
chr5	89854220	89854720	.	0	3
chr4	187169794	187170294	.	0	3
chr1	210547357	210547857	.	0	3
chr21	22162379	22162879	.	0	3
chr15	74214871	74215371	.	0	3
chr14	20811330	20811830	.	0	3
chr5	172192137	172192637	.	0	3
chr7	107573264	107573764	.	0	3
chr2	60758099	60758599	.	0	3
chr20	57485727	57486227	.	0	3
chr3	129147274	129147774	.	0	3
chr6	132272367	132272867	.	0	3
chr12	56836962	56837462	.	0	3
chr15	75531797	75532297	.	0	3
chr19	54098338	54098838	.	0	3
chr3	49498967	49499467	.	0	3
chr15	93443262	93443762	.	0	3
chr1	36235418	36235918	.	0	3
chr1	36615012	36615512	.	0	3
chr17	37845173	37845673	.	0	3
chr1	9774325	9774825	.	0	3
chr10	72730523	72731023	.	0	3
chr16	88354867	88355367	.	0	3
chr3	112021940	112022440	.	0	3
chr2	153309581	153310081	.	0	3
chr2	225298167	225298667	.	0	3
chr7	100937341	100937841	.	0	3
chr6	143206287	143206787	.	0	3
chr2	180414902	180415402	.	0	3
chr11	62319165	62319665	.	0	3
chr4	38754591	38755091	.	0	3
chr1	54953908	54954408	.	0	3
chr11	65622286	65622786	.	0	3
chr6	22222674	22223174	.	0	3
chr11	73490389	73490889	.	0	3
chr11	58941582	58942082	.	0	3
chr8	89100585	89101085	.	0	3
chr17	7184658	7185158	.	0	3
chr19	50268714	50269214	.	0	3
chr3	184279121	184279621	.	0	3
chr12	54745926	54746426	.	0	3
chr19	36545492	36545992	.	0	3
chr22	24236443	24236943	.	0	3
chr19	46273756	46274256	.	0	3
chr7	46184954	46185454	.	0	3
chr1	24018916	24019416	.	0	3
chrX	68835439	68835939	.	0	3
chr12	70326882	70327382	.	0	3
chr1	32903618	32904118	.	0	3
chr5	156341035	156341535	.	0	3
chr22	44543701	44544201	.	0	3
chr6	44219638	44220138	.	0	3
chr12	49521480	49521980	.	0	3
chr19	41945625	41946125	.	0	3
chr1	40723513	40724013	.	0	3
chr5	180288250	180288750	.	0	3
chr11	89867494	89867994	.	0	3
chr6	57288312	57288812	.	0	3
chr11	94964382	94964882	.	0	3
chrX	47518523	47519023	.	0	3
chr6	126660987	126661487	.	0	3
chr19	41312585	41313085	.	0	3
chr21	45905016	45905516	.	0	3
chr14	87616230	87616730	.	0	3
chr11	12886174	12886674	.	0	3
chr12	31881814	31882314	.	0	3
chr8	22721893	22722393	.	0	3
chr20	49487243	49487743	.	0	3
chr19	3981139	3981639	.	0	3
chr6	139634839	139635339	.	0	3
chr6	139688885	139689385	.	0	3
chr17	2250977	2251477	.	0	3
chr17	40829870	40830370	.	0	3
chr14	21995112	21995612	.	0	3
chr16	58528958	58529458	.	0	3
chr17	36719999	36720499	.	0	3
chr4	3874550	3875050	.	0	3
chr1	22110086	22110586	.	0	3
chr16	3333074	3333574	.	0	3
chr9	131038185	131038685	.	0	3
chr17	58679226	58679726	.	0	3
chr20	62612183	62612683	.	0	3
chr19	19887064	19887564	.	0	3
chr9	131218028	131218528	.	0	3
chr12	122277281	122277781	.	0	3
chr16	87873133	87873633	.	0	3
chr5	135538483	135538983	.	0	3
chr10	75725824	75726324	.	0	3
chr5	162887288	162887788	.	0	3
chr12	6646076	6646576	.	0	3
chr7	4079600	4080100	.	0	3
chr22	48765699	48766199	.	0	3
chr19	55972305	55972805	.	0	3
chr1	46153540	46154040	.	0	3
chr9	131486265	131486765	.	0	3
chr2	222332987	222333487	.	0	3
chr11	861951	862451	.	0	3
chr14	76097439	76097939	.	0	3
chr12	89746182	89746682	.	0	3
chr17	42263945	42264445	.	0	3
chr19	46804035	46804535	.	0	3
chr12	120851800	120852300	.	0	3
chr2	178596132	178596632	.	0	3
chr17	42733329	42733829	.	0	3
chr8	10873724	10874224	.	0	3
chr3	46615687	46616187	.	0	3
chr8	101724721	101725221	.	0	3
chr14	24583653	24584153	.	0	3
chrX	2375774	2376274	.	0	3
chr3	84886125	84886625	.	0	3
chr11	33182894	33183394	.	0	3
chr12	14094123	14094623	.	0	3
chr2	225450179	225450679	.	0	3
chr3	39192353	39192853	.	0	3
chr12	6979385	6979885	.	0	3
chr5	158384984	158385484	.	0	3
chr19	46180572	46181072	.	0	3
chr3	171110835	171111335	.	0	3
chr14	21149514	21150014	.	0	3
chr12	53764990	53765490	.	0	3
chr9	28970243	28970743	.	0	3
chr9	137029720	137030220	.	0	3
chr14	44341395	44341895	.	0	3
chr5	173344867	173345367	.	0	3
chr19	54402107	54402607	.	0	3
chr1	2542358	2542858	.	0	3
chr10	14879857	14880357	.	0	3
chr1	23697266	23697766	.	0	3
chr11	7041446	7041946	.	0	3
chr16	29874478	29874978	.	0	3
chr1	145455363	145455863	.	0	3
chr14	64108917	64109417	.	0	3
chr1	23882359	23882859	.	0	3
chr1	192777860	192778360	.	0	3
chr9	131965003	131965503	.	0	3
chr10	73895877	73896377	.	0	3
chr6	27841101	27841601	.	0	3
chr10	96305165	96305665	.	0	3
chr2	219433259	219433759	.	0	3
chr19	42364858	42365358	.	0	3
chr15	90669880	90670380	.	0	3
chr9	125937065	125937565	.	0	3
chr19	39923712	39924212	.	0	3
chr5	45205511	45206011	.	0	3
chr17	4900713	4901213	.	0	3
chr2	17484705	17485205	.	0	3
chrX	40028486	40028986	.	0	3
chr4	25995227	25995727	.	0	3
chr20	3780054	3780554	.	0	3
chr1	232246355	232246855	.	0	3
chr4	154711307	154711807	.	0	3
chr3	149086667	149087167	.	0	3
chr7	75509012	75509512	.	0	3
chr4	73433450	73433950	.	0	3
chr1	16160673	16161173	.	0	3
chrX	1510856	1511356	.	0	3
chr3	49141992	49142492	.	0	3
chr1	28832321	28832821	.	0	3
chr3	142585657	142586157	.	0	3
chr6	2989807	2990307	.	0	3
chr7	26904116	26904616	.	0	3
chr20	47894947	47895447	.	0	3
chr6	44217985	44218485	.	0	3
chr4	184425512	184426012	.	0	3
chr5	125704084	125704584	.	0	3
chr2	27651134	27651634	.	0	3
chr5	82204	82704	.	0	3
chr9	100981166	100981666	.	0	3
chr7	142404597	142405097	.	0	3
chr15	50716290	50716790	.	0	3
chr19	45583115	45583615	.	0	3
chr2	149335607	149336107	.	0	3
chrX	48858555	48859055	.	0	3
chrX	68066345	68066845	.	0	3
chr2	172172751	172173251	.	0	3
chr10	81359356	81359856	.	0	3
chr14	100130424	100130924	.	0	3
chr5	93697841	93698341	.	0	3
chr6	134273960	134274460	.	0	3
chr2	47387280	47387780	.	0	3
chr14	91108472	91108972	.	0	3
chr1	155830194	155830694	.	0	3
chr9	130116172	130116672	.	0	3
chr6	26421354	26421854	.	0	3
chr8	22461883	22462383	.	0	3
chr20	32699934	32700434	.	0	3
chr12	123450949	123451449	.	0	3
chr12	6982370	6982870	.	0	3
chr1	175834269	175834769	.	0	3
chr2	86668011	86668511	.	0	3
chr21	35320179	35320679	.	0	3
chr1	161135901	161136401	.	0	3
chr19	7939412	7939912	.	0	3
chr11	75111548	75112048	.	0	3
chr11	94383042	94383542	.	0	3
chr12	56510105	56510605	.	0	3
chrX	119077508	119078008	.	0	3
chr11	46360583	46361083	.	0	3
chr12	124998017	124998517	.	0	3
chr9	131127099	131127599	.	0	3
chr6	64282036	64282536	.	0	3
chr17	61926159	61926659	.	0	3
chr19	12175242	12175742	.	0	3
chr9	97392989	97393489	.	0	3
chr5	153900449	153900949	.	0	3
chr2	112463327	112463827	.	0	3
chr7	139026247	139026747	.	0	3
chr16	30759221	30759721	.	0	3
chr4	42296351	42296851	.	0	3
chr1	32110377	32110877	.	0	3
chr13	41254686	41255186	.	0	3
chr15	70432812	70433312	.	0	3
chr7	105413322	105413822	.	0	3
chr11	122930214	122930714	.	0	3
chr6	33085725	33086225	.	0	3
chr3	66551519	66552019	.	0	3
chr7	7679967	7680467	.	0	3
chr1	45196592	45197092	.	0	3
chr17	79478745	79479245	.	0	3
chr1	19229138	19229638	.	0	3
chr6	32920733	32921233	.	0	3
chr1	156470401	156470901	.	0	3
chr11	44338412	44338912	.	0	3
chr8	145701082	145701582	.	0	3
chr5	79789244	79789744	.	0	3
chr1	1850661	1851161	.	0	3
chr8	103424889	103425389	.	0	3
chr7	23510088	23510588	.	0	3
chr16	4357645	4358145	.	0	3
chr8	126398970	126399470	.	0	3
chr16	29720146	29720646	.	0	3
chr11	46022885	46023385	.	0	3
chr8	38369814	38370314	.	0	3
chr9	116303451	116303951	.	0	3
chr17	46132976	46133476	.	0	3
chr20	22436744	22437244	.	0	3
chr10	32048993	32049493	.	0	3
chr13	107511189	107511689	.	0	3
chr19	33667827	33668327	.	0	3
chr7	7221771	7222271	.	0	3
chr19	17687587	17688087	.	0	3
chr1	154909459	154909959	.	0	3
chr11	65626637	65627137	.	0	3
chr19	10402889	10403389	.	0	3
chr1	45792270	45792770	.	0	3
chr3	133979774	133980274	.	0	3
chr9	74581474	74581974	.	0	3
chr6	33359262	33359762	.	0	3
chr17	43224991	43225491	.	0	3
chr9	15552881	15553381	.	0	3
chr10	88631494	88631994	.	0	3
chr20	5107043	5107543	.	0	3
chr8	638126	638626	.	0	3
chr4	39529024	39529524	.	0	3
chr1	114447518	114448018	.	0	3
chr21	43512152	43512652	.	0	3
chr20	23338590	23339090	.	0	3
chr1	145092414	145092914	.	0	3
chr2	55646789	55647289	.	0	3
chr15	63145935	63146435	.	0	3
chr11	63438985	63439485	.	0	3
chr11	108464281	108464781	.	0	3
chr1	29651203	29651703	.	0	3
chr10	123650617	123651117	.	0	3
chr2	25194388	25194888	.	0	3
chr19	1440163	1440663	.	0	3
chr10	99313331	99313831	.	0	3
chr14	69259987	69260487	.	0	3
chr16	78001078	78001578	.	0	3
chr4	128802243	128802743	.	0	3
chr20	30160505	30161005	.	0	3
chr12	7282655	7283155	.	0	3
chr9	139916437	139916937	.	0	3
chr1	182879253	182879753	.	0	3
chr1	90460336	90460836	.	0	3
chr5	171435595	171436095	.	0	3
chr8	141468051	141468551	.	0	3
chr15	57679847	57680347	.	0	3
chr2	38978375	38978875	.	0	3
chr19	11039199	11039699	.	0	3
chr19	40948943	40949443	.	0	3
chr1	158976193	158976693	.	0	3
chr4	74850945	74851445	.	0	3
chr17	27359676	27360176	.	0	3
chr6	52720953	52721453	.	0	3
chr17	7530998	7531498	.	0	3
chr6	98487644	98488144	.	0	3
chr19	7738863	7739363	.	0	3
chr19	5904403	5904903	.	0	3
chr6	32977219	32977719	.	0	3
chr10	17279134	17279634	.	0	3
chr7	26235828	26236328	.	0	3
chr11	62525345	62525845	.	0	3
chr14	64357915	64358415	.	0	3
chr13	103497857	103498357	.	0	3
chr4	123717926	123718426	.	0	3
chr5	117084115	117084615	.	0	3
chr1	159915677	159916177	.	0	3
chr20	35323819	35324319	.	0	3
chr8	112162900	112163400	.	0	3
chr7	96622470	96622970	.	0	3
chr9	122203559	122204059	.	0	3
chr10	79795067	79795567	.	0	3
chr6	30875563	30876063	.	0	3
chr2	220118485	220118985	.	0	3
chr19	6476515	6477015	.	0	3
chr9	14722668	14723168	.	0	3
chr5	85913562	85914062	.	0	3
chr1	202779665	202780165	.	0	3
chr8	72628354	72628854	.	0	3
chr19	12267320	12267820	.	0	3
chr7	150755040	150755540	.	0	3
chr12	4243464	4243964	.	0	3
chr19	10305434	10305934	.	0	3
chr10	553038	553538	.	0	3
chr12	6324274	6324774	.	0	3
chr19	14516734	14517234	.	0	3
chr11	62320557	62321057	.	0	3
chr7	99774784	99775284	.	0	3
chrX	1571768	1572268	.	0	3
chr8	128879339	128879839	.	0	3
chrX	2375186	2375686	.	0	3
chr14	34407272	34407772	.	0	3
chrX	100352827	100353327	.	0	3
chr13	52158266	52158766	.	0	3
chr9	727790	728290	.	0	3
chr21	35402286	35402786	.	0	3
chr3	16524509	16525009	.	0	3
chr15	68549387	68549887	.	0	3
chr18	3247422	3247922	.	0	3
chr17	37852279	37852779	.	0	3
chr22	35772834	35773334	.	0	3
chr1	221342773	221343273	.	0	3
chr13	107448540	107449040	.	0	3
chrX	53111091	53111591	.	0	3
chr10	103985721	103986221	.	0	3
chr9	36163129	36163629	.	0	3
chr2	224809902	224810402	.	0	3
chr9	12856547	12857047	.	0	3
chr7	29229299	29229799	.	0	3
chrX	2370146	2370646	.	0	3
chr19	12791914	12792414	.	0	3
chr17	7387399	7387899	.	0	3
chr17	27073869	27074369	.	0	3
chr6	42018316	42018816	.	0	3
chr12	57030537	57031037	.	0	3
chr3	23754299	23754799	.	0	3
chr2	147932467	147932967	.	0	3
chr2	64631320	64631820	.	0	3
chr19	48823779	48824279	.	0	3
chr2	120301540	120302040	.	0	3
chr1	246598830	246599330	.	0	3
chr11	120107128	120107628	.	0	3
chr2	163200373	163200873	.	0	3
chr5	98099000	98099500	.	0	3
chr7	70359236	70359736	.	0	3
chr5	149878003	149878503	.	0	3
chr17	37886578	37887078	.	0	3
chr4	8050985	8051485	.	0	3
chr13	27825343	27825843	.	0	3
chr18	52055761	52056261	.	0	3
chr19	41869881	41870381	.	0	3
chr3	39192799	39193299	.	0	3
chr3	132101123	132101623	.	0	3
chr17	2777389	2777889	.	0	3
chr20	328327	328827	.	0	3
chr3	62664473	62664973	.	0	3
chr6	24980977	24981477	.	0	3
chr11	119252172	119252672	.	0	3
chr5	171050598	171051098	.	0	3
chr10	5454232	5454732	.	0	3
chr7	142984916	142985416	.	0	3
chrX	130964829	130965329	.	0	3
chr7	26237047	26237547	.	0	3
chr19	49649289	49649789	.	0	3
chr13	50017924	50018424	.	0	3
chr11	73587720	73588220	.	0	3
chr19	17404759	17405259	.	0	3
chr1	218667844	218668344	.	0	3
chr19	50380402	50380902	.	0	3
chr6	110265630	110266130	.	0	3
chr17	37844056	37844556	.	0	3
chr17	17743319	17743819	.	0	3
chr1	145470147	145470647	.	0	3
chr10	119303872	119304372	.	0	3
chr22	23572461	23572961	.	0	3
chr10	114658403	114658903	.	0	3
chr12	104680438	104680938	.	0	3
chr1	53791779	53792279	.	0	3
chr7	93610694	93611194	.	0	3
chr3	169939774	169940274	.	0	3
chr5	170814643	170815143	.	0	3
chr1	159888182	159888682	.	0	3
chr19	49864666	49865166	.	0	3
chr11	113720424	113720924	.	0	3
chr3	62401020	62401520	.	0	3
chr20	31367308	31367808	.	0	3
chr6	157973300	157973800	.	0	3
chr1	118727588	118728088	.	0	3
chrX	48776174	48776674	.	0	3
chr12	53618198	53618698	.	0	3
chr20	44563662	44564162	.	0	3
chr5	16742138	16742638	.	0	3
chr19	8213433	8213933	.	0	3
chr19	48018385	48018885	.	0	3
chr1	211848752	211849252	.	0	3
chr20	34042684	34043184	.	0	3
chr19	36207650	36208150	.	0	3
chr19	13278251	13278751	.	0	3
chr11	124616335	124616835	.	0	3
chr17	39968722	39969222	.	0	3
chr3	49756892	49757392	.	0	3
chr9	129427278	129427778	.	0	3
chr3	50273155	50273655	.	0	3
chr7	156377953	156378453	.	0	3
chr10	126158512	126159012	.	0	3
chr13	41225938	41226438	.	0	3
chr1	234896021	234896521	.	0	3
chr5	74351616	74352116	.	0	3
chr14	24640880	24641380	.	0	3
chr4	6674861	6675361	.	0	3
chr19	13227345	13227845	.	0	3
chr17	32581673	32582173	.	0	3
chr7	41848120	41848620	.	0	3
chr9	107730827	107731327	.	0	3
chr18	29405779	29406279	.	0	3
chr13	100339177	100339677	.	0	3
chr12	111374053	111374553	.	0	3
chr5	145315886	145316386	.	0	3
chr17	56415333	56415833	.	0	3
chr20	414902	415402	.	0	3
chr18	58471566	58472066	.	0	3
chr3	86940101	86940601	.	0	3
chr11	57545902	57546402	.	0	3
chr5	139125617	139126117	.	0	3
chr18	3603431	3603931	.	0	3
chr7	21209179	21209679	.	0	3
chr18	61940833	61941333	.	0	3
chr13	21687865	21688365	.	0	3
chr13	114563464	114563964	.	0	3
chr11	47290629	47291129	.	0	3
chr20	49347576	49348076	.	0	3
chr15	71679076	71679576	.	0	3
chr19	48995984	48996484	.	0	3
chr20	57417968	57418468	.	0	3
chr1	161275882	161276382	.	0	3
chr1	150241305	150241805	.	0	3
chr16	75150484	75150984	.	0	3
chr16	21964312	21964812	.	0	3
chr7	151451196	151451696	.	0	3
chr19	3572472	3572972	.	0	3
chr6	10722897	10723397	.	0	3
chr18	57026508	57027008	.	0	3
chr4	148605067	148605567	.	0	3
chr9	33001397	33001897	.	0	3
chr11	61739204	61739704	.	0	3
chr7	31807504	31808004	.	0	3
chr10	71712436	71712936	.	0	3
chr20	57478485	57478985	.	0	3
chr12	121124096	121124596	.	0	3
chr17	56160219	56160719	.	0	3
chr15	44083915	44084415	.	0	3
chr5	112824053	112824553	.	0	3
chr9	83015699	83016199	.	0	3
chr1	201706660	201707160	.	0	3
chr19	47746166	47746666	.	0	3
chr17	62502158	62502658	.	0	3
chr19	49436664	49437164	.	0	3
chr16	89627277	89627777	.	0	3
chr8	93977596	93978096	.	0	3
chr7	5567936	5568436	.	0	3
chr6	26596925	26597425	.	0	3
chr22	41487358	41487858	.	0	3
chr5	175964732	175965232	.	0	3
chr6	37093558	37094058	.	0	3
chr18	29672298	29672798	.	0	3
chr12	121366919	121367419	.	0	3
chr17	46180256	46180756	.	0	3
chr16	70461955	70462455	.	0	3
chr12	119772170	119772670	.	0	3
chr4	39636585	39637085	.	0	3
chr17	72357888	72358388	.	0	3
chr4	151970705	151971205	.	0	3
chr1	156643398	156643898	.	0	3
chr15	43802842	43803342	.	0	3
chr9	27573557	27574057	.	0	3
chr1	238126255	238126755	.	0	3
chr19	2041881	2042381	.	0	3
chr1	89239928	89240428	.	0	3
chr12	58146132	58146632	.	0	3
chr8	35234771	35235271	.	0	3
chr1	151512525	151513025	.	0	3
chr19	32896368	32896868	.	0	3
chr10	90462860	90463360	.	0	3
chr1	151319222	151319722	.	0	3
chr12	133402162	133402662	.	0	3
chr4	189897727	189898227	.	0	3
chr17	74722518	74723018	.	0	3
chr2	65664879	65665379	.	0	3
chrX	119005656	119006156	.	0	3
chr6	31509556	31510056	.	0	3
chr14	96701740	96702240	.	0	3
chr17	79801615	79802115	.	0	3
chr3	79374982	79375482	.	0	3
chr12	81077838	81078338	.	0	3
chr16	85767318	85767818	.	0	3
chr19	7984912	7985412	.	0	3
chr13	21900720	21901220	.	0	3
chr13	46709214	46709714	.	0	3
chr17	21002099	21002599	.	0	3
chr3	50301889	50302389	.	0	3
chr1	203595609	203596109	.	0	3
chr17	4849780	4850280	.	0	3
chr19	23257758	23258258	.	0	3
chr5	77254420	77254920	.	0	3
chr6	170863059	170863559	.	0	3
chr19	13050900	13051400	.	0	3
chr1	3566477	3566977	.	0	3
chr5	102201106	102201606	.	0	3
chr16	18812792	18813292	.	0	3
chr20	60951390	60951890	.	0	3
chr12	48298847	48299347	.	0	3
chr17	5322858	5323358	.	0	3
chr19	13928831	13929331	.	0	3
chr19	13957805	13958305	.	0	3
chr19	46031891	46032391	.	0	3
chr16	81110654	81111154	.	0	3
chr6	26043867	26044367	.	0	3
chr17	55543449	55543949	.	0	3
chr11	85339314	85339814	.	0	3
chr2	129948949	129949449	.	0	3
chr1	113243184	113243684	.	0	3
chr22	39713319	39713819	.	0	3
chr2	60782881	60783381	.	0	3
chr17	28926750	28927250	.	0	3
chr19	11804522	11805022	.	0	3
chr11	112483008	112483508	.	0	3
chr20	43364849	43365349	.	0	3
chr12	56709580	56710080	.	0	3
chr3	124839677	124840177	.	0	3
chr8	17941508	17942008	.	0	3
chr14	23451798	23452298	.	0	3
chr10	112327087	112327587	.	0	3
chr10	65263771	65264271	.	0	3
chr13	100740993	100741493	.	0	3
chr19	17952481	17952981	.	0	3
chr19	49375430	49375930	.	0	3
chr19	56116433	56116933	.	0	3
chr8	145980754	145981254	.	0	3
chr1	161283811	161284311	.	0	3
chr2	150444562	150445062	.	0	3
chr19	36618578	36619078	.	0	3
chr9	98314975	98315475	.	0	3
chr7	105416389	105416889	.	0	3
chr21	33102897	33103397	.	0	3
chr10	73808154	73808654	.	0	3
chr7	82389394	82389894	.	0	3
chr3	49066540	49067040	.	0	3
chrX	10723441	10723941	.	0	3
chr18	56179431	56179931	.	0	3
chr7	96631158	96631658	.	0	3
chr13	95648655	95649155	.	0	3
chr17	74733880	74734380	.	0	3
chr1	45244094	45244594	.	0	3
chr5	142081423	142081923	.	0	3
chr6	158889005	158889505	.	0	3
chr20	32890971	32891471	.	0	3
chr10	65389178	65389678	.	0	3
chr17	38225105	38225605	.	0	3
chr12	44975566	44976066	.	0	3
chr4	47487010	47487510	.	0	3
chr11	63686613	63687113	.	0	3
chr1	165600256	165600756	.	0	3
chr6	107780601	107781101	.	0	3
chr9	107900611	107901111	.	0	3
chr7	5465042	5465542	.	0	3
chr10	114592285	114592785	.	0	3
chr6	50788445	50788945	.	0	3
chr12	58230595	58231095	.	0	3
chrX	91525853	91526353	.	0	3
chr19	58545071	58545571	.	0	3
chr6	10415301	10415801	.	0	3
chr2	137267727	137268227	.	0	3
chr7	12133851	12134351	.	0	3
chr8	133152812	133153312	.	0	3
chr12	70290474	70290974	.	0	3
chr17	38109465	38109965	.	0	3
chr5	150875657	150876157	.	0	3
chr6	10392044	10392544	.	0	3
chr9	14424248	14424748	.	0	3
chr12	3193769	3194269	.	0	3
chr15	60639482	60639982	.	0	3
chr2	62582242	62582742	.	0	3
chr3	33173145	33173645	.	0	3
chr7	73698917	73699417	.	0	3
chr19	3975878	3976378	.	0	3
chr2	165924523	165925023	.	0	3
chr16	24494164	24494664	.	0	3
chr19	58951427	58951927	.	0	3
chr22	26985959	26986459	.	0	3
chr4	174256204	174256704	.	0	3
chr7	5596038	5596538	.	0	3
chr3	193853533	193854033	.	0	3
chr15	72535077	72535577	.	0	3
chr11	94390081	94390581	.	0	3
chr20	35213829	35214329	.	0	3
chr8	20292877	20293377	.	0	3
chrX	96565254	96565754	.	0	3
chr19	6587163	6587663	.	0	3
chr7	99101990	99102490	.	0	3
chr15	68569839	68570339	.	0	3
chr14	62221884	62222384	.	0	3
chr16	81763678	81764178	.	0	3
chr19	50252543	50253043	.	0	3
chr3	42003741	42004241	.	0	3
chr1	51888954	51889454	.	0	3
chr1	110419861	110420361	.	0	3
chr7	100270945	100271445	.	0	3
chr7	139025770	139026270	.	0	3
chr19	46320290	46320790	.	0	3
chr14	44342410	44342910	.	0	3
chr3	193310614	193311114	.	0	3
chr12	9102158	9102658	.	0	3
chr19	54285873	54286373	.	0	3
chr3	12883091	12883591	.	0	3
chr4	103749161	103749661	.	0	3
chr9	15307138	15307638	.	0	3
chr5	141228495	141228995	.	0	3
chr19	7197147	7197647	.	0	3
chr1	113247589	113248089	.	0	3
chr16	49622872	49623372	.	0	3
chr13	99136421	99136921	.	0	3
chr3	61673797	61674297	.	0	3
chr18	9912255	9912755	.	0	3
chr5	167153563	167154063	.	0	3
chr18	53249476	53249976	.	0	3
chr7	137854096	137854596	.	0	3
chr15	31618500	31619000	.	0	3
chr1	33220549	33221049	.	0	3
chr2	176032920	176033420	.	0	3
chr20	277853	278353	.	0	3
chr1	218633226	218633726	.	0	3
chr17	72772171	72772671	.	0	3
chr1	6664202	6664702	.	0	3
chr10	134148806	134149306	.	0	3
chr17	46237829	46238329	.	0	3
chr5	161494974	161495474	.	0	3
chr1	8086168	8086668	.	0	3
chr17	21030017	21030517	.	0	3
chr7	64733936	64734436	.	0	3
chr12	115107589	115108089	.	0	3
chr5	40835180	40835680	.	0	3
chr6	28048465	28048965	.	0	3
chr5	123996932	123997432	.	0	3
chr2	222890476	222890976	.	0	3
chr6	1607720	1608220	.	0	3
chr16	31153469	31153969	.	0	3
chr20	47342044	47342544	.	0	3
chr15	67175537	67176037	.	0	3
chr3	147095623	147096123	.	0	3
chr11	65267769	65268269	.	0	3
chr11	73694146	73694646	.	0	3
chr7	25799151	25799651	.	0	3
chr15	78799500	78800000	.	0	3
chr5	45060749	45061249	.	0	3
chr13	113366018	113366518	.	0	3
chr15	41523149	41523649	.	0	3
chr1	153506951	153507451	.	0	3
chr21	44343977	44344477	.	0	3
chr19	7069101	7069601	.	0	3
chr9	74278094	74278594	.	0	3
chr19	13936626	13937126	.	0	3
chr18	32820705	32821205	.	0	3
chr4	114070007	114070507	.	0	3
chr2	122562474	122562974	.	0	3
chr6	159065615	159066115	.	0	3
chr1	96468700	96469200	.	0	3
chr3	142720111	142720611	.	0	3
chr2	200332137	200332637	.	0	3
chr19	46009571	46010071	.	0	3
chr10	22040307	22040807	.	0	3
chr10	124635599	124636099	.	0	3
chr1	17914098	17914598	.	0	3
chr10	104474060	104474560	.	0	3
chr8	144911343	144911843	.	0	3
chr5	9222415	9222915	.	0	3
chr9	6080192	6080692	.	0	3
chr2	217363266	217363766	.	0	3
chr19	38864885	38865385	.	0	3
chr4	176922173	176922673	.	0	3
chr3	197676716	197677216	.	0	3
chr9	86535470	86535970	.	0	3
chr1	113584742	113585242	.	0	3
chr19	18456913	18457413	.	0	3
chr11	23511997	23512497	.	0	3
chr5	52967254	52967754	.	0	3
chr16	6911024	6911524	.	0	3
chr2	131099650	131100150	.	0	3
chr1	23695152	23695652	.	0	3
chr10	54663230	54663730	.	0	3
chr4	21598108	21598608	.	0	3
chr1	159111341	159111841	.	0	3
chr2	8723840	8724340	.	0	3
chr12	7013706	7014206	.	0	3
chr4	41341727	41342227	.	0	3
chr19	36360617	36361117	.	0	3
chr5	35991348	35991848	.	0	3
chr12	112035046	112035546	.	0	3
chr8	841502	842002	.	0	3
chr14	31889643	31890143	.	0	3
chr11	66181580	66182080	.	0	3
chr9	125702900	125703400	.	0	3
chr7	127808687	127809187	.	0	3
chr3	112359919	112360419	.	0	3
chr6	31783008	31783508	.	0	3
chr15	92703459	92703959	.	0	3
chr5	60627298	60627798	.	0	3
chr19	11545850	11546350	.	0	3
chr2	47464927	47465427	.	0	3
chr16	3314402	3314902	.	0	3
chr17	27295564	27296064	.	0	3
chr13	45913974	45914474	.	0	3
chr15	80211969	80212469	.	0	3
chr19	39156672	39157172	.	0	3
chr7	4814968	4815468	.	0	3
chr17	42147873	42148373	.	0	3
chr19	31909894	31910394	.	0	3
chr3	180630090	180630590	.	0	3
chr19	11592725	11593225	.	0	3
chr1	156713761	156714261	.	0	3
chr12	72057633	72058133	.	0	3
chr3	124426368	124426868	.	0	3
chr5	165857708	165858208	.	0	3
chr1	226708205	226708705	.	0	3
chr7	7250174	7250674	.	0	3
chr12	69863814	69864314	.	0	3
chr9	107648241	107648741	.	0	3
chr16	28985776	28986276	.	0	3
chr8	103823019	103823519	.	0	3
chr16	85268179	85268679	.	0	3
chr2	74734634	74735134	.	0	3
chr2	222917489	222917989	.	0	3
chr13	46038623	46039123	.	0	3
chr1	8520094	8520594	.	0	3
chr3	51533967	51534467	.	0	3
chr1	205718421	205718921	.	0	3
chr17	79068538	79069038	.	0	3
chr1	161015537	161016037	.	0	3
chr7	1458023	1458523	.	0	3
chr14	36973902	36974402	.	0	3
chr1	43428313	43428813	.	0	3
chr2	231767282	231767782	.	0	3
chr4	24586072	24586572	.	0	3
chr1	156474946	156475446	.	0	3
chr15	80351649	80352149	.	0	3
chr1	155178264	155178764	.	0	3
chr6	108615873	108616373	.	0	3
chr3	150524109	150524609	.	0	3
chr6	18186173	18186673	.	0	3
chr16	27338282	27338782	.	0	3
chr19	18390314	18390814	.	0	3
chr19	583173	583673	.	0	3
chr4	43148163	43148663	.	0	3
chr8	65285510	65286010	.	0	3
chr11	6344495	6344995	.	0	3
chr11	20408759	20409259	.	0	3
chr17	74733218	74733718	.	0	3
chr10	95550179	95550679	.	0	3
chr6	132834056	132834556	.	0	3
chr17	25671987	25672487	.	0	3
chr1	2179679	2180179	.	0	3
chr10	63808847	63809347	.	0	3
chr17	77770791	77771291	.	0	3
chr5	50688613	50689113	.	0	3
chr8	101679691	101680191	.	0	3
chr2	175636513	175637013	.	0	3
chr15	41624748	41625248	.	0	3
chr6	33167763	33168263	.	0	3
chr1	45272857	45273357	.	0	3
chr11	107991941	107992441	.	0	3
chr1	1980772	1981272	.	0	3
chr19	45250613	45251113	.	0	3
chr22	37584157	37584657	.	0	3
chr2	145652353	145652853	.	0	3
chr4	87404054	87404554	.	0	3
chr17	43324768	43325268	.	0	3
chr12	54369219	54369719	.	0	3
chr19	5352295	5352795	.	0	3
chr10	98069597	98070097	.	0	3
chr15	49338591	49339091	.	0	3
chr16	3174019	3174519	.	0	3
chr9	126767576	126768076	.	0	3
chr10	13391624	13392124	.	0	3
chr15	90605174	90605674	.	0	3
chr20	6889325	6889825	.	0	3
chr1	213405164	213405664	.	0	3
chr1	161102712	161103212	.	0	3
chr21	33031691	33032191	.	0	3
chr3	88961395	88961895	.	0	3
chr4	149703337	149703837	.	0	3
chr12	10063593	10064093	.	0	3
chr7	100293240	100293740	.	0	3
chr19	39893210	39893710	.	0	3
chr16	70472977	70473477	.	0	3
chr2	219260762	219261262	.	0	3
chr15	76628681	76629181	.	0	3
chr8	90769432	90769932	.	0	3
chr17	58042043	58042543	.	0	3
chr6	35309944	35310444	.	0	3
chr11	47600244	47600744	.	0	3
chr4	42659167	42659667	.	0	3
chr22	39928719	39929219	.	0	3
chrX	2043900	2044400	.	0	3
chr3	104875826	104876326	.	0	3
chr4	2243938	2244438	.	0	3
chr2	211042480	211042980	.	0	3
chr9	140561224	140561724	.	0	3
chr22	39758196	39758696	.	0	3
chr17	37009067	37009567	.	0	3
chr3	197281576	197282076	.	0	3
chr18	56514887	56515387	.	0	3
chr1	144533429	144533929	.	0	3
chr11	88041667	88042167	.	0	3
chr6	28853431	28853931	.	0	3
chr1	197783337	197783837	.	0	3
chr3	123033854	123034354	.	0	3
chr6	42858395	42858895	.	0	3
chr19	10989653	10990153	.	0	3
chr10	77909932	77910432	.	0	3
chr16	31484024	31484524	.	0	3
chr6	33547840	33548340	.	0	3
chr2	242641112	242641612	.	0	3
chr5	167761168	167761668	.	0	3
chr15	79165731	79166231	.	0	3
chr2	88323874	88324374	.	0	3
chr4	69215554	69216054	.	0	3
chr7	8261180	8261680	.	0	3
chr2	63842172	63842672	.	0	3
chr17	42030243	42030743	.	0	3
chr3	149848170	149848670	.	0	3
chr14	77552574	77553074	.	0	3
chr6	153603574	153604074	.	0	3
chr4	41434819	41435319	.	0	3
chrX	1324138	1324638	.	0	3
chr3	54855171	54855671	.	0	3
chr4	113557874	113558374	.	0	3
chr2	51230879	51231379	.	0	3
chr1	32797883	32798383	.	0	3
chr9	139964920	139965420	.	0	3
chr15	91537580	91538080	.	0	3
chr13	39903177	39903677	.	0	3
chr22	39052277	39052777	.	0	3
chr11	67384641	67385141	.	0	3
chr4	189029220	189029720	.	0	3
chr10	6244583	6245083	.	0	3
chr11	128740908	128741408	.	0	3
chr17	7494087	7494587	.	0	3
chr16	67969455	67969955	.	0	3
chr10	88183403	88183903	.	0	3
chr11	75115594	75116094	.	0	3
chr6	126502367	126502867	.	0	3
chr4	139579656	139580156	.	0	3
chr12	53342694	53343194	.	0	3
chr12	52519131	52519631	.	0	3
chr5	153204318	153204818	.	0	3
chr17	70472652	70473152	.	0	3
chr15	64722421	64722921	.	0	3
chr19	14459130	14459630	.	0	3
chr6	24683876	24684376	.	0	3
chrX	1505164	1505664	.	0	3
chr18	60544591	60545091	.	0	3
chr19	5536327	5536827	.	0	3
chr4	140774364	140774864	.	0	3
chr15	44088140	44088640	.	0	3
chr19	54975794	54976294	.	0	3
chr14	57322646	57323146	.	0	3
chr20	3668225	3668725	.	0	3
chr13	24173678	24174178	.	0	3
chr6	30687923	30688423	.	0	3
chr22	17716064	17716564	.	0	3
chr5	137431136	137431636	.	0	3
chr11	36131296	36131796	.	0	3
chr13	38488875	38489375	.	0	3
chr12	10517565	10518065	.	0	3
chr22	51066298	51066798	.	0	3
chr10	102130883	102131383	.	0	3
chr21	44394071	44394571	.	0	3
chr4	74318785	74319285	.	0	3
chr22	38577682	38578182	.	0	3
chr7	129483299	129483799	.	0	3
chr11	75110325	75110825	.	0	3
chr19	34129338	34129838	.	0	3
chr14	24616331	24616831	.	0	3
chr9	95751732	95752232	.	0	3
chr2	160067787	160068287	.	0	3
chr7	3234267	3234767	.	0	3
chr16	25867052	25867552	.	0	3
chr7	23514052	23514552	.	0	3
chr20	48599132	48599632	.	0	3
chr12	54359391	54359891	.	0	3
chr4	187171342	187171842	.	0	3
chr22	30819848	30820348	.	0	3
chr6	159274325	159274825	.	0	3
chr14	100428465	100428965	.	0	3
chr2	31108898	31109398	.	0	3
chr11	8707074	8707574	.	0	3
chr6	30854017	30854517	.	0	3
chr1	156030692	156031192	.	0	3
chr11	64108353	64108853	.	0	3
chr9	66457034	66457534	.	0	3
chr11	12884608	12885108	.	0	3
chr10	29269140	29269640	.	0	3
chr10	103045255	103045755	.	0	3
chr3	165702310	165702810	.	0	3
chr7	138144453	138144953	.	0	3
chr9	16485891	16486391	.	0	3
chr13	24614884	24615384	.	0	3
chr5	83777031	83777531	.	0	3
chr12	57026022	57026522	.	0	3
chr3	186716651	186717151	.	0	3
chr2	75174761	75175261	.	0	3
chr20	20693312	20693812	.	0	3
chr1	118148356	118148856	.	0	3
chr10	75503927	75504427	.	0	3
chr17	27070709	27071209	.	0	3
chr1	151430547	151431047	.	0	3
chr5	14036074	14036574	.	0	3
chr6	149139956	149140456	.	0	3
chr16	4359680	4360180	.	0	3
chrX	13219872	13220372	.	0	3
chrX	102997208	102997708	.	0	3
chr16	29888831	29889331	.	0	3
chr2	27632366	27632866	.	0	3
chr10	105396197	105396697	.	0	3
chr19	17666077	17666577	.	0	3
chr4	186760288	186760788	.	0	3
chr6	44187119	44187619	.	0	3
chr17	4417468	4417968	.	0	3
chr15	70488857	70489357	.	0	3
chr3	185472592	185473092	.	0	3
chr2	68157261	68157761	.	0	3
chr5	149789281	149789781	.	0	3
chr5	157562488	157562988	.	0	3
chr11	10827292	10827792	.	0	3
chr9	19378610	19379110	.	0	3
chr21	38639620	38640120	.	0	3
chr5	176797606	176798106	.	0	3
chr9	79791974	79792474	.	0	3
chr3	51832509	51833009	.	0	3
chr13	42744036	42744536	.	0	3
chr6	30692632	30693132	.	0	3
chr3	69133850	69134350	.	0	3
chr16	75599799	75600299	.	0	3
chr1	36020408	36020908	.	0	3
chr12	104808259	104808759	.	0	3
chr7	72744763	72745263	.	0	3
chr14	20801243	20801743	.	0	3
chr17	16189152	16189652	.	0	3
chr1	36554201	36554701	.	0	3
chr16	83835669	83836169	.	0	3
chr12	6879571	6880071	.	0	3
chr17	77774263	77774763	.	0	3
chr19	44037953	44038453	.	0	3
chr19	17717068	17717568	.	0	3
chr12	6832990	6833490	.	0	3
chr22	31795150	31795650	.	0	3
chr1	16542543	16543043	.	0	3
chr3	577213	577713	.	0	3
chr8	124408743	124409243	.	0	3
chr22	45664806	45665306	.	0	3
chr11	65555646	65556146	.	0	3
chr1	24022092	24022592	.	0	3
chr10	61668100	61668600	.	0	3
chr19	19843760	19844260	.	0	3
chr1	214593010	214593510	.	0	3
chr17	1248489	1248989	.	0	3
chr10	118593420	118593920	.	0	3
chr11	61581933	61582433	.	0	3
chr18	48944317	48944817	.	0	3
chr12	57033651	57034151	.	0	3
chr10	55239049	55239549	.	0	3
chr19	12900554	12901054	.	0	3
chr6	161713151	161713651	.	0	3
chr8	65282852	65283352	.	0	3
chr5	149866084	149866584	.	0	3
chr6	30538817	30539317	.	0	3
chr10	99258031	99258531	.	0	3
chr19	21688099	21688599	.	0	3
chr22	41908762	41909262	.	0	3
chr19	42748784	42749284	.	0	3
chr13	96204588	96205088	.	0	3
chr1	146976768	146977268	.	0	3
chr8	1606146	1606646	.	0	3
chr17	47865634	47866134	.	0	3
chr4	1714232	1714732	.	0	3
chr20	2082802	2083302	.	0	3
chr6	32121624	32122124	.	0	3
chr6	43214194	43214694	.	0	3
chr18	24106012	24106512	.	0	3
chr2	64455170	64455670	.	0	3
chr22	23584607	23585107	.	0	3
chr6	115866473	115866973	.	0	3
chr19	13054889	13055389	.	0	3
chr17	60783048	60783548	.	0	3
chr12	69401210	69401710	.	0	3
chr1	230412901	230413401	.	0	3
chr7	5085056	5085556	.	0	3
chr12	52463261	52463761	.	0	3
chr3	79282495	79282995	.	0	3
chr3	52201133	52201633	.	0	3
chr3	179322252	179322752	.	0	3
chr17	80132077	80132577	.	0	3
chr19	15562865	15563365	.	0	3
chr2	197791649	197792149	.	0	3
chr11	73043589	73044089	.	0	3
chr19	47930606	47931106	.	0	3
chr6	150471827	150472327	.	0	3
chr19	40971558	40972058	.	0	3
chr6	136934079	136934579	.	0	3
chr19	13056276	13056776	.	0	3
chr19	41119456	41119956	.	0	3
chr11	95522735	95523235	.	0	3
chr6	154863926	154864426	.	0	3
chr3	195641814	195642314	.	0	3
chr12	57038360	57038860	.	0	3
chr5	10258302	10258802	.	0	3
chr3	95645854	95646354	.	0	3
chr5	72794074	72794574	.	0	3
chr14	74769487	74769987	.	0	3
chr13	41706808	41707308	.	0	3
chr12	53293389	53293889	.	0	3
chr11	4115746	4116246	.	0	3
chr6	134002917	134003417	.	0	3
chr17	29826646	29827146	.	0	3
chrX	29327310	29327810	.	0	3
chr3	14219974	14220474	.	0	3
chr19	14116238	14116738	.	0	3
chr12	56592591	56593091	.	0	3
chr5	139782035	139782535	.	0	3
chr1	5285625	5286125	.	0	3
chr17	25707973	25708473	.	0	3
chr2	162016631	162017131	.	0	3
chr1	59249575	59250075	.	0	3
chr12	6445330	6445830	.	0	3
chr8	23564185	23564685	.	0	3
chr2	100798883	100799383	.	0	3
chr13	71204301	71204801	.	0	3
chr10	102672917	102673417	.	0	3
chr7	150075209	150075709	.	0	3
chr11	24659013	24659513	.	0	3
chr17	41779990	41780490	.	0	3
chr20	47662467	47662967	.	0	3
chr8	25894788	25895288	.	0	3
chr6	156878642	156879142	.	0	3
chr19	13274424	13274924	.	0	3
chr1	153606740	153607240	.	0	3
chr19	54023898	54024398	.	0	3
chr7	99933352	99933852	.	0	3
chr17	61851075	61851575	.	0	3
chr2	70955241	70955741	.	0	3
chr16	24110199	24110699	.	0	3
chr3	47523281	47523781	.	0	3
chr16	69463088	69463588	.	0	3
chr11	61354152	61354652	.	0	3
chr11	89224370	89224870	.	0	3
chr19	53836577	53837077	.	0	3
chr1	228327664	228328164	.	0	3
chr17	42852947	42853447	.	0	3
chr13	27092425	27092925	.	0	3
chr15	79352443	79352943	.	0	3
chr9	117349701	117350201	.	0	3
chr17	39890777	39891277	.	0	3
chr21	42849869	42850369	.	0	3
chr20	36997954	36998454	.	0	3
chr1	33283538	33284038	.	0	3
chr11	47574624	47575124	.	0	3
chr11	19799042	19799542	.	0	3
chr13	53529662	53530162	.	0	3
chr19	7927112	7927612	.	0	3
chr11	77733369	77733869	.	0	3
chr9	134206505	134207005	.	0	3
chr6	30910337	30910837	.	0	3
chr8	22856715	22857215	.	0	3
chr7	150098912	150099412	.	0	3
chr5	140027003	140027503	.	0	3
chr5	142275849	142276349	.	0	3
chr19	48995017	48995517	.	0	3
chr17	17286995	17287495	.	0	3
chr2	242255009	242255509	.	0	3
chr1	85992872	85993372	.	0	3
chr13	28539979	28540479	.	0	3
chr11	62329138	62329638	.	0	3
chr10	23569395	23569895	.	0	3
chr12	115136224	115136724	.	0	3
chr13	113559387	113559887	.	0	3
chr5	109024855	109025355	.	0	3
chr17	70161367	70161867	.	0	3
chr10	95040387	95040887	.	0	3
chr17	8198552	8199052	.	0	3
chr10	1351839	1352339	.	0	3
chr14	23630117	23630617	.	0	3
chr22	32366549	32367049	.	0	3
chr4	148538219	148538719	.	0	3
chr5	178286601	178287101	.	0	3
chr7	14029114	14029614	.	0	3
chr1	25071346	25071846	.	0	3
chr7	121969152	121969652	.	0	3
chr11	118586485	118586985	.	0	3
chr2	16245611	16246111	.	0	3
chr4	46406899	46407399	.	0	3
chr13	100399129	100399629	.	0	3
chr4	151287538	151288038	.	0	3
chr17	16284214	16284714	.	0	3
chr1	95391162	95391662	.	0	3
chr1	26736562	26737062	.	0	3
chr16	4401305	4401805	.	0	3
chr1	64240764	64241264	.	0	3
chr5	143735963	143736463	.	0	3
chr3	75150747	75151247	.	0	3
chr7	39773473	39773973	.	0	3
chr19	47854814	47855314	.	0	3
chr17	6323369	6323869	.	0	3
chr2	131100144	131100644	.	0	3
chr19	50832506	50833006	.	0	3
chr11	62554584	62555084	.	0	3
chr1	10895856	10896356	.	0	3
chr1	64248703	64249203	.	0	3
chr1	116915493	116915993	.	0	3
chr1	111506486	111506986	.	0	3
chr6	41755155	41755655	.	0	3
chr10	99894152	99894652	.	0	3
chr12	104659011	104659511	.	0	3
chr17	42615220	42615720	.	0	3
chr8	74780099	74780599	.	0	3
chr1	11654173	11654673	.	0	3
chr5	11385987	11386487	.	0	3
chr6	111136538	111137038	.	0	3
chr1	85748035	85748535	.	0	3
chr4	157426706	157427206	.	0	3
chr22	41222870	41223370	.	0	3
chr4	123749448	123749948	.	0	3
chr3	159277955	159278455	.	0	3
chr1	48471080	48471580	.	0	3
chr17	42172816	42173316	.	0	3
chr5	101631784	101632284	.	0	3
chr17	3657724	3658224	.	0	3
chr17	41436725	41437225	.	0	3
chr17	58677228	58677728	.	0	3
chr9	120311712	120312212	.	0	3
chr9	131908078	131908578	.	0	3
chr19	1275629	1276129	.	0	3
chr7	140179136	140179636	.	0	3
chr2	145201974	145202474	.	0	3
chr6	142150625	142151125	.	0	3
chr15	77795524	77796024	.	0	3
chr8	144371401	144371901	.	0	3
chr20	57570233	57570733	.	0	3
chr16	29827067	29827567	.	0	3
chr12	26663125	26663625	.	0	3
chr12	115121705	115122205	.	0	3
chr9	6015418	6015918	.	0	3
chr1	162040503	162041003	.	0	3
chr10	53459198	53459698	.	0	3
chr14	77494947	77495447	.	0	3
chr9	127519780	127520280	.	0	3
chr10	31892314	31892814	.	0	3
chr6	37786869	37787369	.	0	3
chr20	50003606	50004106	.	0	3
chr3	153066174	153066674	.	0	3
chr18	21718658	21719158	.	0	3
chr9	95833796	95834296	.	0	3
chrX	52004476	52004976	.	0	3
chr17	77189041	77189541	.	0	3
chr13	47686279	47686779	.	0	3
chr9	2809729	2810229	.	0	3
chr10	134775561	134776061	.	0	3
chr3	194406299	194406799	.	0	3
chr20	2853856	2854356	.	0	3
chr12	94135618	94136118	.	0	3
chr4	141445006	141445506	.	0	3
chr3	115578144	115578644	.	0	3
chr17	38269660	38270160	.	0	3
chr3	168557347	168557847	.	0	3
chr2	61991197	61991697	.	0	3
chr5	9265770	9266270	.	0	3
chr5	135717681	135718181	.	0	3
chr12	112204432	112204932	.	0	3
chr20	52384849	52385349	.	0	3
chr6	32163399	32163899	.	0	3
chr4	83294162	83294662	.	0	3
chr12	56553776	56554276	.	0	3
chr2	232651330	232651830	.	0	3
chr5	176433579	176434079	.	0	3
chr10	119307736	119308236	.	0	3
chr2	101618976	101619476	.	0	3
chr6	108439030	108439530	.	0	3
chr3	23960673	23961173	.	0	3
chr10	17271634	17272134	.	0	3
chr10	49742061	49742561	.	0	3
chr2	238969296	238969796	.	0	3
chr19	1174091	1174591	.	0	3
chr15	44038372	44038872	.	0	3
chr14	45366105	45366605	.	0	3
chr19	46144209	46144709	.	0	3
chr5	43514971	43515471	.	0	3
chr1	60143693	60144193	.	0	3
chr5	151064336	151064836	.	0	3
chr6	134373613	134374113	.	0	3
chr17	17204467	17204967	.	0	3
chr12	31811903	31812403	.	0	3
chr19	55897698	55898198	.	0	3
chr1	180892103	180892603	.	0	3
chr6	27738424	27738924	.	0	3
chr2	45236780	45237280	.	0	3
chr14	21482900	21483400	.	0	3
chr7	114465631	114466131	.	0	3
chr1	205908785	205909285	.	0	3
chr1	159870119	159870619	.	0	3
chr19	4327241	4327741	.	0	3
chr9	35732161	35732661	.	0	3
chr2	85581523	85582023	.	0	3
chr2	70351035	70351535	.	0	3
chr20	42219129	42219629	.	0	3
chr9	115983587	115984087	.	0	3
chr19	45907182	45907682	.	0	3
chr19	11200914	11201414	.	0	3
chr3	60655271	60655771	.	0	3
chr12	127632287	127632787	.	0	3
chr9	38227083	38227583	.	0	3
chr19	8657214	8657714	.	0	3
chr3	142581758	142582258	.	0	3
chr5	39175574	39176074	.	0	3
chr12	50561092	50561592	.	0	3
chr19	38826796	38827296	.	0	3
chr2	96931206	96931706	.	0	3
chr6	43596880	43597380	.	0	3
chr7	10979453	10979953	.	0	3
chr15	96876317	96876817	.	0	3
chr2	27603519	27604019	.	0	3
chr10	102505081	102505581	.	0	3
chr1	151042835	151043335	.	0	3
chr6	42521980	42522480	.	0	3
chr12	56615485	56615985	.	0	3
chr1	6614428	6614928	.	0	3
chr20	4526932	4527432	.	0	3
chr4	156297909	156298409	.	0	3
chr1	115259190	115259690	.	0	3
chr1	210395503	210396003	.	0	3
chr19	49137535	49138035	.	0	3
chr13	79855344	79855844	.	0	3
chrX	406890	407390	.	0	3
chr10	21814422	21814922	.	0	3
chr11	65623245	65623745	.	0	3
chr17	27229886	27230386	.	0	3
chr10	114711461	114711961	.	0	3
chr12	93323345	93323845	.	0	3
chr15	89156115	89156615	.	0	3
chr19	36360059	36360559	.	0	3
chr7	158262223	158262723	.	0	3
chr1	110851725	110852225	.	0	3
chr6	15078125	15078625	.	0	3
chr9	103114974	103115474	.	0	3
chr8	5027530	5028030	.	0	3
chr20	35896258	35896758	.	0	3
chr2	200820020	200820520	.	0	3
chr20	62587675	62588175	.	0	3
chr7	100434921	100435421	.	0	3
chr13	36871781	36872281	.	0	3
chr11	92850059	92850559	.	0	3
chr1	185015175	185015675	.	0	3
chr9	130504830	130505330	.	0	3
chr22	29663734	29664234	.	0	3
chr10	130424857	130425357	.	0	3
chr1	156677141	156677641	.	0	3
chr3	106632176	106632676	.	0	3
chr8	20126288	20126788	.	0	3
chr1	28655342	28655842	.	0	3
chr12	54694600	54695100	.	0	3
chr22	21011052	21011552	.	0	3
chr7	155303623	155304123	.	0	3
chr6	158615405	158615905	.	0	3
chr17	16344717	16345217	.	0	3
chr10	25781869	25782369	.	0	3
chr2	13962522	13963022	.	0	3
chr17	75738657	75739157	.	0	3
chr6	10694826	10695326	.	0	3
chr10	99621583	99622083	.	0	3
chr2	220143660	220144160	.	0	3
chr12	54749074	54749574	.	0	3
chr22	40328906	40329406	.	0	3
chr5	67511312	67511812	.	0	3
chr9	132388179	132388679	.	0	3
chr2	75185783	75186283	.	0	3
chr3	99929553	99930053	.	0	3
chr14	57046141	57046641	.	0	3
chr19	3979752	3980252	.	0	3
chr3	40350806	40351306	.	0	3
chr22	22279843	22280343	.	0	3
chr6	152037616	152038116	.	0	3
chr14	30118295	30118795	.	0	3
chr4	3168006	3168506	.	0	3
chr11	18343504	18344004	.	0	3
chr11	77531705	77532205	.	0	3
chr11	6490248	6490748	.	0	3
chr19	3435107	3435607	.	0	3
chr2	208091766	208092266	.	0	3
chr6	139690091	139690591	.	0	3
chr1	109102254	109102754	.	0	3
chr8	92082053	92082553	.	0	3
chr6	150244121	150244621	.	0	3
chr6	26473895	26474395	.	0	3
chr21	43346476	43346976	.	0	3
chr19	56135668	56136168	.	0	3
chr19	21511947	21512447	.	0	3
chr16	2042269	2042769	.	0	3
chr10	82443927	82444427	.	0	3
chr6	10558682	10559182	.	0	3
chrX	132549439	132549939	.	0	3
chr1	82013128	82013628	.	0	3
chr7	45026038	45026538	.	0	3
chr4	7863029	7863529	.	0	3
chr20	18447503	18448003	.	0	3
chr11	44331470	44331970	.	0	3
chr2	33832284	33832784	.	0	3
chr7	137890319	137890819	.	0	3
chr17	40950605	40951105	.	0	3
chr10	52839463	52839963	.	0	3
chr12	56732357	56732857	.	0	3
chr10	55357605	55358105	.	0	3
chr21	43187095	43187595	.	0	3
chr2	85645540	85646040	.	0	3
chr3	14920976	14921476	.	0	3
chr19	4909787	4910287	.	0	3
chr3	115231411	115231911	.	0	3
chr1	43424858	43425358	.	0	3
chr6	37467462	37467962	.	0	3
chr6	43603225	43603725	.	0	3
chr12	122985317	122985817	.	0	3
chr2	15399379	15399879	.	0	3
chr19	54931407	54931907	.	0	3
chr6	125905625	125906125	.	0	3
chr2	153574484	153574984	.	0	3
chr3	52748867	52749367	.	0	3
chr1	102963378	102963878	.	0	3
chr14	105233141	105233641	.	0	3
chr16	57513549	57514049	.	0	3
chr9	88801979	88802479	.	0	3
chr4	76598384	76598884	.	0	3
chr11	63650196	63650696	.	0	3
chr2	220252501	220253001	.	0	3
chr2	210682540	210683040	.	0	3
chr3	193493341	193493841	.	0	3
chr19	49956610	49957110	.	0	3
chr9	23229904	23230404	.	0	3
chr11	100385666	100386166	.	0	3
chr1	1310449	1310949	.	0	3
chr19	46876706	46877206	.	0	3
chr5	133927979	133928479	.	0	3
chr7	131031935	131032435	.	0	3
chr1	204049059	204049559	.	0	3
chr8	10268503	10269003	.	0	3
chr4	121439113	121439613	.	0	3
chr15	61097151	61097651	.	0	3
chr2	105488532	105489032	.	0	3
chr8	89340847	89341347	.	0	3
chr3	47554787	47555287	.	0	3
chr16	29678136	29678636	.	0	3
chr19	38885083	38885583	.	0	3
chr14	23426081	23426581	.	0	3
chr2	205912151	205912651	.	0	3
chr5	271271	271771	.	0	3
chr20	35575366	35575866	.	0	3
chr4	152795409	152795909	.	0	3
chr9	79073835	79074335	.	0	3
chr12	113938490	113938990	.	0	3
chr5	137090199	137090699	.	0	3
chr12	48499594	48500094	.	0	3
chr2	83511277	83511777	.	0	3
chr10	49744860	49745360	.	0	3
chr1	185285159	185285659	.	0	3
chr20	2682342	2682842	.	0	3
chr7	129781315	129781815	.	0	3
chr13	40072670	40073170	.	0	3
chr2	233385059	233385559	.	0	3
chr20	33571713	33572213	.	0	3
chr11	64455820	64456320	.	0	3
chr3	197686687	197687187	.	0	3
chr7	105283724	105284224	.	0	3
chr19	9879107	9879607	.	0	3
chr7	157387912	157388412	.	0	3
chr19	6752556	6753056	.	0	3
chr14	60975106	60975606	.	0	3
chr14	55518620	55519120	.	0	3
chr16	29730354	29730854	.	0	3
chr16	31150125	31150625	.	0	3
chr1	33226771	33227271	.	0	3
chr16	89768361	89768861	.	0	3
chr3	189484146	189484646	.	0	3
chr7	123071179	123071679	.	0	3
chr2	232325215	232325715	.	0	3
chr1	145575785	145576285	.	0	3
chr2	147298159	147298659	.	0	3
chr11	75946266	75946766	.	0	3
chr19	2060635	2061135	.	0	3
chr10	98268800	98269300	.	0	3
chr19	15333378	15333878	.	0	3
chr10	46983565	46984065	.	0	3
chr4	103940702	103941202	.	0	3
chr13	26827757	26828257	.	0	3
chr19	45348711	45349211	.	0	3
chr4	147442762	147443262	.	0	3
chr2	173420376	173420876	.	0	3
chr11	131122971	131123471	.	0	3
chr1	186344714	186345214	.	0	3
chr2	220549503	220550003	.	0	3
chr5	10249843	10250343	.	0	3
chr9	134630145	134630645	.	0	3
chr12	40414116	40414616	.	0	3
chr19	44172754	44173254	.	0	3
chr12	120739831	120740331	.	0	3
chr17	17253791	17254291	.	0	3
chr19	10464397	10464897	.	0	3
chr14	65748663	65749163	.	0	3
chr15	93461047	93461547	.	0	3
chr16	84600105	84600605	.	0	3
chr17	26898399	26898899	.	0	3
chr9	99018992	99019492	.	0	3
chr10	88053070	88053570	.	0	3
chr11	35351995	35352495	.	0	3
chr8	6649512	6650012	.	0	3
chr2	105470265	105470765	.	0	3
chr11	126350518	126351018	.	0	3
chr7	47520433	47520933	.	0	3
chr11	14362200	14362700	.	0	3
chr7	73785925	73786425	.	0	3
chr16	23568518	23569018	.	0	3
chr15	76603689	76604189	.	0	3
chr10	114709813	114710313	.	0	3
chr1	33546392	33546892	.	0	3
chr8	14345791	14346291	.	0	3
chr12	114047786	114048286	.	0	3
chr16	70776781	70777281	.	0	3
chr11	27657191	27657691	.	0	3
chr10	97024305	97024805	.	0	3
chr7	67703321	67703821	.	0	3
chr1	223184141	223184641	.	0	3
chr14	24550204	24550704	.	0	3
chr6	26532938	26533438	.	0	3
chr5	92917047	92917547	.	0	3
chr6	106773388	106773888	.	0	3
chr12	122014646	122015146	.	0	3
chr12	13880564	13881064	.	0	3
chr1	92110485	92110985	.	0	3
chr8	61916707	61917207	.	0	3
chr19	13888895	13889395	.	0	3
chr3	99646718	99647218	.	0	3
chr9	135682274	135682774	.	0	3
chr5	138060801	138061301	.	0	3
chr19	49376138	49376638	.	0	3
chr1	201452623	201453123	.	0	3
chr5	68530425	68530925	.	0	3
chr8	99053793	99054293	.	0	3
chr15	65713539	65714039	.	0	3
chr1	223306949	223307449	.	0	3
chr12	122240630	122241130	.	0	3
chr6	127663260	127663760	.	0	3
chr5	153857497	153857997	.	0	3
chr14	77542673	77543173	.	0	3
chr7	105296010	105296510	.	0	3
chr14	102411440	102411940	.	0	3
chr11	31831225	31831725	.	0	3
chr7	99612885	99613385	.	0	3
chr9	114291946	114292446	.	0	3
chr6	31697830	31698330	.	0	3
chr11	121243264	121243764	.	0	3
chr19	2272762	2273262	.	0	3
chr1	109791803	109792303	.	0	3
chr7	23698334	23698834	.	0	3
chr20	49407187	49407687	.	0	3
chr14	103011812	103012312	.	0	3
chr20	21106329	21106829	.	0	3
chr1	34632183	34632683	.	0	3
chr11	66080246	66080746	.	0	3
chr6	74295227	74295727	.	0	3
chr17	17739414	17739914	.	0	3
chr7	29651680	29652180	.	0	3
chr6	42738793	42739293	.	0	3
chr9	133031075	133031575	.	0	3
chr17	33894759	33895259	.	0	3
chr1	162666218	162666718	.	0	3
chr22	42196357	42196857	.	0	3
chr8	73920780	73921280	.	0	3
chr1	185126001	185126501	.	0	3
chr4	122791466	122791966	.	0	3
chr9	32384313	32384813	.	0	3
chr1	78244985	78245485	.	0	3
chr2	60983098	60983598	.	0	3
chr10	43897055	43897555	.	0	3
chr3	184434585	184435085	.	0	3
chr6	24774910	24775410	.	0	3
chr19	6463930	6464430	.	0	3
chr13	45010718	45011218	.	0	3
chr2	98951108	98951608	.	0	3
chr2	209118931	209119431	.	0	3
chr17	78098140	78098640	.	0	3
chr6	135571899	135572399	.	0	3
chr3	65582888	65583388	.	0	3
chr16	22308346	22308846	.	0	3
chr6	157009071	157009571	.	0	3
chr3	191645709	191646209	.	0	3
chr4	14228217	14228717	.	0	3
chr10	48354666	48355166	.	0	3
chr16	13325186	13325686	.	0	3
chr14	100339121	100339621	.	0	3
chr4	122717356	122717856	.	0	3
chr22	38493642	38494142	.	0	3
chr19	47729210	47729710	.	0	3
chr17	72207141	72207641	.	0	3
chr17	80061869	80062369	.	0	3
chr3	71546643	71547143	.	0	3
chr14	75744983	75745483	.	0	3
chr5	118415134	118415634	.	0	3
chr17	45401024	45401524	.	0	3
chr5	149827015	149827515	.	0	3
chr4	187647615	187648115	.	0	3
chr14	63732822	63733322	.	0	3
chr10	123219272	123219772	.	0	3
chr4	89660061	89660561	.	0	3
chr1	173606559	173607059	.	0	3
chr3	188655075	188655575	.	0	3
chr10	103881069	103881569	.	0	3
chr6	30658444	30658944	.	0	3
chr3	24560710	24561210	.	0	3
chr22	42017778	42018278	.	0	3
chr5	50675113	50675613	.	0	3
chr15	82337209	82337709	.	0	3
chr20	44567321	44567821	.	0	3
chr11	28814980	28815480	.	0	3
chr9	92219650	92220150	.	0	3
chr6	26029005	26029505	.	0	3
chr16	81040448	81040948	.	0	3
chr8	124054445	124054945	.	0	3
chr10	28748279	28748779	.	0	3
chr19	38741360	38741860	.	0	3
chr7	96415458	96415958	.	0	3
chr20	2731398	2731898	.	0	3
chr14	23721680	23722180	.	0	3
chr3	123877129	123877629	.	0	3
chr10	101609777	101610277	.	0	3
chr3	13689835	13690335	.	0	3
chr22	21271225	21271725	.	0	3
chr2	218515254	218515754	.	0	3
chr1	245027709	245028209	.	0	3
chr11	62599402	62599902	.	0	3
chr1	156326624	156327124	.	0	3
chr4	113569598	113570098	.	0	3
chr11	9648341	9648841	.	0	3
chr19	7109857	7110357	.	0	3
chr12	97858672	97859172	.	0	3
chr1	154580016	154580516	.	0	3
chr5	143251192	143251692	.	0	3
chr19	55899421	55899921	.	0	3
chr19	2783202	2783702	.	0	3
chr18	47814195	47814695	.	0	3
chr19	17941719	17942219	.	0	3
chr5	179770373	179770873	.	0	3
chrY	21308103	21308603	.	0	3
chr12	53774366	53774866	.	0	3
chr9	98638041	98638541	.	0	3
chr13	51722352	51722852	.	0	3
chr22	38203516	38204016	.	0	3
chr2	71357458	71357958	.	0	3
chr18	19320293	19320793	.	0	3
chr2	85132911	85133411	.	0	3
chr19	48323072	48323572	.	0	3
chr8	120885652	120886152	.	0	3
chr5	127270504	127271004	.	0	3
chr22	24256064	24256564	.	0	3
chr16	86609371	86609871	.	0	3
chr20	13975827	13976327	.	0	3
chr2	210621943	210622443	.	0	3
chr14	74828951	74829451	.	0	3
chr6	144652745	144653245	.	0	3
chr5	3101210	3101710	.	0	3
chr3	169381072	169381572	.	0	3
chr19	3518194	3518694	.	0	3
chr19	15344051	15344551	.	0	3
chr12	39787596	39788096	.	0	3
chr11	118491710	118492210	.	0	3
chr9	124049209	124049709	.	0	3
chr9	35657862	35658362	.	0	3
chr12	12509761	12510261	.	0	3
chr19	14358200	14358700	.	0	3
chr15	42066289	42066789	.	0	3
chr2	158695547	158696047	.	0	3
chr1	234859655	234860155	.	0	3
chr16	84401853	84402353	.	0	3
chr6	165722810	165723310	.	0	3
chr9	6412828	6413328	.	0	3
chr19	53465993	53466493	.	0	3
chr12	120966759	120967259	.	0	3
chr20	34356856	34357356	.	0	3
chrX	71492253	71492753	.	0	3
chr1	36851926	36852426	.	0	3
chr15	66791531	66792031	.	0	3
chr7	20257108	20257608	.	0	3
chr19	39926300	39926800	.	0	3
chr6	138914960	138915460	.	0	3
chr12	120808527	120809027	.	0	3
chr12	57268547	57269047	.	0	3
chr5	180257661	180258161	.	0	3
chr20	5951875	5952375	.	0	3
chr1	162467353	162467853	.	0	3
chr15	40873975	40874475	.	0	3
chr3	16306300	16306800	.	0	3
chr5	171720411	171720911	.	0	3
chr1	32705708	32706208	.	0	3
chr14	80459111	80459611	.	0	3
chr3	50649278	50649778	.	0	3
chr6	42924114	42924614	.	0	3
chr3	57582851	57583351	.	0	3
chr19	50167638	50168138	.	0	3
chr2	206330446	206330946	.	0	3
chr14	61227309	61227809	.	0	3
chr17	7233443	7233943	.	0	3
chr9	103173889	103174389	.	0	3
chr7	96654010	96654510	.	0	3
chr19	37157483	37157983	.	0	3
chr16	5500389	5500889	.	0	3
chr16	19567524	19568024	.	0	3
chr12	105725580	105726080	.	0	3
chr21	36878615	36879115	.	0	3
chr17	39821987	39822487	.	0	3
chr7	158260856	158261356	.	0	3
chr3	140793240	140793740	.	0	3
chr22	39917678	39918178	.	0	3
chr5	133450005	133450505	.	0	3
chr14	23721145	23721645	.	0	3
chr15	53037365	53037865	.	0	3
chr12	22777757	22778257	.	0	3
chr5	74244014	74244514	.	0	3
chr17	6702991	6703491	.	0	3
chr5	176829577	176830077	.	0	3
chr1	43638181	43638681	.	0	3
chr4	85420408	85420908	.	0	3
chr12	133464023	133464523	.	0	3
chr17	48042858	48043358	.	0	3
chr7	158655730	158656230	.	0	3
chr1	214463072	214463572	.	0	3
chr2	105463278	105463778	.	0	3
chr5	55007923	55008423	.	0	3
chr12	111374645	111375145	.	0	3
chr19	6718848	6719348	.	0	3
chr12	120826844	120827344	.	0	3
chr5	2750094	2750594	.	0	3
chr10	115933738	115934238	.	0	3
chr1	27319904	27320404	.	0	3
chr15	89542133	89542633	.	0	3
chr2	175653171	175653671	.	0	3
chr22	36357436	36357936	.	0	3
chr11	111852584	111853084	.	0	3
chr6	52148789	52149289	.	0	3
chr10	20903904	20904404	.	0	3
chr12	66695958	66696458	.	0	3
chrX	38730749	38731249	.	0	3
chr19	41103959	41104459	.	0	3
chr16	1993106	1993606	.	0	3
chr12	56139187	56139687	.	0	3
chr11	121379200	121379700	.	0	3
chr19	47250123	47250623	.	0	3
chr15	28344303	28344803	.	0	3
chr1	155035909	155036409	.	0	3
chr1	55428280	55428780	.	0	3
chr5	86559189	86559689	.	0	3
chr5	72739804	72740304	.	0	3
chr1	57671692	57672192	.	0	3
chr7	92053543	92054043	.	0	3
chr11	10823608	10824108	.	0	3
chr9	99179463	99179963	.	0	3
chr9	35828983	35829483	.	0	3
chr1	31190875	31191375	.	0	3
chr5	172482992	172483492	.	0	3
chr3	113531621	113532121	.	0	3
chr6	15268709	15269209	.	0	3
chr13	112184428	112184928	.	0	3
chr5	177607102	177607602	.	0	3
chr16	75182733	75183233	.	0	3
chr15	57770221	57770721	.	0	3
chr1	91304251	91304751	.	0	3
chr3	196014390	196014890	.	0	3
chr18	71983983	71984483	.	0	3
chr22	37307813	37308313	.	0	3
chr12	107619291	107619791	.	0	3
chr16	3109227	3109727	.	0	3
chr14	91112278	91112778	.	0	3
chr7	32944885	32945385	.	0	3
chr19	3980311	3980811	.	0	3
chr7	133713602	133714102	.	0	3
chr9	129423979	129424479	.	0	3
chr2	171774020	171774520	.	0	3
chr19	1747754	1748254	.	0	3
chr6	30654775	30655275	.	0	3
chr19	46272573	46273073	.	0	3
chr15	80201786	80202286	.	0	3
chr4	122632671	122633171	.	0	3
chr19	17829972	17830472	.	0	3
chr8	62200221	62200721	.	0	3
chr4	48832909	48833409	.	0	3
chr14	52118437	52118937	.	0	3
chr12	7126052	7126552	.	0	3
chr14	79557692	79558192	.	0	3
chr12	3020953	3021453	.	0	3
chr3	128399440	128399940	.	0	3
chr20	3358236	3358736	.	0	3
chr7	26231685	26232185	.	0	3
chr11	41477766	41478266	.	0	3
chr12	113910594	113911094	.	0	3
chr17	37123535	37124035	.	0	3
chr13	80356862	80357362	.	0	3
chr12	115076771	115077271	.	0	3
chr17	73774981	73775481	.	0	3
chr10	102820630	102821130	.	0	3
chr2	51259133	51259633	.	0	3
chr19	2543452	2543952	.	0	3
chr2	76097257	76097757	.	0	3
chr4	42316690	42317190	.	0	3
chr5	128795020	128795520	.	0	3
chr13	113560386	113560886	.	0	3
chr7	43908908	43909408	.	0	3
chr4	126278728	126279228	.	0	3
chr19	2236079	2236579	.	0	3
chr9	14992989	14993489	.	0	3
chr1	91486728	91487228	.	0	3
chr1	39636338	39636838	.	0	3
chr13	44566019	44566519	.	0	3
chr10	113943314	113943814	.	0	3
chr17	45352796	45353296	.	0	3
chr5	18798177	18798677	.	0	3
chr19	3626815	3627315	.	0	3
chr8	8256164	8256664	.	0	3
chr1	37700604	37701104	.	0	3
chr1	29586630	29587130	.	0	3
chr18	38900029	38900529	.	0	3
chr3	117117360	117117860	.	0	3
chr17	7738652	7739152	.	0	3
chr16	77245930	77246430	.	0	3
chr13	28545277	28545777	.	0	3
chr2	190446036	190446536	.	0	3
chr6	26224090	26224590	.	0	3
chr10	76865911	76866411	.	0	3
chr17	46894208	46894708	.	0	3
chr15	41856570	41857070	.	0	3
chr1	15710802	15711302	.	0	3
chr12	1058795	1059295	.	0	3
chr10	119307247	119307747	.	0	3
chrX	106804689	106805189	.	0	3
chr15	65099252	65099752	.	0	3
chr12	53661726	53662226	.	0	3
chr3	138048552	138049052	.	0	3
chr12	7243199	7243699	.	0	3
chr3	87776877	87777377	.	0	3
chr17	75920764	75921264	.	0	3
chr16	11730045	11730545	.	0	3
chr11	85181777	85182277	.	0	3
chr17	21178944	21179444	.	0	3
chr6	14800076	14800576	.	0	3
chr1	163566573	163567073	.	0	3
chr21	34734426	34734926	.	0	3
chr15	66797014	66797514	.	0	3
chr2	75062364	75062864	.	0	3
chr5	89825168	89825668	.	0	3
chr11	68039260	68039760	.	0	3
chr12	89744036	89744536	.	0	3
chr14	92587916	92588416	.	0	3
chr11	38111305	38111805	.	0	3
chr6	109761712	109762212	.	0	3
chr15	93874727	93875227	.	0	3
chr1	78225342	78225842	.	0	3
chr2	201753732	201754232	.	0	3
chr11	58345461	58345961	.	0	3
chr14	35761339	35761839	.	0	3
chr10	102497261	102497761	.	0	3
chr16	72042304	72042804	.	0	3
chr12	52403957	52404457	.	0	3
chr7	14029977	14030477	.	0	3
chr4	45462177	45462677	.	0	3
chr2	47571999	47572499	.	0	3
chr1	203830932	203831432	.	0	3
chr11	118530143	118530643	.	0	3
chr4	105982217	105982717	.	0	3
chr9	21967889	21968389	.	0	3
chr19	13273651	13274151	.	0	3
chr22	38721432	38721932	.	0	3
chr10	31325139	31325639	.	0	3
chr5	138533941	138534441	.	0	3
chr20	30101986	30102486	.	0	3
chr19	48673522	48674022	.	0	3
chr12	68900452	68900952	.	0	3
chr10	62522366	62522866	.	0	3
chr5	10856954	10857454	.	0	3
chr17	46626612	46627112	.	0	3
chr14	103985915	103986415	.	0	3
chr4	177240704	177241204	.	0	3
chr13	103046716	103047216	.	0	3
chrX	138307035	138307535	.	0	3
chr18	52274775	52275275	.	0	3
chr7	148842565	148843065	.	0	3
chr17	64561153	64561653	.	0	3
chrX	9220147	9220647	.	0	3
chr19	11909068	11909568	.	0	3
chr17	46795607	46796107	.	0	3
chr1	7022899	7023399	.	0	3
chr6	86260926	86261426	.	0	3
chr1	32757359	32757859	.	0	3
chr13	103054404	103054904	.	0	3
chr1	36786672	36787172	.	0	3
chr8	101170651	101171151	.	0	3
chr10	81775628	81776128	.	0	3
chr16	85364243	85364743	.	0	3
chr17	33760525	33761025	.	0	3
chr10	113266410	113266910	.	0	3
chr4	55852236	55852736	.	0	3
chr6	108883771	108884271	.	0	3
chrX	34782925	34783425	.	0	3
chr19	13162453	13162953	.	0	3
chr5	39021424	39021924	.	0	3
chr8	3923393	3923893	.	0	3
chr2	105654123	105654623	.	0	3
chr9	35161609	35162109	.	0	3
chr10	21581660	21582160	.	0	3
chr22	20850241	20850741	.	0	3
chr7	35291126	35291626	.	0	3
chr2	86421910	86422410	.	0	3
chr19	16939672	16940172	.	0	3
chr19	47220157	47220657	.	0	3
chr14	74226703	74227203	.	0	3
chr18	43844179	43844679	.	0	3
chr12	113215366	113215866	.	0	3
chr14	23341599	23342099	.	0	3
chr19	49466868	49467368	.	0	3
chr9	98637657	98638157	.	0	3
chr4	158817836	158818336	.	0	3
chr10	78874152	78874652	.	0	3
chr6	35227633	35228133	.	0	3
chr1	204475385	204475885	.	0	3
chr19	45972325	45972825	.	0	3
chr8	116169720	116170220	.	0	3
chr15	74907822	74908322	.	0	3
chr13	71006533	71007033	.	0	3
chr9	27679251	27679751	.	0	3
chrX	30670575	30671075	.	0	3
chr10	54683271	54683771	.	0	3
chr7	129913019	129913519	.	0	3
chr3	65525266	65525766	.	0	3
chr1	114618499	114618999	.	0	3
chr5	114970278	114970778	.	0	3
chr9	35116035	35116535	.	0	3
chr9	2018775	2019275	.	0	3
chr10	16428865	16429365	.	0	3
chr3	32877354	32877854	.	0	3
chr7	112716698	112717198	.	0	3
chr19	36705252	36705752	.	0	3
chr11	130385973	130386473	.	0	3
chr17	80709699	80710199	.	0	3
chr6	3209441	3209941	.	0	3
chr17	47073280	47073780	.	0	3
chr12	41213174	41213674	.	0	3
chr10	81967097	81967597	.	0	3
chr13	34116373	34116873	.	0	3
chr1	57667885	57668385	.	0	3
chr11	120397959	120398459	.	0	3
chr3	185432818	185433318	.	0	3
chrX	149735128	149735628	.	0	3
chr9	21802227	21802727	.	0	3
chr18	55114434	55114934	.	0	3
chr13	31437222	31437722	.	0	3
chr2	32852792	32853292	.	0	3
chr19	39793922	39794422	.	0	3
chrX	48556654	48557154	.	0	3
chr7	54256990	54257490	.	0	3
chr22	23487282	23487782	.	0	3
chr11	44883697	44884197	.	0	3
chr1	76518784	76519284	.	0	3
chr2	208890004	208890504	.	0	3
chr4	6988500	6989000	.	0	3
chr6	41933277	41933777	.	0	3
chr12	25347863	25348363	.	0	3
chr1	171189630	171190130	.	0	3
chr7	149266477	149266977	.	0	3
chr12	114403970	114404470	.	0	3
chr5	149939909	149940409	.	0	3
chr13	20534240	20534740	.	0	3
chr2	210479693	210480193	.	0	3
chr6	166796320	166796820	.	0	3
chr3	10210738	10211238	.	0	3
chr19	49240734	49241234	.	0	3
chr3	56149621	56150121	.	0	3
chr22	24129485	24129985	.	0	3
chr2	223177557	223178057	.	0	3
chr19	18683877	18684377	.	0	3
chr16	84047840	84048340	.	0	3
chr2	183988761	183989261	.	0	3
chr3	109151568	109152068	.	0	3
chr22	30162817	30163317	.	0	3
chr19	17451057	17451557	.	0	3
chr9	126656997	126657497	.	0	3
chr19	49127320	49127820	.	0	3
chr18	60251513	60252013	.	0	3
chr2	143998895	143999395	.	0	3
chr4	76649446	76649946	.	0	3
chr7	100025697	100026197	.	0	3
chr12	58246453	58246953	.	0	3
chr19	12880462	12880962	.	0	3
chr3	120278418	120278918	.	0	3
chr16	85170364	85170864	.	0	3
chr12	50478605	50479105	.	0	3
chr12	7000120	7000620	.	0	3
chr16	17195419	17195919	.	0	3
chr10	43857589	43858089	.	0	3
chr1	93307136	93307636	.	0	3
chr8	145709651	145710151	.	0	3
chr16	69597858	69598358	.	0	3
chr1	53704034	53704534	.	0	3
chr15	40731549	40732049	.	0	3
chr7	20160323	20160823	.	0	3
chr3	110404316	110404816	.	0	3
chr15	90777171	90777671	.	0	3
chr1	26947702	26948202	.	0	3
chr2	16078688	16079188	.	0	3
chr20	32857129	32857629	.	0	3
chr2	2791709	2792209	.	0	3
chr2	62115513	62116013	.	0	3
chr3	167319816	167320316	.	0	3
chr10	64892772	64893272	.	0	3
chr19	41284413	41284913	.	0	3
chr5	162757802	162758302	.	0	3
chr3	197463677	197464177	.	0	3
chr4	171012752	171013252	.	0	3
chr19	36422304	36422804	.	0	3
chr16	67891671	67892171	.	0	3
chr3	40494542	40495042	.	0	3
chr3	177002054	177002554	.	0	3
chr15	72978183	72978683	.	0	3
chr2	201450334	201450834	.	0	3
chr22	41418460	41418960	.	0	3
chr19	47760330	47760830	.	0	3
chr1	206861120	206861620	.	0	3
chr17	27087912	27088412	.	0	3
chr19	50393183	50393683	.	0	3
chr17	47074355	47074855	.	0	3
chr2	172996429	172996929	.	0	3
chr19	38878395	38878895	.	0	3
chr6	151330635	151331135	.	0	3
chr8	70378705	70379205	.	0	3
chr19	5689988	5690488	.	0	3
chr12	117717320	117717820	.	0	3
chr12	3982216	3982716	.	0	3
chr19	35694142	35694642	.	0	3
chr19	15563329	15563829	.	0	3
chr1	209588061	209588561	.	0	3
chr5	90676658	90677158	.	0	3
chr15	89181858	89182358	.	0	3
chr3	105085254	105085754	.	0	3
chr12	119449976	119450476	.	0	3
chr12	69809462	69809962	.	0	3
chr10	124877127	124877627	.	0	3
chr7	100139939	100140439	.	0	3
chr5	115177079	115177579	.	0	3
chr6	36842460	36842960	.	0	3
chr20	30183385	30183885	.	0	3
chr11	16424480	16424980	.	0	3
chr6	108492340	108492840	.	0	3
chr11	57267002	57267502	.	0	3
chr11	57365466	57365966	.	0	3
chr12	118558284	118558784	.	0	3
chr22	49881474	49881974	.	0	3
chr6	159032702	159033202	.	0	3
chr1	175545921	175546421	.	0	3
chr18	46482251	46482751	.	0	3
chrX	140000598	140001098	.	0	3
chr19	48836970	48837470	.	0	3
chr15	57843846	57844346	.	0	3
chr9	74371732	74372232	.	0	3
chr6	30688899	30689399	.	0	3
chr15	69754998	69755498	.	0	3
chr8	127460850	127461350	.	0	3
chr20	49928276	49928776	.	0	3
chr6	2841448	2841948	.	0	3
chr17	32077758	32078258	.	0	3
chr7	152240790	152241290	.	0	3
chr7	93857521	93858021	.	0	3
chr14	37636900	37637400	.	0	3
chr7	132881935	132882435	.	0	3
chr4	53578246	53578746	.	0	3
chr1	224803482	224803982	.	0	3
chr7	148684351	148684851	.	0	3
chr7	100527058	100527558	.	0	3
chr10	17271091	17271591	.	0	3
chr1	54326709	54327209	.	0	3
chr9	127951965	127952465	.	0	3
chr14	21288617	21289117	.	0	3
chr22	24107849	24108349	.	0	3
chr7	22472767	22473267	.	0	3
chr4	78078098	78078598	.	0	3
chr13	31019891	31020391	.	0	3
chr19	10444016	10444516	.	0	3
chr19	582550	583050	.	0	3
chrX	71493526	71494026	.	0	3
chr9	77998391	77998891	.	0	3
chr13	60971047	60971547	.	0	3
chr10	134350869	134351369	.	0	3
chrX	19125131	19125631	.	0	3
chr17	74730205	74730705	.	0	3
chr5	176370724	176371224	.	0	3
chr7	127804154	127804654	.	0	3
chr22	21364591	21365091	.	0	3
chr16	21513422	21513922	.	0	3
chr17	56112	56612	.	0	3
chr6	150284773	150285273	.	0	3
chr19	49469758	49470258	.	0	3
chr16	3150003	3150503	.	0	3
chr15	66794782	66795282	.	0	3
chr22	27041215	27041715	.	0	3
chr19	24258297	24258797	.	0	3
chr4	74386430	74386930	.	0	3
chr10	115925757	115926257	.	0	3
chr19	1848587	1849087	.	0	3
chr22	22814350	22814850	.	0	3
chr6	41537969	41538469	.	0	3
chr11	47447828	47448328	.	0	3
chrX	9115737	9116237	.	0	3
chr3	58551448	58551948	.	0	3
chr11	92805330	92805830	.	0	3
chr2	170646175	170646675	.	0	3
chr1	27676288	27676788	.	0	3
chr22	19879069	19879569	.	0	3
chr21	19191642	19192142	.	0	3
chr1	46908124	46908624	.	0	3
chr4	133416389	133416889	.	0	3
chr1	236767535	236768035	.	0	3
chr6	42264256	42264756	.	0	3
chr12	95397269	95397769	.	0	3
chr1	112635632	112636132	.	0	3
chr6	86379473	86379973	.	0	3
chr21	37432503	37433003	.	0	3
chr11	114348829	114349329	.	0	3
chr13	42242243	42242743	.	0	3
chr15	60812665	60813165	.	0	3
chr16	87874463	87874963	.	0	3
chr19	12936618	12937118	.	0	3
chr8	99957465	99957965	.	0	3
chr6	158653721	158654221	.	0	3
chr4	159492846	159493346	.	0	3
chr17	75388528	75389028	.	0	3
chr11	111853889	111854389	.	0	3
chr12	56555044	56555544	.	0	3
chr19	1275182	1275682	.	0	3
chr16	85470697	85471197	.	0	3
chr8	102773150	102773650	.	0	3
chr8	80523032	80523532	.	0	3
chr5	95297576	95298076	.	0	3
chr21	35320386	35320886	.	0	3
chr15	49912830	49913330	.	0	3
chr6	30737312	30737812	.	0	3
chr2	223520705	223521205	.	0	3
chr6	10585648	10586148	.	0	3
chrX	132574446	132574946	.	0	3
chr16	29606586	29607086	.	0	3
chr4	108852329	108852829	.	0	3
chr3	45725951	45726451	.	0	3
chr2	184340004	184340504	.	0	3
chr15	45764392	45764892	.	0	3
chr17	41188226	41188726	.	0	3
chr1	8926208	8926708	.	0	3
chr19	45505038	45505538	.	0	3
chr1	113798252	113798752	.	0	3
chr20	1935925	1936425	.	0	3
chr7	70171147	70171647	.	0	3
chr1	151319620	151320120	.	0	3
chr9	132404219	132404719	.	0	3
chr3	137331135	137331635	.	0	3
chr19	7746493	7746993	.	0	3
chr8	17103737	17104237	.	0	3
chr15	89529205	89529705	.	0	3
chr14	64319018	64319518	.	0	3
chr2	198315501	198316001	.	0	3
chr1	98386820	98387320	.	0	3
chr19	49954903	49955403	.	0	3
chr11	81132166	81132666	.	0	3
chr1	37860804	37861304	.	0	3
chr11	13508457	13508957	.	0	3
chr1	247458423	247458923	.	0	3
chr12	25644477	25644977	.	0	3
chr12	47358196	47358696	.	0	3
chr5	131832529	131833029	.	0	3
chr17	19880974	19881474	.	0	3
chr15	26936408	26936908	.	0	3
chr7	137638272	137638772	.	0	3
chr1	205413942	205414442	.	0	3
chr6	4504013	4504513	.	0	3
chr1	44966734	44967234	.	0	3
chr2	113403071	113403571	.	0	3
chr4	78099614	78100114	.	0	3
chr8	13925282	13925782	.	0	3
chr12	50677063	50677563	.	0	3
chr19	41682005	41682505	.	0	3
chr19	46146816	46147316	.	0	3
chr6	147769145	147769645	.	0	3
chr3	186992659	186993159	.	0	3
chr4	153700736	153701236	.	0	3
chr4	8497480	8497980	.	0	3
chr6	44186790	44187290	.	0	3
chr10	102475544	102476044	.	0	3
chr2	39351314	39351814	.	0	3
chr1	24477014	24477514	.	0	3
chr16	12241885	12242385	.	0	3
chr19	8268442	8268942	.	0	3
chr11	62323560	62324060	.	0	3
chr18	58115672	58116172	.	0	3
chr12	53290947	53291447	.	0	3
chr5	59995761	59996261	.	0	3
chr22	42886360	42886860	.	0	3
chr5	107008091	107008591	.	0	3
chr3	120315017	120315517	.	0	3
chr10	124018239	124018739	.	0	3
chr12	16035087	16035587	.	0	3
chr6	27834156	27834656	.	0	3
chr2	151559236	151559736	.	0	3
chr1	16543809	16544309	.	0	3
chr3	39193663	39194163	.	0	3
chr17	46986253	46986753	.	0	3
chr3	185303630	185304130	.	0	3
chr1	208334290	208334790	.	0	3
chr2	106577989	106578489	.	0	3
chr20	17207136	17207636	.	0	3
chr9	131549213	131549713	.	0	3
chr20	47905424	47905924	.	0	3
chr6	143265579	143266079	.	0	3
chr1	38461558	38462058	.	0	3
chr17	44810166	44810666	.	0	3
chr22	50780673	50781173	.	0	3
chr1	212457841	212458341	.	0	3
chr6	6695278	6695778	.	0	3
chr5	118794550	118795050	.	0	3
chr6	53407193	53407693	.	0	3
chr6	33256925	33257425	.	0	3
chr19	39614774	39615274	.	0	3
chr15	37387026	37387526	.	0	3
chr9	129986639	129987139	.	0	3
chr2	73441079	73441579	.	0	3
chr18	4019975	4020475	.	0	3
chr2	220340896	220341396	.	0	3
chr1	161147387	161147887	.	0	3
chr7	20838394	20838894	.	0	3
chr8	38642410	38642910	.	0	3
chr14	23340631	23341131	.	0	3
chr6	161298637	161299137	.	0	3
chr3	32612559	32613059	.	0	3
chr13	88383673	88384173	.	0	3
chr14	21852202	21852702	.	0	3
chr7	22473495	22473995	.	0	3
chrX	2369690	2370190	.	0	3
chr12	122231353	122231853	.	0	3
chr9	94648824	94649324	.	0	3
chr5	72584638	72585138	.	0	3
chr6	50683083	50683583	.	0	3
chr22	41252726	41253226	.	0	3
chr8	103423306	103423806	.	0	3
chr1	242249431	242249931	.	0	3
chr18	43547069	43547569	.	0	3
chr14	31027973	31028473	.	0	3
chr6	163520530	163521030	.	0	3
chr15	85711873	85712373	.	0	3
chr3	9768643	9769143	.	0	3
chr11	94226852	94227352	.	0	3
chr17	853159	853659	.	0	3
chr12	57145819	57146319	.	0	3
chr16	51578904	51579404	.	0	3
chr17	75387742	75388242	.	0	3
chr20	44482005	44482505	.	0	3
chr5	133859939	133860439	.	0	3
chr22	19950380	19950880	.	0	3
chr1	6299328	6299828	.	0	3
chr21	31798940	31799440	.	0	3
chr10	76970103	76970603	.	0	3
chr19	41816108	41816608	.	0	3
chr9	6692783	6693283	.	0	3
chr3	71778638	71779138	.	0	3
chr18	12377523	12378023	.	0	3
chr7	28972894	28973394	.	0	3
chr8	65603816	65604316	.	0	3
chr19	52207175	52207675	.	0	3
chr18	9136508	9137008	.	0	3
chr14	54828722	54829222	.	0	3
chr20	35723783	35724283	.	0	3
chr7	101513709	101514209	.	0	3
chr19	19050716	19051216	.	0	3
chr10	68685470	68685970	.	0	3
chr8	30159310	30159810	.	0	3
chr12	69446746	69447246	.	0	3
chr2	232322176	232322676	.	0	3
chr15	72511112	72511612	.	0	3
chr8	49777409	49777909	.	0	3
chrX	2382156	2382656	.	0	3
chr19	17690693	17691193	.	0	3
chr4	71570039	71570539	.	0	3
chr12	57027827	57028327	.	0	3
chr11	518618	519118	.	0	3
chr2	105374485	105374985	.	0	3
chr9	130659452	130659952	.	0	3
chr17	40259556	40260056	.	0	3
chr12	57854929	57855429	.	0	3
chr19	54975179	54975679	.	0	3
chr1	27898576	27899076	.	0	3
chr19	18169068	18169568	.	0	3
chr11	122928821	122929321	.	0	3
chr2	68122667	68123167	.	0	3
chr6	8383764	8384264	.	0	3
chr9	66457918	66458418	.	0	3
chr1	62664089	62664589	.	0	3
chr12	57852736	57853236	.	0	3
chr1	38100414	38100914	.	0	3
chr6	10582919	10583419	.	0	3
chr6	134237788	134238288	.	0	3
chrX	39631632	39632132	.	0	3
chr5	139329295	139329795	.	0	3
chr16	31066932	31067432	.	0	3
chr9	134270658	134271158	.	0	3
chr12	65449666	65450166	.	0	3
chr17	60947534	60948034	.	0	3
chr10	98210558	98211058	.	0	3
chr19	54484000	54484500	.	0	3
chr14	34111371	34111871	.	0	3
chr8	42569924	42570424	.	0	3
chr8	117312614	117313114	.	0	3
chr18	685397	685897	.	0	3
chr22	24917575	24918075	.	0	3
chr6	10518666	10519166	.	0	3
chr3	48514431	48514931	.	0	3
chr2	47596081	47596581	.	0	3
chr7	9271291	9271791	.	0	3
chr14	81685424	81685924	.	0	3
chr19	36334624	36335124	.	0	3
chr1	11749422	11749922	.	0	3
chr1	154989563	154990063	.	0	3
chr1	221466070	221466570	.	0	3
chr8	54679047	54679547	.	0	3
chr16	81110108	81110608	.	0	3
chr3	65469121	65469621	.	0	3
chr19	59049720	59050220	.	0	3
chr1	43959825	43960325	.	0	3
chr1	156712202	156712702	.	0	3
chr10	91379965	91380465	.	0	3
chr14	23952440	23952940	.	0	3
chr1	239973245	239973745	.	0	3
chr1	160016334	160016834	.	0	3
chr7	121036281	121036781	.	0	3
chr2	3699557	3700057	.	0	3
chr7	69110582	69111082	.	0	3
chr19	12098235	12098735	.	0	3
chr15	64540076	64540576	.	0	3
chr10	118369018	118369518	.	0	3
chr17	56084818	56085318	.	0	3
chr10	31320936	31321436	.	0	3
chr15	50647128	50647628	.	0	3
chr2	2393024	2393524	.	0	3
chr10	80059912	80060412	.	0	3
chrX	16876597	16877097	.	0	3
chr12	128078960	128079460	.	0	3
chr3	10052585	10053085	.	0	3
chr20	304870	305370	.	0	3
chr5	131132563	131133063	.	0	3
chr11	77790607	77791107	.	0	3
chr15	37399387	37399887	.	0	3
chr5	180663723	180664223	.	0	3
chr1	39482474	39482974	.	0	3
chr1	44232461	44232961	.	0	3
chr19	2163482	2163982	.	0	3
chr12	119419043	119419543	.	0	3
chr10	104220810	104221310	.	0	3
chr17	41618243	41618743	.	0	3
chr3	27761245	27761745	.	0	3
chr19	41282848	41283348	.	0	3
chr19	5308799	5309299	.	0	3
chr14	93673231	93673731	.	0	3
chr22	45448926	45449426	.	0	3
chr12	12419939	12420439	.	0	3
chr11	116228709	116229209	.	0	3
chr12	58129596	58130096	.	0	3
chr3	49507065	49507565	.	0	3
chr18	60382055	60382555	.	0	3
chr2	97001506	97002006	.	0	3
chrX	47432951	47433451	.	0	3
chr1	162061709	162062209	.	0	3
chrX	48754884	48755384	.	0	3
chr3	18386106	18386606	.	0	3
chr5	141404368	141404868	.	0	3
chr2	109019950	109020450	.	0	3
chr18	61007169	61007669	.	0	3
chr1	27901411	27901911	.	0	3
chr6	47074231	47074731	.	0	3
chr1	11333056	11333556	.	0	3
chr6	12365491	12365991	.	0	3
chr2	190305866	190306366	.	0	3
chr11	60775542	60776042	.	0	3
chr10	3215243	3215743	.	0	3
chr2	8379794	8380294	.	0	3
chr5	42994916	42995416	.	0	3
chr1	40609568	40610068	.	0	3
chr1	93466155	93466655	.	0	3
chr3	61546336	61546836	.	0	3
chr2	231577219	231577719	.	0	3
chr11	59583265	59583765	.	0	3
chr11	70244308	70244808	.	0	3
chr13	39597317	39597817	.	0	3
chr6	87864872	87865372	.	0	3
chr6	134395427	134395927	.	0	3
chr1	147737110	147737610	.	0	3
chr6	129639353	129639853	.	0	3
chr7	5632244	5632744	.	0	3
chr16	69028891	69029391	.	0	3
chr4	26649444	26649944	.	0	3
chr16	23877164	23877664	.	0	3
chr5	176943890	176944390	.	0	3
chr2	105478941	105479441	.	0	3
chr6	30293469	30293969	.	0	3
chr5	165502258	165502758	.	0	3
chr4	1779670	1780170	.	0	3
chr17	46985461	46985961	.	0	3
chr11	120125979	120126479	.	0	3
chr1	24645529	24646029	.	0	3
chr8	72584548	72585048	.	0	3
chr17	12880257	12880757	.	0	3
chr7	105631233	105631733	.	0	3
chr4	185729578	185730078	.	0	3
chr13	45992348	45992848	.	0	3
chr11	64073298	64073798	.	0	3
chr9	140473180	140473680	.	0	3
chr14	90976544	90977044	.	0	3
chr17	37310591	37311091	.	0	3
chr1	153467452	153467952	.	0	3
chr14	21571781	21572281	.	0	3
chr10	94003006	94003506	.	0	3
chr17	71228274	71228774	.	0	3
chr11	65266863	65267363	.	0	3
chr3	38178512	38179012	.	0	3
chr11	75274171	75274671	.	0	3
chr22	38453068	38453568	.	0	3
chr2	158867575	158868075	.	0	3
chr6	1606902	1607402	.	0	3
chr12	20365582	20366082	.	0	3
chr2	218416209	218416709	.	0	3
chr20	30619189	30619689	.	0	3
chr17	20036830	20037330	.	0	3
chr6	3118474	3118974	.	0	3
chr7	5602090	5602590	.	0	3
chr16	19566536	19567036	.	0	3
chr8	118725456	118725956	.	0	3
chr10	134192562	134193062	.	0	3
chr1	51443816	51444316	.	0	3
chr17	80673922	80674422	.	0	3
chr9	88742228	88742728	.	0	3
chr19	49631419	49631919	.	0	3
chr14	32402879	32403379	.	0	3
chr19	5193235	5193735	.	0	3
chr5	139926854	139927354	.	0	3
chr1	36622507	36623007	.	0	3
chr19	40286619	40287119	.	0	3
chr11	72533059	72533559	.	0	3
chr3	185531397	185531897	.	0	3
chr4	123021652	123022152	.	0	3
chr1	249200052	249200552	.	0	3
chr7	22707519	22708019	.	0	3
chr13	60832464	60832964	.	0	3
chr4	120549825	120550325	.	0	3
chr15	26487704	26488204	.	0	3
chr13	100356122	100356622	.	0	3
chr3	177181646	177182146	.	0	3
chr18	3330528	3331028	.	0	3
chr20	33146145	33146645	.	0	3
chr1	19679978	19680478	.	0	3
chr20	57480253	57480753	.	0	3
chr19	3276531	3277031	.	0	3
chr17	18128490	18128990	.	0	3
chr19	39521747	39522247	.	0	3
chr12	105486048	105486548	.	0	3
chr5	35337696	35338196	.	0	3
chr11	22256293	22256793	.	0	3
chr8	108441592	108442092	.	0	3
chr15	29716266	29716766	.	0	3
chr9	19698946	19699446	.	0	3
chr17	35130193	35130693	.	0	3
chr16	3067912	3068412	.	0	3
chr6	66486173	66486673	.	0	3
chr15	95065309	95065809	.	0	3
chr1	28286169	28286669	.	0	3
chr5	118324060	118324560	.	0	3
chr9	131084564	131085064	.	0	3
chr4	164336845	164337345	.	0	3
chr4	75023484	75023984	.	0	3
chr19	55586877	55587377	.	0	3
chr11	59323607	59324107	.	0	3
chr6	68890840	68891340	.	0	3
chr21	22737203	22737703	.	0	3
chrX	28144893	28145393	.	0	3
chr14	74238443	74238943	.	0	3
chrX	80065301	80065801	.	0	3
chr3	128902544	128903044	.	0	3
chr17	3539728	3540228	.	0	3
chr19	21040981	21041481	.	0	3
chr19	7598678	7599178	.	0	3
chr16	89627831	89628331	.	0	3
chr16	67280526	67281026	.	0	3
chr12	68166474	68166974	.	0	3
chr6	30289731	30290231	.	0	3
chr12	8185820	8186320	.	0	3
chr11	46933968	46934468	.	0	3
chr8	12990537	12991037	.	0	3
chr14	65169726	65170226	.	0	3
chr6	100905716	100906216	.	0	3
chr2	190627144	190627644	.	0	3
chr10	44865985	44866485	.	0	3
chr3	45385352	45385852	.	0	3
chr11	69453603	69454103	.	0	3
chr6	31698384	31698884	.	0	3
chr8	67687082	67687582	.	0	3
chr16	49401927	49402427	.	0	3
chr2	232537943	232538443	.	0	3
chr1	44231991	44232491	.	0	3
chr3	128880078	128880578	.	0	3
chr1	32526475	32526975	.	0	3
chr11	97507682	97508182	.	0	3
chr5	169901793	169902293	.	0	3
chr13	44652883	44653383	.	0	3
chr13	37352314	37352814	.	0	3
chr2	178524261	178524761	.	0	3
chr16	55326382	55326882	.	0	3
chr17	74965051	74965551	.	0	3
chr11	62619091	62619591	.	0	3
chr4	128976534	128977034	.	0	3
chr19	417659	418159	.	0	3
chr12	56473311	56473811	.	0	3
chr3	149375650	149376150	.	0	3
chr17	17740140	17740640	.	0	3
chr13	103248395	103248895	.	0	3
chr17	16285048	16285548	.	0	3
chr16	72106695	72107195	.	0	3
chr7	80393506	80394006	.	0	3
chr7	51148448	51148948	.	0	3
chr1	64711278	64711778	.	0	3
chr19	9420519	9421019	.	0	3
chr17	7741578	7742078	.	0	3
chr16	279221	279721	.	0	3
chr1	8849620	8850120	.	0	3
chr14	91772288	91772788	.	0	3
chr19	19285740	19286240	.	0	3
chr11	12131783	12132283	.	0	3
chr16	87867889	87868389	.	0	3
chr1	45769316	45769816	.	0	3
chr7	132720238	132720738	.	0	3
chr11	67007213	67007713	.	0	3
chr1	155243177	155243677	.	0	3
chr7	119654926	119655426	.	0	3
chr20	3148868	3149368	.	0	3
chr12	48214271	48214771	.	0	3
chr7	98740811	98741311	.	0	3
chr16	84633206	84633706	.	0	3
chr19	40927010	40927510	.	0	3
chr1	186344246	186344746	.	0	3
chr15	89536005	89536505	.	0	3
chr20	1702780	1703280	.	0	3
chr2	157487147	157487647	.	0	3
chr13	51743359	51743859	.	0	3
chr2	24149802	24150302	.	0	3
chr3	197306919	197307419	.	0	3
chr19	49469199	49469699	.	0	3
chr9	15510889	15511389	.	0	3
chr7	43768967	43769467	.	0	3
chr7	75793065	75793565	.	0	3
chr4	1303008	1303508	.	0	3
chr3	12880721	12881221	.	0	3
chr21	34739404	34739904	.	0	3
chr3	50928362	50928862	.	0	3
chr12	54423612	54424112	.	0	3
chr1	214577890	214578390	.	0	3
chr8	41612801	41613301	.	0	3
chr19	1240093	1240593	.	0	3
chr1	207205906	207206406	.	0	3
chr19	38943571	38944071	.	0	3
chr2	63270776	63271276	.	0	3
chr1	188718348	188718848	.	0	3
chr3	111855557	111856057	.	0	3
chr13	73534610	73535110	.	0	3
chr12	8234531	8235031	.	0	3
chr17	42269499	42269999	.	0	3
