chr17	45973157	45973657	.	0	1
chr16	30621521	30622021	.	0	1
chr15	64752411	64752911	.	0	1
chr19	55727669	55728169	.	0	1
chr19	10828197	10828697	.	0	1
chr7	100183940	100184440	.	0	1
chr8	145987699	145988199	.	0	1
chr1	154973102	154973602	.	0	1
chr4	185655168	185655668	.	0	1
chr19	55689996	55690496	.	0	1
chr19	6372394	6372894	.	0	1
chr2	11606148	11606648	.	0	1
chr12	56367364	56367864	.	0	1
chr16	57769033	57769533	.	0	1
chr9	139780538	139781038	.	0	1
chr11	63953306	63953806	.	0	1
chr17	26368333	26368833	.	0	1
chr18	33077716	33078216	.	0	1
chr19	14117032	14117532	.	0	1
chr2	17699519	17700019	.	0	1
chr17	57232405	57232905	.	0	1
chr12	53773421	53773921	.	0	1
chr1	43311913	43312413	.	0	1
chr3	126422775	126423275	.	0	1
chr15	63796500	63797000	.	0	1
chr19	33462707	33463207	.	0	1
chr19	42773078	42773578	.	0	1
chr2	88926958	88927458	.	0	1
chr8	144152341	144152841	.	0	1
chr19	17377748	17378248	.	0	1
chr19	54641102	54641602	.	0	1
chr19	18303568	18304068	.	0	1
chr1	36851442	36851942	.	0	1
chr19	14318045	14318545	.	0	1
chr10	76586016	76586516	.	0	1
chr19	50180154	50180654	.	0	1
chr14	23790331	23790831	.	0	1
chr14	104181619	104182119	.	0	1
chr16	89557015	89557515	.	0	1
chr19	41082464	41082964	.	0	1
chr12	58132620	58133120	.	0	1
chr9	131842950	131843450	.	0	1
chr1	27021897	27022397	.	0	1
chr1	51984916	51985416	.	0	1
chr11	62608934	62609434	.	0	1
chr22	17602124	17602624	.	0	1
chr12	56211364	56211864	.	0	1
chr17	44302552	44303052	.	0	1
chr1	35658595	35659095	.	0	1
chr11	67275528	67276028	.	0	1
chr5	151151098	151151598	.	0	1
chr5	159546366	159546866	.	0	1
chr22	38054187	38054687	.	0	1
chr1	158094807	158095307	.	0	1
chr1	11322469	11322969	.	0	1
chr22	36783931	36784431	.	0	1
chr17	29035653	29036153	.	0	1
chr19	54481407	54481907	.	0	1
chr21	47604335	47604835	.	0	1
chrX	49047365	49047865	.	0	1
chr3	51740668	51741168	.	0	1
chr11	65382733	65383233	.	0	1
chr12	122028009	122028509	.	0	1
chr11	105892832	105893332	.	0	1
chr7	158316879	158317379	.	0	1
chr3	114865960	114866460	.	0	1
chr11	77705843	77706343	.	0	1
chr6	27782462	27782962	.	0	1
chr19	14317530	14318030	.	0	1
chr8	25315784	25316284	.	0	1
chr19	39340852	39341352	.	0	1
chr19	39340489	39340989	.	0	1
chr17	48172385	48172885	.	0	1
chr19	17970405	17970905	.	0	1
chr14	53019247	53019747	.	0	1
chr6	26124061	26124561	.	0	1
chr19	37288027	37288527	.	0	1
chr14	24836289	24836789	.	0	1
chr15	75743926	75744426	.	0	1
chr7	122319212	122319712	.	0	1
chr17	73285320	73285820	.	0	1
chr2	120550389	120550889	.	0	1
chr17	41438463	41438963	.	0	1
chr15	86337961	86338461	.	0	1
chr17	43138711	43139211	.	0	1
chrX	1780406	1780906	.	0	1
chr17	45177454	45177954	.	0	1
chr19	58892419	58892919	.	0	1
chr2	74685122	74685622	.	0	1
chr16	1832626	1833126	.	0	1
chr4	123653500	123654000	.	0	1
chr2	10952770	10953270	.	0	1
chr16	83874197	83874697	.	0	1
chr7	137686874	137687374	.	0	1
chr19	19174420	19174920	.	0	1
chr11	66725661	66726161	.	0	1
chr1	205719184	205719684	.	0	1
chr11	112831688	112832188	.	0	1
chr17	29035112	29035612	.	0	1
chr3	113415378	113415878	.	0	1
chr13	114428107	114428607	.	0	1
chr12	30037886	30038386	.	0	1
chr12	123868381	123868881	.	0	1
chr19	45393858	45394358	.	0	1
chr6	27775573	27776073	.	0	1
chr10	60028448	60028948	.	0	1
chr7	38217500	38218000	.	0	1
chr10	103911767	103912267	.	0	1
chr19	18654179	18654679	.	0	1
chr17	79992521	79993021	.	0	1
chr19	13001641	13002141	.	0	1
chrX	47221461	47221961	.	0	1
chr10	30811477	30811977	.	0	1
chr19	55850553	55851053	.	0	1
chr22	24181167	24181667	.	0	1
chr7	32643576	32644076	.	0	1
chr11	67895603	67896103	.	0	1
chr14	20929775	20930275	.	0	1
chr17	73775807	73776307	.	0	1
chr11	9482245	9482745	.	0	1
chr12	113658751	113659251	.	0	1
chr8	87354445	87354945	.	0	1
chr2	64977978	64978478	.	0	1
chr17	20771386	20771886	.	0	1
chr21	35013841	35014341	.	0	1
chr19	4471477	4471977	.	0	1
chr10	103124394	103124894	.	0	1
chr19	41256434	41256934	.	0	1
chr2	44394968	44395468	.	0	1
chr1	44115822	44116322	.	0	1
chr16	4666088	4666588	.	0	1
chr1	206137943	206138443	.	0	1
chr1	8877590	8878090	.	0	1
chr4	751914	752414	.	0	1
chr2	136288695	136289195	.	0	1
chr18	34527707	34528207	.	0	1
chr1	143913175	143913675	.	0	1
chr6	74230558	74231058	.	0	1
chr16	639660	640160	.	0	1
chr19	50269869	50270369	.	0	1
chr16	2205193	2205693	.	0	1
chr6	158760192	158760692	.	0	1
chr19	47730633	47731133	.	0	1
chr19	49496380	49496880	.	0	1
chr6	52149408	52149908	.	0	1
chr6	147760192	147760692	.	0	1
chr18	59854090	59854590	.	0	1
chr11	3818614	3819114	.	0	1
chr19	37262201	37262701	.	0	1
chr10	102060867	102061367	.	0	1
chr7	2671139	2671639	.	0	1
chr6	30684895	30685395	.	0	1
chr19	36504948	36505448	.	0	1
chr3	33481912	33482412	.	0	1
chr2	85483332	85483832	.	0	1
chr16	2955679	2956179	.	0	1
chr4	185546901	185547401	.	0	1
chr20	37554720	37555220	.	0	1
chr6	32157909	32158409	.	0	1
chr3	33482258	33482758	.	0	1
chr6	27799180	27799680	.	0	1
chr5	139780463	139780963	.	0	1
chr7	2883849	2884349	.	0	1
chr19	47950067	47950567	.	0	1
chr9	133587863	133588363	.	0	1
chr19	21787184	21787684	.	0	1
chr17	5372195	5372695	.	0	1
chr2	238875296	238875796	.	0	1
chr7	1499134	1499634	.	0	1
chr7	52608861	52609361	.	0	1
chr16	50775645	50776145	.	0	1
chr3	51975751	51976251	.	0	1
chr6	28833515	28834015	.	0	1
chr10	34716102	34716602	.	0	1
chr15	40447333	40447833	.	0	1
chr19	15310826	15311326	.	0	1
chr1	110881284	110881784	.	0	1
chr7	43622364	43622864	.	0	1
chr14	88237434	88237934	.	0	1
chr14	100070464	100070964	.	0	1
chr16	30669371	30669871	.	0	1
chr17	46048019	46048519	.	0	1
chr17	43394309	43394809	.	0	1
chr19	41110043	41110543	.	0	1
chr6	53224242	53224742	.	0	1
chr16	53537092	53537592	.	0	1
chr12	71201729	71202229	.	0	1
chr19	39832689	39833189	.	0	1
chr6	27791501	27792001	.	0	1
chr4	753501	754001	.	0	1
chr6	26923772	26924272	.	0	1
chr7	6866763	6867263	.	0	1
chr7	99541785	99542285	.	0	1
chr4	25314017	25314517	.	0	1
chr8	111758595	111759095	.	0	1
chr15	83737897	83738397	.	0	1
chr1	53168517	53169017	.	0	1
chr8	28347910	28348410	.	0	1
chr17	693910	694410	.	0	1
chr7	158315896	158316396	.	0	1
chr16	46723253	46723753	.	0	1
chr19	35739540	35740040	.	0	1
chr7	32720131	32720631	.	0	1
chr19	52598887	52599387	.	0	1
chr1	17231424	17231924	.	0	1
chr8	143858412	143858912	.	0	1
chrX	149108549	149109049	.	0	1
chr11	58825744	58826244	.	0	1
chr4	79173859	79174359	.	0	1
chr18	14132277	14132777	.	0	1
chr14	70722006	70722506	.	0	1
chr21	45174884	45175384	.	0	1
chr15	42264675	42265175	.	0	1
chr4	55275391	55275891	.	0	1
chr15	62975392	62975892	.	0	1
chr13	49821951	49822451	.	0	1
chr17	7338369	7338869	.	0	1
chr6	111136954	111137454	.	0	1
chr1	149783736	149784236	.	0	1
chr12	113658953	113659453	.	0	1
chr1	155579668	155580168	.	0	1
chr5	179233736	179234236	.	0	1
chr7	72298700	72299200	.	0	1
chr15	40416980	40417480	.	0	1
chr6	10747491	10747991	.	0	1
chr19	54370684	54371184	.	0	1
chr1	120838124	120838624	.	0	1
chr17	26903698	26904198	.	0	1
chr2	198364473	198364973	.	0	1
chr8	27168672	27169172	.	0	1
chr15	65707397	65707897	.	0	1
chr10	51827436	51827936	.	0	1
chr18	32240006	32240506	.	0	1
chr6	159331385	159331885	.	0	1
chr1	229842904	229843404	.	0	1
chr1	182360703	182361203	.	0	1
chr8	82754499	82754999	.	0	1
chr1	2343820	2344320	.	0	1
chr19	36231290	36231790	.	0	1
chr22	41844330	41844830	.	0	1
chr1	149223894	149224394	.	0	1
chr1	173836869	173837369	.	0	1
chr19	8590618	8591118	.	0	1
chr19	17580885	17581385	.	0	1
chr17	44438981	44439481	.	0	1
chr19	51109482	51109982	.	0	1
chr20	62184716	62185216	.	0	1
chr18	67546329	67546829	.	0	1
chr6	155441207	155441707	.	0	1
chr2	148778112	148778612	.	0	1
chr7	155610075	155610575	.	0	1
chr17	61699470	61699970	.	0	1
chr7	66461409	66461909	.	0	1
chr1	120838461	120838961	.	0	1
chr2	201066521	201067021	.	0	1
chr2	44223022	44223522	.	0	1
chr13	45914996	45915496	.	0	1
chr19	50354130	50354630	.	0	1
chr12	133022473	133022973	.	0	1
chr15	65592730	65593230	.	0	1
chr6	28833863	28834363	.	0	1
chr4	182871073	182871573	.	0	1
chr19	50179413	50179913	.	0	1
chr7	158316559	158317059	.	0	1
chr19	14247348	14247848	.	0	1
chr3	187467924	187468424	.	0	1
chr7	100608815	100609315	.	0	1
chr20	10414624	10415124	.	0	1
chr17	45569686	45570186	.	0	1
chr22	42896049	42896549	.	0	1
chr22	39916312	39916812	.	0	1
chr2	85482955	85483455	.	0	1
chr19	49141452	49141952	.	0	1
chr2	61244129	61244629	.	0	1
chr12	50505339	50505839	.	0	1
chr8	28347602	28348102	.	0	1
chr10	2243882	2244382	.	0	1
chr10	103113364	103113864	.	0	1
chr5	159593292	159593792	.	0	1
chr19	14318246	14318746	.	0	1
chr19	1490516	1491016	.	0	1
chr19	8590238	8590738	.	0	1
chr16	46722974	46723474	.	0	1
chr20	45948444	45948944	.	0	1
chr5	139781106	139781606	.	0	1
chr19	41277107	41277607	.	0	1
chr8	23836556	23837056	.	0	1
chr1	17222307	17222807	.	0	1
chr22	41864845	41865345	.	0	1
chr22	50063047	50063547	.	0	1
chr12	100967490	100967990	.	0	1
chr2	132250373	132250873	.	0	1
chr6	167040636	167041136	.	0	1
chr3	114866160	114866660	.	0	1
chr19	1490738	1491238	.	0	1
chr11	77705363	77705863	.	0	1
chr1	12040221	12040721	.	0	1
chr19	10679622	10680122	.	0	1
chr12	8058279	8058779	.	0	1
chr16	87904130	87904630	.	0	1
chr13	114429262	114429762	.	0	1
chr7	64126244	64126744	.	0	1
chr19	17890186	17890686	.	0	1
chr19	49654699	49655199	.	0	1
chr2	87303794	87304294	.	0	1
chr3	133292119	133292619	.	0	1
chr19	46174127	46174627	.	0	1
chr7	65235607	65236107	.	0	1
chr19	14089158	14089658	.	0	1
chr11	111797449	111797949	.	0	1
chr17	43225555	43226055	.	0	1
chr2	86946825	86947325	.	0	1
chr4	187168273	187168773	.	0	1
chr1	228594408	228594908	.	0	1
chr9	136242770	136243270	.	0	1
chr11	57092306	57092806	.	0	1
chr19	51307607	51308107	.	0	1
chr9	35603853	35604353	.	0	1
chr1	155715248	155715748	.	0	1
chr16	21532717	21533217	.	0	1
chr7	68697352	68697852	.	0	1
chr10	12110523	12111023	.	0	1
chr19	5680760	5681260	.	0	1
chr7	91763852	91764352	.	0	1
chr8	10697362	10697862	.	0	1
chr14	93260122	93260622	.	0	1
chr12	8396279	8396779	.	0	1
chr12	6982572	6983072	.	0	1
chr1	87282879	87283379	.	0	1
chr19	46714427	46714927	.	0	1
chr11	67387116	67387616	.	0	1
chr6	77270777	77271277	.	0	1
chr17	20771588	20772088	.	0	1
chr15	40417180	40417680	.	0	1
chr12	56211567	56212067	.	0	1
chr11	125438890	125439390	.	0	1
chr13	114428607	114429107	.	0	1
