0
4
5
7
9
10
11
13
15
16
17
19
21
23
24
26
27
28
29
32
34
36
37
38
39
40
41
42
45
46
48
50
52
54
55
56
58
59
60
62
63
66
67
68
69
71
74
75
76
77
78
79
81
83
84
86
87
88
91
92
93
94
95
96
98
99
100
101
103
104
105
108
109
110
111
112
115
116
117
118
119
120
121
123
125
126
127
128
129
130
131
132
133
134
135
137
138
139
140
141
142
143
144
146
147
150
151
153
154
155
156
157
158
159
160
161
162
165
166
167
169
170
171
173
174
175
176
177
178
179
180
181
182
183
184
185
186
188
189
192
193
194
195
196
197
198
199
200
202
203
204
205
206
207
208
209
210
211
212
213
214
215
217
219
220
221
223
224
225
227
228
229
230
231
233
235
236
237
238
240
241
242
243
244
245
247
248
249
250
251
252
253
256
257
258
260
262
263
264
265
266
267
268
269
273
275
276
277
280
281
282
283
285
286
287
288
289
290
291
295
296
297
300
301
303
305
306
307
308
310
311
312
313
314
315
316
317
318
319
320
324
325
326
328
329
330
331
332
333
334
335
336
337
338
339
340
341
342
345
346
348
350
351
352
354
355
356
357
358
359
360
361
362
363
364
366
368
369
370
371
372
373
374
376
377
378
379
381
382
383
384
386
388
389
390
392
394
395
396
397
398
399
400
401
403
404
405
406
407
409
410
411
412
413
414
415
416
417
419
420
424
425
426
429
430
432
433
435
436
438
439
441
442
443
445
446
447
448
449
450
452
453
455
456
457
458
459
460
461
462
463
464
465
466
467
468
469
470
471
472
473
474
476
477
478
479
480
481
482
483
484
485
486
487
488
489
491
493
494
495
497
498
500
502
506
507
509
511
512
513
514
515
516
517
518
519
520
521
522
524
525
526
527
529
531
532
533
534
535
536
537
538
539
541
542
545
546
547
548
550
552
553
555
556
558
559
562
563
564
565
566
568
570
571
573
577
578
579
580
581
582
583
585
586
587
588
591
594
595
596
597
598
599
600
601
603
604
605
606
607
608
610
611
614
615
618
620
621
624
625
627
629
630
632
634
635
636
637
638
640
641
642
644
645
646
647
649
650
651
652
653
654
655
657
658
659
660
661
662
663
665
666
670
671
672
674
677
678
679
680
682
684
686
687
688
689
691
692
693
694
695
696
697
698
699
700
702
703
704
707
708
709
712
714
716
717
718
719
721
722
723
724
726
727
728
729
730
731
733
735
736
737
738
739
740
741
744
746
747
748
750
753
754
755
756
760
761
762
763
764
765
766
767
768
769
770
772
774
776
777
780
781
782
785
786
788
789
790
791
793
794
796
797
798
799
800
801
802
803
804
805
806
809
810
811
812
813
817
819
820
822
823
824
825
826
829
830
831
832
833
837
838
841
842
843
845
847
848
849
850
851
852
854
855
857
858
859
860
861
862
865
866
867
869
870
871
872
875
876
878
879
880
881
882
884
885
886
887
888
890
892
893
896
897
899
900
904
905
909
910
911
913
914
915
917
918
920
921
923
925
926
927
928
930
934
935
936
937
938
940
943
944
945
949
950
951
952
954
956
957
958
961
962
965
966
967
970
974
976
977
978
979
980
982
984
985
986
987
988
991
992
993
994
995
997
999
1000
1002
1006
1009
1013
1014
1018
1020
1021
1022
1026
1027
1029
1031
1032
1033
1034
1036
1039
1040
1041
1042
1043
1044
1046
1047
1049
1050
1051
1053
1056
1057
1058
1060
1061
1062
1069
1070
1072
1073
1074
1075
1076
1077
1079
1085
1091
1092
1093
1094
1096
1097
1098
1100
1101
1102
1103
1104
1105
1107
1110
1111
1115
1117
1118
1121
1122
1123
1125
1128
1134
1135
1137
1138
1139
1140
1141
1142
1145
1146
1147
1149
1151
1152
1153
1154
1155
1156
1160
1161
1163
1164
1165
1168
1171
1172
1176
1177
1178
1179
1180
1181
1183
1184
1186
1187
1188
1189
1190
1191
1192
1193
1194
1196
1197
1198
1203
1208
1209
1211
1212
1213
1214
1215
1217
1219
1220
1222
1226
1231
1233
1234
1235
1236
1237
1240
1244
1245
1246
1247
1249
1250
1252
1253
1257
1258
1260
1262
1263
1264
1265
1266
1267
1270
1271
1273
1274
1275
1276
1278
1280
1283
1284
1285
1286
1287
1288
1290
1291
1293
1294
1296
1297
1300
1302
1303
1304
1305
1306
1308
1309
1310
1312
1313
1315
1318
1319
1321
1322
1323
1324
1325
1326
1327
1328
1330
1331
1333
1335
1339
1340
1341
1342
1344
1346
1347
1350
1352
1353
1360
1362
1365
1368
1369
1374
1383
1387
1390
1391
1392
1394
1396
1397
1398
1402
1410
1415
1416
1418
1419
1420
1421
1424
1425
1430
1434
1435
1437
1438
1440
1444
1448
1449
1450
1451
1453
1454
1456
1457
1459
1460
1461
1462
1465
1467
1470
1471
1474
1479
1480
1483
1485
1499
1500
1502
1503
1504
1505
1507
1508
1509
1510
1513
1515
1517
1519
1520
1522
1525
1526
1527
1530
1532
1535
1536
1538
1543
1547
1549
1551
1552
1553
1554
1555
1556
1559
1562
1567
1570
1571
1573
1578
1580
1581
1582
1583
1584
1586
1587
1588
1589
1590
1602
1603
1605
1606
1607
1609
1611
1612
1614
1617
1619
1620
1623
1624
1625
1631
1637
1638
1639
1641
1645
1653
1654
1655
1657
1659
1661
1666
1667
1676
1677
1679
1680
1681
1682
1685
1689
1690
1695
1697
1698
1699
1703
1705
1710
1713
1714
1717
1724
1725
1730
1732
1734
1736
1739
1740
1742
1744
1746
1751
1752
1753
1757
1758
1759
1760
1761
1764
1770
1773
1781
1784
1788
1789
1793
1794
1797
1801
1802
1803
1808
1811
1812
1814
1815
1816
1819
1821
1823
1824
1825
1826
1827
1831
1832
1834
1838
1839
1841
1842
1843
1845
1846
1850
1853
1856
1858
1865
1867
1870
1874
1875
1878
1880
1882
1883
1890
1892
1894
1896
1899
1901
1902
1904
1906
1908
1911
1915
1918
1920
1922
1923
1925
1926
1928
1929
1938
1939
1950
1957
1959
1961
1963
1967
1981
1985
1990
2002
2008
2011
2014
2018
2020
2026
2029
2035
2036
2037
2040
2041
2042
2053
2059
2074
2075
2080
2081
2085
2091
2094
2099
2103
2105
2107
2110
2112
2115
2121
2125
2126
2127
2128
2131
2134
2136
2143
2152
2153
2154
2159
2160
2163
2167
2169
2170
2171
2172
2176
2180
2188
2196
2199
2203
2204
2209
2210
2213
2214
2219
2221
2225
2226
2227
2228
2232
2234
2237
2244
2245
2250
2255
2263
2267
2269
2272
2273
2275
2276
2287
2301
2302
2304
2310
2318
2319
2322
2331
2338
2347
2358
2378
2381
2383
2386
2390
2395
2402
2404
2405
2407
2410
2413
2416
2419
2423
2428
2429
2437
2443
2445
2446
2448
2455
2461
2469
2473
2476
2480
2486
2489
2496
2498
2503
2504
2505
2511
2512
2517
2518
2520
2540
2542
2543
2546
2554
2563
2564
2572
2580
2585
2586
2590
2596
2599
2601
2603
2606
2607
2608
2610
2611
2615
2617
2625
2629
2631
2650
2654
2656
2664
2665
2679
2680
2681
2684
2685
2692
2697
2698
2703
2707
2711
2717
2719
2725
2738
2740
2741
2744
2765
2769
2772
2774
2775
2780
2782
2784
2795
2799
2800
2803
2804
2811
2818
2822
2828
2832
2834
2856
2865
2868
2875
2884
2888
2889
2891
2895
2896
2897
2902
2911
2917
2918
2924
2931
2933
2934
2939
2957
2978
2985
2988
2996
3004
3006
3007
3015
3016
3018
3021
3025
3030
3031
3032
3033
3037
3042
3045
3049
3056
3060
3073
3087
3098
3099
3107
3109
3115
3120
3123
3125
3131
3132
3135
3141
3143
3144
3149
3152
3155
3156
3163
3167
3168
3172
3176
3195
3197
3198
3199
3200
3202
3204
3214
3227
3236
3238
3241
3258
3263
3267
3275
3281
3287
3290
3294
3299
3312
3328
3346
3347
3348
3356
3378
3390
3402
3413
3415
3434
3435
3447
3448
3455
3458
3460
3484
3485
3497
3500
3502
3504
3511
3541
3544
3554
3557
3565
3570
3585
3589
3594
3598
3602
3605
3619
3630
3643
3650
3653
3656
3664
3670
3676
3679
3681
3704
3706
3707
3715
3719
3720
3734
3747
3751
3762
3770
3782
3788
3792
3793
3801
3810
3817
3822
3825
3846
3861
3866
3869
3888
3897
3904
3912
3922
3931
3935
3946
3954
3970
3974
3992
4003
4004
4016
4019
4041
4059
4071
4107
4114
4116
4122
4141
4157
4158
4175
4192
4195
4202
4217
4218
4224
4248
4258
4259
4262
4271
4288
4297
4298
4305
4330
4347
4353
4355
4360
4390
4392
4405
4406
4417
4428
4439
4447
4460
4463
4508
4511
4521
4525
4534
4537
4562
4566
4609
4619
4620
4625
4630
4680
4682
4685
4694
4714
4723
4744
4747
4757
4775
4814
4821
4830
4839
4887
4890
4894
4922
4933
4937
4996
5001
5038
5057
5061
5070
5074
5080
5097
5158
5161
5167
5181
5185
5201
5208
5212
5225
5231
5281
5304
5336
5338
5344
5345
5363
5389
5402
5424
5425
5448
5473
5488
5534
5536
5542
5551
5559
5582
5601
5617
5628
5682
5703
5717
5730
5753
5784
5800
5806
5813
5816
5834
5841
5843
5853
5872
5895
5920
5924
5925
5934
5941
5956
5963
6014
6039
6073
6083
6086
6089
6112
6144
6158
6165
6169
6187
6197
6212
6228
6272
6305
6346
6368
6402
6404
6421
6426
6447
6455
6470
6483
6490
6494
6521
6536
6551
6556
6610
6671
6681
6704
6742
6751
6758
6798
6822
6824
6841
6847
6888
6941
6966
6967
6968
7026
7065
7069
7125
7169
7256
7269
7313
7329
7335
7376
7419
7431
7445
7452
7477
7484
7521
7552
7562
7567
7607
7616
7641
7642
7644
7659
7670
7692
7722
7778
7950
8003
8010
8053
8058
8100
8115
8154
8155
8210
8244
8275
8295
8632
8800
8813
8917
8978
9046
9051
9062
9137
9247
9279
9287
9326
9458
9491
9522
9551
9653
9654
9742
9766
9789
9796
9803
9839
9954
10094
10143
10169
10222
10318
10383
10397
10430
10439
10442
10444
10449
10504
10518
10533
10606
10634
10699
10710
10714
10776
10830
10858
10872
10873
10941
10995
11094
11135
