80
89
124
168
201
259
271
278
294
299
302
304
327
353
375
380
402
421
427
428
434
444
454
503
504
505
510
530
540
543
549
554
557
569
574
584
589
593
612
616
617
619
622
623
626
639
643
676
681
683
685
701
705
706
710
713
715
720
725
732
734
742
749
752
758
759
773
778
779
783
795
815
816
821
827
828
834
836
840
844
846
853
863
864
868
873
874
889
891
895
898
901
902
903
907
908
912
916
919
922
924
932
933
939
941
942
946
947
948
953
955
959
960
964
968
969
971
972
975
989
990
1001
1003
1004
1005
1007
1010
1011
1012
1015
1017
1019
1023
1025
1028
1030
1035
1037
1038
1045
1048
1054
1059
1064
1065
1067
1068
1071
1078
1080
1081
1082
1083
1084
1087
1088
1089
1090
1099
1106
1108
1113
1114
1120
1124
1126
1127
1129
1131
1143
1144
1148
1150
1157
1166
1169
1173
1175
1182
1199
1200
1201
1206
1207
1210
1216
1218
1221
1223
1224
1225
1227
1228
1230
1232
1238
1242
1243
1248
1251
1255
1256
1259
1268
1272
1277
1279
1289
1292
1295
1298
1299
1307
1311
1314
1316
1317
1320
1329
1332
1336
1343
1345
1348
1349
1354
1355
1356
1357
1358
1359
1361
1363
1367
1370
1371
1372
1373
1375
1376
1377
1378
1381
1384
1385
1386
1388
1393
1395
1399
1403
1404
1406
1407
1408
1409
1411
1412
1413
1414
1417
1423
1426
1427
1428
1429
1431
1432
1433
1436
1439
1441
1443
1445
1446
1447
1458
1463
1469
1472
1473
1475
1476
1477
1481
1482
1484
1486
1487
1488
1489
1490
1491
1493
1494
1495
1496
1498
1501
1506
1511
1514
1516
1518
1521
1523
1524
1528
1529
1531
1533
1534
1537
1539
1540
1542
1544
1545
1546
1548
1550
1558
1564
1565
1566
1568
1574
1575
1576
1577
1579
1585
1591
1592
1593
1597
1598
1599
1600
1604
1608
1610
1613
1615
1616
1618
1622
1626
1628
1630
1632
1633
1635
1636
1640
1642
1643
1646
1647
1648
1649
1650
1651
1652
1656
1658
1660
1662
1663
1664
1665
1668
1670
1672
1673
1674
1675
1678
1683
1684
1686
1687
1688
1691
1692
1694
1696
1700
1701
1702
1706
1708
1711
1712
1715
1718
1720
1721
1722
1726
1727
1728
1731
1735
1737
1738
1741
1743
1745
1747
1748
1749
1750
1754
1755
1756
1763
1765
1768
1772
1774
1776
1777
1782
1783
1787
1795
1798
1799
1800
1804
1805
1807
1809
1810
1813
1817
1818
1820
1822
1828
1829
1833
1835
1836
1840
1844
1847
1848
1849
1851
1852
1860
1862
1864
1868
1869
1871
1873
1876
1877
1879
1881
1884
1886
1889
1891
1895
1898
1900
1903
1905
1907
1909
1912
1914
1916
1917
1921
1924
1930
1931
1933
1934
1935
1936
1937
1940
1942
1943
1944
1945
1946
1947
1948
1949
1951
1952
1953
1955
1956
1958
1964
1965
1968
1969
1970
1971
1972
1974
1975
1976
1977
1978
1979
1982
1983
1984
1986
1987
1988
1989
1991
1992
1993
1995
1996
1997
1998
1999
2000
2001
2003
2004
2006
2007
2009
2010
2012
2013
2015
2016
2017
2019
2021
2023
2025
2028
2030
2031
2032
2033
2038
2039
2043
2044
2045
2047
2048
2049
2050
2052
2054
2056
2057
2058
2060
2061
2062
2063
2064
2065
2066
2067
2068
2069
2070
2071
2073
2076
2077
2078
2079
2083
2084
2086
2087
2088
2089
2090
2093
2095
2096
2097
2098
2100
2101
2104
2106
2108
2109
2111
2113
2116
2117
2118
2119
2120
2122
2123
2124
2129
2130
2132
2133
2137
2138
2139
2140
2141
2142
2146
2147
2148
2149
2150
2151
2155
2156
2157
2158
2161
2164
2165
2166
2168
2173
2174
2175
2177
2185
2186
2187
2189
2190
2193
2194
2195
2200
2205
2206
2207
2208
2211
2216
2217
2218
2220
2222
2223
2224
2229
2230
2231
2235
2238
2240
2241
2243
2246
2247
2248
2249
2252
2253
2256
2257
2259
2260
2265
2268
2270
2271
2274
2277
2278
2280
2281
2282
2283
2284
2285
2286
2288
2289
2290
2291
2292
2293
2294
2295
2297
2298
2299
2300
2306
2308
2311
2312
2314
2315
2317
2320
2321
2323
2324
2325
2328
2330
2332
2333
2334
2335
2337
2339
2340
2341
2343
2344
2345
2348
2349
2350
2351
2352
2353
2354
2356
2357
2360
2361
2362
2364
2365
2366
2367
2368
2369
2370
2371
2372
2373
2374
2376
2377
2379
2380
2382
2385
2387
2388
2389
2391
2392
2394
2396
2397
2403
2406
2408
2409
2411
2414
2417
2418
2420
2421
2422
2424
2426
2427
2431
2432
2434
2435
2440
2442
2447
2449
2451
2452
2453
2454
2457
2458
2459
2460
2462
2463
2465
2466
2467
2468
2470
2471
2472
2474
2477
2479
2481
2483
2484
2487
2490
2491
2492
2493
2494
2495
2497
2500
2501
2506
2509
2513
2514
2515
2516
2519
2521
2522
2523
2524
2526
2527
2528
2529
2530
2531
2533
2534
2535
2536
2537
2538
2539
2541
2544
2545
2547
2549
2550
2552
2553
2556
2557
2558
2559
2560
2561
2562
2565
2566
2567
2568
2569
2570
2575
2576
2577
2578
2581
2582
2583
2584
2587
2588
2589
2591
2592
2593
2594
2595
2598
2602
2604
2605
2609
2613
2614
2616
2618
2619
2620
2622
2624
2626
2627
2628
2630
2635
2636
2637
2638
2639
2640
2641
2642
2643
2645
2646
2647
2648
2652
2653
2655
2657
2659
2660
2661
2662
2663
2666
2667
2668
2669
2671
2672
2673
2675
2676
2677
2678
2682
2687
2689
2694
2695
2700
2701
2705
2706
2708
2709
2710
2712
2713
2715
2716
2718
2721
2722
2723
2724
2726
2727
2728
2729
2730
2731
2732
2733
2734
2736
2737
2739
2743
2745
2746
2747
2748
2749
2750
2751
2752
2753
2754
2756
2757
2758
2759
2760
2764
2767
2768
2770
2771
2777
2778
2783
2785
2786
2787
2788
2789
2791
2792
2793
2794
2796
2797
2798
2802
2805
2807
2808
2809
2812
2814
2816
2817
2819
2820
2821
2823
2824
2825
2827
2830
2831
2833
2835
2836
2837
2838
2839
2841
2842
2843
2844
2846
2847
2848
2849
2850
2851
2852
2853
2855
2858
2859
2861
2862
2864
2866
2867
2869
2870
2871
2873
2874
2876
2877
2878
2879
2882
2883
2885
2886
2887
2890
2892
2894
2898
2899
2900
2903
2904
2905
2906
2907
2908
2909
2912
2913
2914
2915
2916
2919
2920
2921
2922
2925
2926
2927
2928
2929
2935
2936
2937
2938
2942
2943
2944
2946
2948
2949
2950
2951
2955
2958
2959
2961
2963
2964
2965
2966
2967
2968
2969
2970
2971
2972
2973
2976
2977
2979
2980
2983
2984
2986
2987
2989
2990
2991
2992
2993
2994
2995
2999
3000
3001
3002
3005
3009
3010
3011
3012
3013
3019
3020
3023
3024
3026
3027
3028
3029
3035
3036
3039
3040
3046
3047
3048
3050
3051
3052
3053
3054
3057
3058
3059
3061
3062
3063
3064
3065
3066
3068
3069
3070
3072
3074
3075
3076
3077
3079
3080
3082
3083
3085
3089
3090
3091
3093
3094
3097
3100
3102
3103
3104
3105
3106
3112
3113
3116
3117
3121
3122
3124
3127
3128
3129
3133
3134
3136
3137
3138
3139
3142
3145
3146
3147
3148
3150
3153
3157
3158
3159
3160
3162
3164
3165
3169
3171
3173
3174
3178
3180
3181
3182
3183
3184
3185
3186
3188
3190
3191
3192
3196
3201
3203
3208
3209
3210
3211
3212
3213
3215
3216
3217
3218
3219
3220
3221
3222
3223
3224
3225
3226
3229
3230
3232
3233
3234
3235
3237
3239
3240
3242
3243
3244
3245
3246
3247
3248
3254
3256
3259
3261
3262
3264
3265
3266
3268
3269
3270
3271
3272
3274
3276
3278
3279
3280
3282
3283
3285
3286
3288
3289
3291
3293
3295
3296
3297
3300
3301
3302
3303
3304
3305
3307
3308
3309
3310
3311
3313
3314
3315
3316
3317
3318
3319
3320
3321
3322
3324
3325
3326
3327
3329
3331
3333
3334
3335
3338
3339
3341
3343
3344
3349
3350
3351
3352
3353
3354
3355
3357
3359
3360
3361
3362
3363
3364
3365
3366
3367
3373
3374
3375
3376
3377
3379
3380
3382
3383
3385
3387
3389
3391
3392
3393
3394
3395
3396
3398
3399
3400
3401
3403
3404
3405
3406
3407
3408
3409
3410
3412
3414
3416
3417
3418
3419
3420
3421
3422
3424
3425
3426
3427
3428
3429
3430
3431
3432
3433
3436
3438
3439
3440
3441
3442
3445
3449
3450
3451
3452
3453
3456
3459
3461
3462
3463
3464
3465
3466
3468
3471
3472
3474
3476
3477
3478
3479
3481
3482
3483
3486
3487
3490
3491
3492
3493
3495
3496
3498
3501
3503
3505
3506
3507
3509
3510
3513
3514
3515
3518
3519
3521
3524
3525
3526
3528
3529
3531
3532
3533
3534
3535
3537
3538
3540
3542
3543
3546
3548
3549
3550
3553
3556
3559
3560
3562
3564
3566
3568
3569
3571
3574
3575
3577
3580
3582
3584
3590
3591
3592
3593
3595
3596
3597
3601
3603
3604
3607
3609
3612
3613
3614
3615
3616
3617
3618
3620
3622
3624
3625
3626
3627
3631
3632
3633
3634
3635
3636
3637
3638
3639
3640
3641
3642
3645
3648
3649
3651
3652
3654
3657
3658
3659
3661
3662
3663
3665
3666
3667
3668
3669
3671
3672
3674
3675
3677
3682
3683
3684
3686
3688
3689
3690
3691
3692
3693
3694
3696
3697
3698
3699
3700
3701
3702
3703
3708
3709
3710
3713
3714
3716
3717
3722
3723
3724
3725
3726
3729
3730
3733
3735
3736
3739
3740
3741
3742
3743
3744
3745
3746
3748
3750
3752
3753
3754
3755
3756
3758
3759
3760
3761
3763
3766
3767
3769
3771
3772
3773
3776
3779
3780
3781
3783
3785
3786
3787
3789
3790
3791
3794
3796
3797
3798
3800
3804
3805
3807
3808
3811
3812
3814
3815
3816
3818
3819
3820
3824
3826
3827
3828
3829
3831
3832
3833
3834
3835
3836
3837
3838
3840
3841
3842
3843
3845
3847
3848
3851
3852
3853
3854
3855
3856
3857
3858
3859
3860
3864
3865
3868
3870
3871
3872
3874
3875
3876
3879
3880
3881
3882
3883
3885
3887
3889
3890
3891
3892
3893
3894
3895
3898
3899
3901
3902
3903
3905
3908
3909
3910
3911
3913
3914
3915
3916
3919
3921
3923
3926
3927
3928
3929
3930
3932
3933
3934
3936
3937
3938
3939
3940
3942
3943
3944
3945
3947
3948
3950
3951
3952
3953
3957
3959
3960
3961
3964
3965
3966
3967
3968
3969
3971
3973
3977
3981
3984
3987
3988
3989
3994
3995
3997
3998
3999
4000
4001
4002
4005
4006
4011
4012
4013
4014
4015
4017
4020
4021
4022
4024
4025
4028
4030
4031
4032
4033
4034
4036
4038
4039
4040
4042
4044
4045
4048
4049
4050
4051
4053
4054
4055
4056
4057
4060
4061
4063
4064
4065
4066
4067
4068
4070
4072
4074
4075
4076
4077
4078
4079
4080
4081
4084
4085
4086
4087
4089
4091
4092
4093
4097
4098
4099
4102
4103
4104
4105
4108
4109
4110
4111
4112
4115
4118
4120
4121
4123
4125
4126
4128
4131
4133
4135
4136
4138
4140
4142
4144
4145
4147
4148
4151
4152
4153
4154
4156
4160
4163
4164
4165
4166
4167
4170
4171
4173
4176
4177
4178
4179
4180
4182
4184
4185
4188
4191
4196
4197
4199
4200
4203
4205
4206
4207
4208
4209
4210
4214
4219
4220
4221
4222
4223
4226
4227
4228
4229
4230
4231
4232
4233
4234
4237
4238
4239
4240
4241
4242
4243
4244
4245
4246
4247
4251
4253
4255
4256
4257
4261
4264
4265
4266
4270
4272
4273
4274
4275
4276
4277
4281
4283
4284
4285
4287
4289
4290
4291
4292
4293
4294
4296
4299
4301
4303
4306
4307
4308
4309
4310
4311
4312
4313
4314
4316
4317
4320
4322
4323
4327
4329
4331
4332
4333
4334
4335
4336
4337
4338
4339
4340
4341
4342
4343
4344
4345
4349
4351
4352
4354
4356
4359
4361
4362
4363
4365
4366
4368
4369
4370
4372
4373
4374
4376
4378
4379
4380
4381
4382
4384
4385
4386
4387
4388
4389
4393
4394
4395
4396
4397
4399
4409
4411
4412
4413
4414
4416
4419
4421
4422
4424
4427
4429
4430
4432
4434
4437
4440
4441
4448
4450
4451
4453
4454
4455
4459
4462
4464
4465
4466
4467
4469
4470
4471
4472
4473
4474
4475
4476
4477
4478
4479
4482
4483
4484
4485
4487
4489
4490
4491
4492
4493
4494
4495
4498
4500
4503
4505
4506
4509
4515
4516
4519
4520
4522
4524
4526
4527
4528
4529
4530
4531
4532
4533
4535
4539
4541
4542
4544
4545
4546
4547
4548
4550
4551
4552
4553
4554
4555
4556
4557
4558
4559
4560
4561
4564
4567
4568
4569
4570
4571
4572
4574
4576
4577
4578
4579
4580
4582
4583
4584
4585
4587
4588
4589
4590
4593
4594
4596
4598
4605
4606
4607
4610
4611
4612
4613
4614
4615
4616
4617
4624
4626
4629
4631
4632
4633
4634
4635
4637
4638
4639
4641
4642
4644
4646
4648
4650
4651
4652
4653
4654
4655
4656
4657
4659
4660
4661
4662
4664
4665
4666
4667
4668
4670
4671
4673
4674
4676
4677
4678
4679
4681
4683
4686
4687
4690
4691
4692
4695
4696
4697
4698
4700
4701
4702
4703
4704
4706
4707
4710
4712
4713
4716
4717
4719
4721
4722
4724
4726
4727
4728
4729
4730
4731
4732
4733
4734
4735
4736
4737
4739
4742
4743
4745
4746
4749
4750
4751
4752
4753
4755
4756
4759
4761
4763
4765
4768
4769
4771
4776
4777
4779
4780
4781
4784
4785
4787
4792
4793
4795
4797
4799
4802
4804
4805
4806
4807
4809
4811
4813
4815
4818
4819
4822
4824
4825
4827
4828
4829
4831
4832
4833
4841
4842
4845
4846
4847
4848
4850
4851
4853
4854
4856
4863
4866
4867
4868
4870
4871
4872
4873
4875
4876
4878
4879
4881
4882
4883
4884
4885
4886
4888
4889
4891
4893
4895
4897
4900
4902
4903
4904
4905
4907
4908
4910
4911
4912
4913
4916
4917
4918
4921
4923
4924
4925
4926
4931
4932
4935
4936
4941
4942
4947
4949
4950
4951
4954
4955
4957
4958
4959
4960
4961
4962
4963
4965
4966
4967
4968
4969
4970
4971
4973
4974
4975
4978
4979
4980
4981
4984
4987
4989
4990
4991
4993
4994
4995
4997
4998
4999
5003
5004
5005
5006
5008
5009
5010
5012
5013
5017
5018
5019
5023
5024
5025
5029
5031
5032
5033
5034
5035
5036
5039
5040
5041
5042
5043
5045
5046
5049
5052
5053
5059
5060
5062
5064
5065
5066
5067
5071
5072
5075
5076
5078
5081
5082
5084
5086
5087
5088
5089
5090
5092
5093
5095
5096
5098
5099
5101
5102
5103
5104
5105
5107
5108
5109
5110
5111
5112
5113
5115
5116
5118
5119
5121
5122
5123
5124
5125
5126
5127
5129
5130
5131
5132
5133
5136
5137
5138
5139
5140
5141
5143
5145
5147
5148
5149
5150
5151
5152
5153
5154
5159
5160
5162
5163
5164
5165
5168
5170
5171
5172
5173
5174
5182
5183
5184
5186
5187
5190
5191
5192
5193
5194
5195
5198
5200
5202
5204
5205
5207
5209
5210
5211
5213
5214
5215
5217
5218
5219
5220
5221
5223
5226
5227
5228
5229
5230
5232
5235
5236
5237
5240
5243
5244
5245
5246
5247
5250
5252
5253
5255
5258
5259
5260
5262
5263
5267
5268
5269
5270
5274
5277
5280
5283
5285
5289
5290
5292
5293
5294
5295
5296
5297
5300
5301
5302
5305
5306
5307
5308
5309
5310
5312
5313
5315
5317
5318
5319
5320
5325
5326
5327
5328
5329
5330
5332
5333
5334
5335
5337
5339
5340
5341
5342
5347
5348
5350
5351
5352
5353
5354
5356
5357
5359
5362
5364
5365
5366
5367
5368
5369
5370
5371
5373
5375
5377
5379
5381
5383
5385
5387
5388
5391
5393
5394
5395
5397
5398
5399
5400
5401
5403
5404
5405
5406
5407
5408
5411
5413
5414
5415
5418
5419
5422
5423
5426
5427
5429
5430
5431
5432
5433
5434
5435
5437
5438
5439
5440
5441
5443
5444
5445
5447
5451
5452
5454
5455
5457
5460
5461
5463
5464
5466
5467
5471
5472
5475
5476
5477
5478
5479
5481
5484
5486
5490
5492
5494
5497
5498
5499
5500
5501
5502
5505
5507
5509
5510
5512
5513
5515
5516
5517
5518
5519
5520
5522
5524
5525
5526
5528
5529
5531
5532
5537
5538
5539
5540
5541
5543
5545
5547
5548
5552
5553
5555
5556
5557
5558
5560
5561
5562
5563
5564
5568
5571
5572
5574
5575
5576
5578
5579
5580
5581
5583
5585
5586
5590
5591
5593
5596
5597
5598
5602
5603
5605
5606
5607
5609
5610
5611
5613
5614
5615
5616
5618
5620
5621
5622
5623
5624
5626
5627
5630
5635
5637
5638
5639
5640
5641
5642
5643
5646
5647
5648
5649
5651
5652
5655
5657
5659
5660
5661
5663
5664
5665
5667
5668
5669
5671
5674
5675
5677
5678
5679
5683
5687
5688
5689
5693
5695
5696
5697
5699
5700
5702
5704
5705
5708
5709
5711
5713
5714
5716
5721
5723
5724
5726
5727
5729
5731
5732
5734
5737
5738
5739
5740
5741
5742
5743
5748
5749
5751
5755
5758
5759
5760
5763
5764
5766
5767
5768
5770
5771
5772
5776
5777
5779
5780
5781
5786
5787
5789
5791
5794
5795
5797
5798
5799
5803
5804
5805
5809
5812
5814
5817
5818
5820
5822
5825
5826
5827
5828
5829
5831
5832
5835
5840
5842
5845
5846
5847
5849
5850
5852
5855
5860
5861
5866
5868
5869
5870
5871
5873
5874
5875
5877
5879
5880
5882
5885
5886
5887
5891
5892
5893
5897
5898
5899
5901
5902
5903
5905
5906
5908
5909
5910
5913
5914
5915
5916
5918
5921
5923
5926
5929
5930
5931
5933
5935
5937
5938
5942
5946
5947
5948
5950
5951
5952
5953
5954
5958
5959
5960
5961
5962
5964
5965
5967
5968
5970
5972
5973
5975
5976
5977
5979
5980
5981
5984
5985
5986
5987
5988
5989
5991
5992
5995
5996
5998
6002
6004
6005
6006
6010
6011
6012
6015
6016
6017
6019
6020
6023
6026
6027
6028
6029
6032
6033
6034
6035
6038
6040
6041
6042
6043
6051
6053
6055
6056
6057
6059
6060
6062
6065
6067
6070
6071
6072
6076
6077
6078
6079
6080
6081
6082
6084
6085
6087
6091
6092
6093
6094
6096
6097
6098
6099
6100
6101
6105
6106
6108
6109
6110
6113
6114
6115
6116
6117
6118
6119
6121
6124
6125
6128
6132
6133
6134
6135
6136
6137
6138
6139
6140
6141
6142
6145
6150
6151
6154
6159
6160
6164
6166
6167
6171
6172
6173
6174
6175
6176
6177
6178
6179
6181
6184
6185
6186
6188
6191
6192
6194
6195
6198
6199
6203
6204
6205
6206
6207
6213
6214
6215
6216
6217
6218
6221
6222
6227
6230
6231
6233
6236
6238
6240
6242
6243
6244
6245
6246
6247
6248
6249
6252
6253
6254
6257
6258
6260
6263
6264
6265
6268
6269
6270
6271
6273
6274
6275
6276
6277
6278
6280
6281
6282
6283
6284
6285
6286
6290
6292
6293
6297
6299
6300
6302
6303
6304
6307
6310
6311
6313
6315
6317
6318
6321
6323
6324
6327
6328
6330
6331
6335
6336
6337
6338
6339
6340
6342
6349
6350
6352
6354
6355
6357
6358
6359
6360
6361
6362
6363
6364
6365
6367
6369
6370
6371
6372
6373
6374
6375
6376
6377
6378
6379
6381
6382
6383
6386
6387
6388
6391
6392
6393
6394
6395
6396
6398
6399
6400
6401
6403
6405
6406
6407
6408
6410
6412
6413
6416
6418
6419
6420
6422
6423
6424
6425
6427
6428
6429
6430
6431
6433
6435
6436
6437
6438
6439
6443
6445
6449
6451
6454
6456
6458
6459
6460
6461
6462
6463
6464
6465
6466
6467
6468
6473
6474
6475
6476
6478
6479
6481
6482
6485
6486
6488
6489
6491
6492
6493
6496
6498
6499
6500
6501
6503
6505
6506
6507
6509
6512
6514
6518
6519
6520
6526
6528
6530
6531
6534
6537
6538
6540
6542
6543
6545
6546
6548
6549
6550
6552
6553
6557
6558
6560
6561
6562
6563
6564
6565
6566
6567
6568
6569
6571
6572
6573
6574
6576
6578
6580
6581
6582
6583
6584
6586
6587
6588
6590
6593
6596
6601
6602
6603
6604
6606
6609
6611
6612
6613
6614
6617
6620
6621
6622
6624
6626
6629
6630
6632
6633
6636
6637
6639
6640
6641
6642
6646
6647
6648
6649
6653
6654
6655
6656
6657
6658
6659
6660
6661
6663
6665
6666
6668
6669
6670
6672
6675
6678
6684
6685
6690
6691
6695
6697
6699
6700
6701
6702
6703
6706
6708
6709
6711
6713
6714
6715
6716
6717
6718
6719
6720
6721
6722
6724
6726
6727
6728
6731
6732
6733
6734
6735
6737
6738
6739
6740
6741
6743
6745
6746
6747
6749
6753
6755
6759
6762
6763
6764
6765
6770
6772
6773
6776
6777
6779
6784
6785
6786
6787
6792
6793
6794
6796
6800
6801
6802
6803
6805
6806
6807
6808
6812
6814
6816
6817
6818
6821
6823
6825
6826
6827
6834
6835
6837
6839
6840
6842
6844
6845
6846
6848
6850
6851
6854
6857
6859
6861
6862
6863
6867
6869
6872
6873
6874
6877
6878
6880
6881
6883
6885
6886
6887
6889
6890
6891
6892
6894
6895
6897
6899
6901
6903
6906
6907
6908
6909
6913
6914
6915
6920
6921
6923
6924
6925
6927
6928
6932
6933
6934
6935
6936
6937
6939
6940
6942
6944
6946
6948
6949
6950
6951
6952
6953
6955
6957
6958
6960
6961
6963
6964
6969
6971
6972
6973
6974
6975
6976
6978
6979
6981
6983
6984
6986
6987
6989
6990
6991
6992
6993
6996
6998
7002
7003
7005
7006
7007
7008
7009
7010
7011
7012
7013
7015
7016
7020
7021
7024
7027
7029
7030
7033
7035
7036
7038
7039
7042
7044
7045
7046
7047
7048
7051
7052
7053
7055
7056
7057
7058
7061
7064
7071
7072
7074
7077
7080
7081
7084
7087
7088
7095
7096
7098
7099
7100
7102
7105
7106
7108
7109
7110
7112
7113
7114
7115
7118
7120
7121
7122
7123
7127
7131
7132
7133
7134
7135
7137
7139
7141
7143
7144
7145
7149
7152
7153
7156
7158
7159
7160
7161
7170
7172
7174
7176
7179
7180
7182
7183
7184
7187
7190
7191
7193
7196
7199
7201
7203
7205
7206
7208
7209
7211
7213
7215
7216
7217
7221
7222
7226
7227
7229
7230
7232
7233
7235
7236
7237
7238
7239
7240
7241
7242
7243
7244
7245
7246
7248
7249
7253
7255
7257
7258
7259
7260
7261
7264
7265
7266
7270
7271
7272
7275
7276
7277
7278
7279
7280
7281
7282
7283
7284
7285
7286
7287
7288
7289
7290
7291
7293
7294
7295
7296
7297
7298
7299
7300
7303
7304
7307
7309
7312
7314
7315
7316
7319
7322
7323
7325
7326
7328
7330
7331
7332
7334
7338
7339
7340
7343
7344
7345
7347
7348
7350
7351
7352
7354
7355
7356
7358
7359
7360
7361
7362
7363
7364
7366
7367
7368
7369
7370
7372
7374
7375
7377
7378
7381
7382
7383
7384
7386
7388
7390
7394
7395
7396
7398
7400
7402
7404
7409
7410
7412
7413
7414
7416
7417
7420
7422
7423
7424
7425
7426
7427
7428
7429
7430
7433
7434
7435
7437
7439
7443
7444
7448
7449
7451
7454
7455
7456
7459
7461
7463
7464
7465
7466
7467
7468
7469
7471
7475
7478
7480
7481
7485
7487
7488
7490
7493
7498
7500
7501
7504
7505
7506
7507
7509
7511
7513
7514
7516
7518
7520
7522
7523
7524
7525
7526
7527
7530
7531
7532
7533
7536
7537
7538
7539
7540
7542
7544
7545
7549
7553
7556
7559
7560
7563
7564
7565
7566
7569
7576
7578
7579
7580
7582
7585
7587
7588
7589
7593
7595
7599
7601
7602
7603
7605
7606
7608
7609
7610
7613
7614
7615
7619
7620
7621
7622
7629
7632
7633
7634
7635
7637
7638
7639
7640
7643
7647
7648
7649
7652
7655
7657
7658
7662
7663
7664
7665
7666
7668
7669
7671
7673
7674
7675
7678
7681
7683
7685
7686
7689
7690
7696
7697
7698
7699
7703
7704
7705
7707
7710
7712
7713
7715
7716
7717
7719
7720
7723
7724
7725
7726
7729
7730
7734
7735
7736
7738
7740
7741
7742
7744
7745
7746
7747
7748
7749
7754
7755
7756
7757
7758
7759
7760
7762
7763
7765
7767
7769
7770
7772
7775
7776
7777
7779
7780
7783
7784
7785
7786
7787
7788
7789
7793
7795
7797
7798
7799
7801
7802
7803
7804
7806
7809
7810
7811
7812
7813
7815
7817
7820
7824
7825
7827
7828
7829
7830
7831
7835
7836
7840
7843
7845
7847
7848
7849
7852
7855
7856
7858
7859
7860
7862
7863
7864
7865
7868
7873
7874
7877
7879
7880
7883
7886
7887
7889
7891
7892
7896
7898
7903
7907
7908
7910
7911
7912
7913
7919
7920
7922
7924
7925
7926
7927
7933
7935
7936
7938
7939
7942
7943
7944
7945
7947
7948
7953
7958
7960
7961
7963
7964
7967
7969
7970
7971
7973
7974
7981
7983
7985
7986
7987
7990
7991
7995
7997
8000
8001
8002
8004
8005
8006
8007
8008
8014
8015
8020
8021
8022
8023
8024
8026
8027
8028
8029
8030
8032
8033
8038
8040
8042
8044
8045
8047
8049
8054
8057
8059
8064
8066
8067
8069
8070
8071
8072
8073
8075
8076
8077
8078
8080
8081
8084
8085
8086
8087
8088
8092
8093
8098
8101
8104
8105
8106
8107
8108
8110
8112
8117
8118
8122
8125
8127
8128
8129
8130
8131
8132
8136
8137
8139
8142
8143
8145
8146
8147
8149
8150
8152
8153
8156
8157
8158
8159
8160
8161
8162
8164
8165
8167
8168
8169
8170
8171
8176
8179
8180
8182
8184
8185
8186
8187
8188
8189
8191
8193
8194
8195
8196
8197
8198
8199
8200
8201
8202
8203
8204
8205
8206
8207
8211
8212
8213
8216
8217
8218
8220
8222
8223
8226
8235
8239
8241
8243
8245
8247
8249
8255
8258
8259
8261
8263
8265
8266
8267
8270
8272
8274
8276
8277
8279
8282
8283
8285
8287
8288
8289
8290
8291
8292
8296
8297
8299
8300
8301
8302
8304
8305
8309
8310
8311
8312
8313
8314
8315
8316
8317
8318
8320
8322
8323
8324
8326
8327
8328
8329
8330
8331
8332
8333
8334
8335
8336
8338
8339
8340
8345
8346
8347
8348
8350
8351
8352
8356
8357
8358
8359
8362
8364
8365
8367
8368
8369
8371
8372
8373
8375
8376
8377
8378
8380
8381
8382
8383
8385
8386
8388
8390
8391
8392
8393
8395
8396
8397
8399
8400
8401
8402
8407
8408
8409
8410
8412
8413
8414
8415
8416
8417
8418
8424
8426
8428
8429
8432
8433
8434
8436
8437
8439
8440
8444
8445
8446
8447
8448
8449
8450
8455
8457
8458
8461
8462
8463
8467
8468
8474
8475
8478
8479
8480
8481
8483
8485
8489
8490
8491
8493
8494
8495
8496
8498
8500
8503
8505
8506
8507
8509
8512
8515
8516
8519
8520
8521
8523
8524
8525
8529
8530
8531
8532
8534
8536
8537
8538
8539
8544
8546
8547
8548
8550
8551
8554
8556
8557
8558
8559
8560
8561
8562
8563
8565
8566
8568
8569
8571
8572
8573
8576
8578
8579
8582
8585
8586
8589
8593
8594
8597
8598
8599
8600
8601
8602
8605
8607
8608
8610
8611
8613
8615
8616
8618
8620
8621
8622
8623
8627
8629
8631
8633
8634
8635
8637
8638
8640
8642
8643
8644
8645
8647
8649
8651
8652
8654
8655
8657
8660
8661
8665
8666
8670
8671
8678
8680
8681
8682
8683
8684
8686
8687
8689
8690
8691
8693
8694
8695
8697
8698
8699
8701
8703
8705
8708
8710
8711
8715
8716
8717
8722
8723
8726
8728
8730
8731
8732
8733
8735
8737
8739
8740
8741
8742
8743
8747
8748
8750
8754
8755
8757
8759
8761
8763
8766
8767
8768
8769
8770
8771
8773
8777
8778
8779
8782
8783
8786
8788
8789
8790
8791
8792
8793
8794
8795
8796
8799
8802
8804
8807
8814
8816
8817
8820
8821
8826
8827
8828
8830
8831
8835
8837
8839
8840
8841
8842
8843
8844
8845
8849
8852
8853
8855
8856
8858
8859
8864
8865
8867
8871
8873
8875
8878
8883
8885
8886
8887
8889
8890
8892
8893
8895
8900
8901
8902
8903
8904
8905
8906
8907
8908
8910
8911
8914
8915
8916
8920
8921
8922
8923
8925
8927
8928
8929
8930
8932
8934
8937
8940
8945
8946
8947
8948
8949
8951
8952
8953
8955
8956
8958
8960
8961
8963
8965
8966
8967
8969
8973
8975
8976
8979
8980
8983
8984
8985
8987
8988
8989
8990
8991
8992
8993
8994
8996
8998
9001
9002
9004
9006
9007
9008
9009
9013
9015
9017
9022
9023
9026
9028
9029
9032
9033
9034
9036
9038
9039
9041
9049
9050
9052
9053
9055
9060
9063
9065
9068
9069
9071
9072
9073
9079
9080
9081
9082
9083
9085
9086
9088
9090
9091
9093
9096
9098
9099
9105
9108
9110
9111
9113
9115
9119
9120
9121
9122
9124
9126
9127
9132
9134
9135
9138
9141
9143
9145
9151
9152
9153
9154
9156
9157
9160
9162
9167
9170
9171
9172
9174
9176
9179
9180
9181
9183
9184
9188
9189
9194
9195
9196
9197
9199
9200
9201
9202
9203
9208
9211
9214
9215
9217
9218
9219
9220
9223
9227
9228
9229
9230
9234
9237
9238
9239
9240
9241
9243
9244
9246
9251
9253
9257
9258
9261
9262
9263
9267
9270
9271
9272
9275
9276
9278
9280
9283
9286
9288
9289
9290
9293
9296
9297
9298
9299
9300
9302
9303
9304
9306
9309
9311
9312
9313
9314
9316
9319
9321
9323
9328
9331
9334
9335
9336
9338
9339
9341
9343
9345
9348
9349
9351
9354
9356
9357
9358
9360
9363
9364
9366
9371
9374
9379
9382
9383
9384
9385
9386
9388
9390
9392
9394
9396
9397
9398
9399
9401
9402
9403
9404
9406
9407
9412
9414
9415
9420
9427
9431
9432
9433
9434
9435
9436
9437
9440
9444
9445
9452
9453
9454
9459
9467
9469
9471
9474
9476
9477
9478
9483
9485
9488
9492
9494
9496
9499
9502
9504
9505
9506
9507
9509
9510
9514
9515
9517
9518
9519
9523
9524
9526
9528
9529
9530
9531
9534
9537
9538
9539
9540
9542
9543
9544
9545
9546
9547
9550
9552
9553
9555
9556
9558
9559
9561
9562
9565
9567
9569
9570
9571
9574
9575
9576
9577
9578
9582
9583
9584
9587
9590
9592
9594
9596
9597
9598
9599
9600
9603
9607
9609
9610
9611
9613
9614
9618
9620
9623
9625
9626
9627
9628
9629
9630
9631
9632
9635
9640
9641
9642
9643
9644
9645
9646
9647
9651
9658
9661
9662
9664
9666
9668
9669
9670
9672
9674
9676
9679
9680
9682
9683
9689
9690
9691
9692
9693
9695
9696
9699
9700
9707
9710
9712
9713
9715
9716
9717
9718
9719
9721
9722
9723
9724
9725
9727
9730
9731
9733
9735
9736
9737
9738
9739
9740
9741
9745
9748
9749
9750
9752
9753
9757
9760
9761
9764
9767
9769
9776
9779
9780
9782
9783
9785
9790
9794
9798
9799
9800
9804
9810
9813
9815
9817
9820
9822
9823
9824
9827
9828
9832
9833
9834
9840
9841
9842
9844
9850
9852
9856
9857
9858
9859
9860
9861
9864
9865
9869
9872
9874
9875
9876
9877
9878
9880
9881
9882
9884
9886
9887
9889
9891
9900
9903
9904
9905
9907
9908
9910
9912
9913
9914
9918
9919
9922
9923
9924
9925
9926
9927
9929
9930
9933
9935
9936
9937
9939
9941
9943
9944
9945
9947
9948
9950
9951
9952
9953
9955
9956
9958
9961
9964
9967
9969
9971
9975
9976
9978
9979
9980
9984
9989
9992
9994
9995
9996
9997
10000
10001
10002
10003
10004
10006
10008
10010
10011
10012
10013
10014
10016
10018
10019
10020
10022
10023
10029
10030
10031
10035
10038
10040
10042
10049
10050
10052
10054
10056
10057
10059
10060
10061
10062
10066
10068
10073
10074
10078
10079
10080
10082
10083
10084
10089
10091
10092
10095
10096
10098
10107
10110
10111
10113
10116
10118
10119
10120
10121
10123
10125
10128
10130
10132
10140
10141
10145
10146
10149
10150
10151
10152
10153
10156
10157
10158
10159
10165
10167
10168
10170
10171
10172
10174
10175
10181
10182
10183
10184
10185
10187
10188
10190
10191
10192
10193
10194
10196
10197
10198
10200
10202
10203
10204
10206
10207
10208
10209
10211
10212
10213
10214
10217
10221
10223
10224
10225
10226
10227
10230
10232
10234
10236
10237
10238
10239
10241
10242
10243
10247
10248
10249
10251
10252
10253
10254
10255
10257
10259
10262
10263
10265
10266
10267
10268
10269
10271
10272
10274
10275
10278
10281
10282
10285
10287
10288
10290
10291
10292
10295
10298
10300
10301
10304
10306
10309
10310
10313
10314
10315
10316
10317
10319
10320
10321
10325
10326
10328
10329
10330
10332
10333
10337
10338
10344
10346
10347
10350
10351
10352
10353
10354
10355
10356
10361
10362
10363
10366
10369
10371
10372
10373
10374
10376
10380
10381
10382
10385
10387
10388
10391
10392
10395
10396
10398
10400
10403
10404
10405
10406
10409
10411
10414
10417
10421
10422
10423
10425
10427
10431
10432
10433
10434
10438
10440
10443
10448
10450
10453
10454
10455
10459
10460
10462
10464
10466
10467
10469
10470
10471
10472
10473
10474
10477
10479
10480
10482
10483
10485
10486
10488
10490
10491
10493
10495
10496
10497
10498
10500
10502
10506
10508
10509
10510
10511
10514
10515
10517
10519
10521
10522
10524
10526
10527
10529
10531
10534
10536
10540
10541
10542
10545
10546
10548
10551
10554
10558
10560
10562
10566
10567
10570
10571
10575
10577
10578
10580
10582
10587
10589
10590
10591
10594
10596
10597
10602
10603
10604
10607
10608
10610
10611
10619
10620
10622
10623
10624
10626
10631
10636
10637
10638
10644
10646
10648
10651
10652
10653
10654
10655
10656
10660
10661
10662
10665
10668
10670
10671
10674
10677
10678
10680
10682
10684
10685
10686
10688
10689
10692
10694
10695
10696
10697
10702
10703
10704
10707
10708
10712
10713
10715
10717
10720
10722
10724
10725
10727
10729
10731
10732
10740
10742
10744
10745
10749
10750
10753
10755
10756
10759
10760
10762
10763
10764
10765
10767
10770
10772
10773
10774
10777
10779
10780
10781
10784
10785
10790
10793
10794
10795
10796
10797
10803
10804
10806
10808
10810
10811
10812
10814
10815
10816
10817
10819
10822
10824
10829
10831
10835
10837
10838
10839
10848
10850
10853
10857
10862
10863
10867
10870
10874
10876
10881
10882
10883
10886
10887
10888
10889
10890
10891
10896
10897
10900
10901
10907
10912
10914
10915
10917
10918
10920
10921
10923
10925
10926
10927
10928
10929
10931
10932
10934
10936
10937
10938
10942
10943
10946
10947
10952
10953
10960
10963
10967
10968
10970
10971
10972
10973
10975
10977
10978
10979
10982
10983
10988
10989
10990
10991
10992
10994
10996
10997
11000
11003
11004
11006
11007
11010
11012
11017
11020
11022
11023
11025
11029
11031
11032
11036
11037
11038
11039
11041
11043
11044
11045
11046
11047
11048
11049
11050
11053
11054
11055
11056
11058
11059
11062
11065
11066
11067
11068
11069
11070
11071
11072
11074
11075
11083
11086
11088
11089
11091
11098
11100
11101
11105
11106
11109
11112
11113
11114
11117
11120
11121
11122
11123
11130
11131
11141
11143
11146
11148
11149
11151
11152
11153
11155
11156
11158
11159
11160
11161
11168
11169
11170
11171
11172
11174
11175
11176
11177
11179
