chr17	61919889	61920389	.	0	4
chr12	14410607	14411107	.	0	4
chr17	7740046	7740546	.	0	4
chr19	2462980	2463480	.	0	4
chr12	114837309	114837809	.	0	4
chr19	4342674	4343174	.	0	4
chr14	21737458	21737958	.	0	4
chr9	130829530	130830030	.	0	4
chr19	3721328	3721828	.	0	4
chr11	33824160	33824660	.	0	4
chr19	47551705	47552205	.	0	4
chr12	57039650	57040150	.	0	4
chr17	79818439	79818939	.	0	4
chr11	59383213	59383713	.	0	4
chr14	58764857	58765357	.	0	4
chr20	44485882	44486382	.	0	4
chr19	4246743	4247243	.	0	4
chr9	2241776	2242276	.	0	4
chr8	145159039	145159539	.	0	4
chr17	74667686	74668186	.	0	4
chr19	15529666	15530166	.	0	4
chr19	2944796	2945296	.	0	4
chr8	42010108	42010608	.	0	4
chr22	35695941	35696441	.	0	4
chr2	27008511	27009011	.	0	4
chr1	154955484	154955984	.	0	4
chr19	36248667	36249167	.	0	4
chr1	27019418	27019918	.	0	4
chr12	14926951	14927451	.	0	4
chr2	3486935	3487435	.	0	4
chr17	73452386	73452886	.	0	4
chr19	4328278	4328778	.	0	4
chr22	39925087	39925587	.	0	4
chr17	38574067	38574567	.	0	4
chr19	7894639	7895139	.	0	4
chr12	75723913	75724413	.	0	4
chr19	18314889	18315389	.	0	4
chr17	7620372	7620872	.	0	4
chr17	36754761	36755261	.	0	4
chr2	97303901	97304401	.	0	4
chr16	58663630	58664130	.	0	4
chr19	4471864	4472364	.	0	4
chr6	27114536	27115036	.	0	4
chr10	89621945	89622445	.	0	4
chr1	10739587	10740087	.	0	4
chr7	66395221	66395721	.	0	4
chr19	40005736	40006236	.	0	4
chr7	44887714	44888214	.	0	4
chr19	17420008	17420508	.	0	4
chr17	79212747	79213247	.	0	4
chr9	140135351	140135851	.	0	4
chr14	23938382	23938882	.	0	4
chrX	129299959	129300459	.	0	4
chr19	6737517	6738017	.	0	4
chr19	1790717	1791217	.	0	4
chr5	145582837	145583337	.	0	4
chr1	151254332	151254832	.	0	4
chr7	106809088	106809588	.	0	4
chr19	36193119	36193619	.	0	4
chr5	145826541	145827041	.	0	4
chr14	94492398	94492898	.	0	4
chr11	22647198	22647698	.	0	4
chr17	4870453	4870953	.	0	4
chr8	19674571	19675071	.	0	4
chr12	54752817	54753317	.	0	4
chr11	13298858	13299358	.	0	4
chr1	150601446	150601946	.	0	4
chr4	26322077	26322577	.	0	4
chr17	38210431	38210931	.	0	4
chr9	134248657	134249157	.	0	4
chr11	65601075	65601575	.	0	4
chr20	40246863	40247363	.	0	4
chr20	21172473	21172973	.	0	4
chr15	90895173	90895673	.	0	4
chr17	61627436	61627936	.	0	4
chr19	55770467	55770967	.	0	4
chr12	125401598	125402098	.	0	4
chr9	23826182	23826682	.	0	4
chr11	125462384	125462884	.	0	4
chr16	3058264	3058764	.	0	4
chr16	2264724	2265224	.	0	4
chr10	5931832	5932332	.	0	4
chr6	12749391	12749891	.	0	4
chr19	12947007	12947507	.	0	4
chr4	467781	468281	.	0	4
chr15	89631281	89631781	.	0	4
chr19	1040871	1041371	.	0	4
chr1	10458778	10459278	.	0	4
chr1	150459559	150460059	.	0	4
chr22	40440456	40440956	.	0	4
chr14	68286195	68286695	.	0	4
chr10	101673652	101674152	.	0	4
chr8	109095741	109096241	.	0	4
chr19	13049054	13049554	.	0	4
chr2	73190504	73191004	.	0	4
chr19	36239145	36239645	.	0	4
chr3	88108011	88108511	.	0	4
chr17	47866314	47866814	.	0	4
chr1	10856528	10857028	.	0	4
chr5	32313100	32313600	.	0	4
chr20	44509540	44510040	.	0	4
chr15	43212860	43213360	.	0	4
chr19	12813795	12814295	.	0	4
chr20	44440886	44441386	.	0	4
chr7	30066159	30066659	.	0	4
chrX	46988395	46988895	.	0	4
chr19	1652713	1653213	.	0	4
chr7	148036245	148036745	.	0	4
chr19	46149266	46149766	.	0	4
chr18	61034713	61035213	.	0	4
chr2	201828226	201828726	.	0	4
chr15	44487352	44487852	.	0	4
chr9	139743488	139743988	.	0	4
chr7	150725201	150725701	.	0	4
chr1	156307894	156308394	.	0	4
chr8	71314172	71314672	.	0	4
chr1	151762929	151763429	.	0	4
chr19	2841137	2841637	.	0	4
chr3	127842472	127842972	.	0	4
chr11	62521443	62521943	.	0	4
chr1	150208345	150208845	.	0	4
chr5	177631214	177631714	.	0	4
chr2	97523604	97524104	.	0	4
chr16	74700623	74701123	.	0	4
chrX	65383780	65384280	.	0	4
chr18	62924373	62924873	.	0	4
chr14	96000936	96001436	.	0	4
chr3	56501050	56501550	.	0	4
chr6	26199350	26199850	.	0	4
chr13	20532517	20533017	.	0	4
chr12	112563020	112563520	.	0	4
chr1	33502331	33502831	.	0	4
chr11	124981328	124981828	.	0	4
chr16	50058801	50059301	.	0	4
chr7	152108453	152108953	.	0	4
chr9	115546509	115547009	.	0	4
chr2	232571571	232572071	.	0	4
chr1	36023066	36023566	.	0	4
chr1	213090149	213090649	.	0	4
chr19	21182386	21182886	.	0	4
chr7	99746179	99746679	.	0	4
chr15	41575851	41576351	.	0	4
chr16	23706196	23706696	.	0	4
chr17	36908698	36909198	.	0	4
chr17	7475733	7476233	.	0	4
chr11	107798689	107799189	.	0	4
chr12	6960287	6960787	.	0	4
chr6	128200712	128201212	.	0	4
chr19	7694388	7694888	.	0	4
chr1	220262996	220263496	.	0	4
chr12	53297096	53297596	.	0	4
chr5	43313624	43314124	.	0	4
chr2	232645795	232646295	.	0	4
chr1	229339152	229339652	.	0	4
chr2	73460243	73460743	.	0	4
chr15	93425447	93425947	.	0	4
chr15	70403531	70404031	.	0	4
chr14	39644073	39644573	.	0	4
chr12	54718552	54719052	.	0	4
chr3	107241496	107241996	.	0	4
chr2	71454082	71454582	.	0	4
chr4	166248481	166248981	.	0	4
chr7	23053572	23054072	.	0	4
chr11	62598989	62599489	.	0	4
chr22	40440015	40440515	.	0	4
chr12	54674164	54674664	.	0	4
chr13	111365286	111365786	.	0	4
chr12	96252436	96252936	.	0	4
chr12	54019623	54020123	.	0	4
chr15	75016263	75016763	.	0	4
chr11	117745261	117745761	.	0	4
chr15	90118364	90118864	.	0	4
chr1	6052462	6052962	.	0	4
chr19	1507632	1508132	.	0	4
chr19	13905836	13906336	.	0	4
chr1	161195431	161195931	.	0	4
chr3	179280410	179280910	.	0	4
chr17	47841362	47841862	.	0	4
chr1	85527679	85528179	.	0	4
chr16	78133184	78133684	.	0	4
chr5	58423398	58423898	.	0	4
chr19	19249089	19249589	.	0	4
chr10	120101616	120102116	.	0	4
chr1	45140063	45140563	.	0	4
chr12	14537706	14538206	.	0	4
chr22	38851906	38852406	.	0	4
chr1	38397310	38397810	.	0	4
chr19	1122961	1123461	.	0	4
chr14	24584081	24584581	.	0	4
chr17	73150453	73150953	.	0	4
chr4	48782219	48782719	.	0	4
chr7	1177740	1178240	.	0	4
chr19	14228443	14228943	.	0	4
chr14	21457813	21458313	.	0	4
chr9	9556972	9557472	.	0	4
chr12	53473010	53473510	.	0	4
chr3	148804125	148804625	.	0	4
chr6	159527702	159528202	.	0	4
chr20	37359470	37359970	.	0	4
chr15	83478026	83478526	.	0	4
chr4	124031	124531	.	0	4
chr6	27806005	27806505	.	0	4
chr19	12662167	12662667	.	0	4
chr19	46087503	46088003	.	0	4
chr1	82266820	82267320	.	0	4
chr7	129710055	129710555	.	0	4
chr3	49823831	49824331	.	0	4
chr12	120933540	120934040	.	0	4
chr17	46131579	46132079	.	0	4
chr11	61348772	61349272	.	0	4
chr13	77901127	77901627	.	0	4
chr7	8008059	8008559	.	0	4
chr19	42900971	42901471	.	0	4
chr8	33330474	33330974	.	0	4
chr17	58754904	58755404	.	0	4
chr12	510465	510965	.	0	4
chr3	9393343	9393843	.	0	4
chr6	136571300	136571800	.	0	4
chr12	51632764	51633264	.	0	4
chr1	25756980	25757480	.	0	4
chr20	30311230	30311730	.	0	4
chr1	43147745	43148245	.	0	4
chr7	10305825	10306325	.	0	4
chr9	34989334	34989834	.	0	4
chr2	20251276	20251776	.	0	4
chr10	119301851	119302351	.	0	4
chr19	14529994	14530494	.	0	4
chr1	153895366	153895866	.	0	4
chr19	48972175	48972675	.	0	4
chr20	62466213	62466713	.	0	4
chr22	20004203	20004703	.	0	4
chr2	236575081	236575581	.	0	4
chr4	331254	331754	.	0	4
chr12	120666618	120667118	.	0	4
chr7	100825678	100826178	.	0	4
chr2	64067807	64068307	.	0	4
chr15	40697654	40698154	.	0	4
chr5	172483947	172484447	.	0	4
chr16	67217342	67217842	.	0	4
chr20	19246258	19246758	.	0	4
chr11	44265144	44265644	.	0	4
chr9	33473752	33474252	.	0	4
chr1	28562281	28562781	.	0	4
chr16	70323259	70323759	.	0	4
chr15	85174349	85174849	.	0	4
chr17	46125321	46125821	.	0	4
chr11	17500998	17501498	.	0	4
chr7	1500393	1500893	.	0	4
chr3	100211109	100211609	.	0	4
chr1	17565799	17566299	.	0	4
chr3	10636548	10637048	.	0	4
chr22	37582240	37582740	.	0	4
chr6	100912646	100913146	.	0	4
chr3	127309420	127309920	.	0	4
chr19	48395390	48395890	.	0	4
chr2	232526773	232527273	.	0	4
chr19	49929438	49929938	.	0	4
chr1	36915861	36916361	.	0	4
chr19	36119620	36120120	.	0	4
chr1	149858105	149858605	.	0	4
chr11	29644663	29645163	.	0	4
chr10	101190280	101190780	.	0	4
chr17	35044100	35044600	.	0	4
chr6	160211175	160211675	.	0	4
chr21	34494369	34494869	.	0	4
chr3	61236953	61237453	.	0	4
chr1	24741957	24742457	.	0	4
chr7	44835938	44836438	.	0	4
chr18	21977744	21978244	.	0	4
chr17	78244582	78245082	.	0	4
chr15	40099995	40100495	.	0	4
chr14	21905223	21905723	.	0	4
chr14	42075048	42075548	.	0	4
chr1	10270229	10270729	.	0	4
chr7	75544129	75544629	.	0	4
chr11	76166360	76166860	.	0	4
chr20	34127449	34127949	.	0	4
chr16	22385779	22386279	.	0	4
chr1	150601962	150602462	.	0	4
chr2	11622634	11623134	.	0	4
chr12	70329949	70330449	.	0	4
chr19	36822547	36823047	.	0	4
chr1	153940011	153940511	.	0	4
chr15	89960012	89960512	.	0	4
chr4	775447	775947	.	0	4
chr1	117811593	117812093	.	0	4
chr9	96928838	96929338	.	0	4
chr16	30661749	30662249	.	0	4
chr18	44526449	44526949	.	0	4
chr3	195163693	195164193	.	0	4
chr6	26033667	26034167	.	0	4
chr6	144651665	144652165	.	0	4
chr1	27982505	27983005	.	0	4
chr4	175204163	175204663	.	0	4
chr11	75525936	75526436	.	0	4
chr19	33165904	33166404	.	0	4
chr12	133484982	133485482	.	0	4
chr22	38240273	38240773	.	0	4
chr14	103800235	103800735	.	0	4
chr2	27239534	27240034	.	0	4
chr3	156822960	156823460	.	0	4
chr6	42896803	42897303	.	0	4
chr17	57408715	57409215	.	0	4
chr6	80246962	80247462	.	0	4
chr19	41283759	41284259	.	0	4
chr1	169750427	169750927	.	0	4
chr16	28961944	28962444	.	0	4
chr22	38857421	38857921	.	0	4
chr20	35305566	35306066	.	0	4
chr6	4647801	4648301	.	0	4
chr19	40727815	40728315	.	0	4
chr19	42579931	42580431	.	0	4
chr10	104261736	104262236	.	0	4
chr3	27410738	27411238	.	0	4
chr20	3869673	3870173	.	0	4
chr5	36745270	36745770	.	0	4
chr13	103451153	103451653	.	0	4
chr13	26795772	26796272	.	0	4
chr1	160001576	160002076	.	0	4
chr17	17653248	17653748	.	0	4
chr4	6224557	6225057	.	0	4
chr5	179125598	179126098	.	0	4
chr9	95055816	95056316	.	0	4
chr1	1334559	1335059	.	0	4
chr22	21399878	21400378	.	0	4
chr19	4402175	4402675	.	0	4
chr10	99052224	99052724	.	0	4
chr6	107077175	107077675	.	0	4
chr11	14913622	14914122	.	0	4
chr11	61891154	61891654	.	0	4
chr5	153825214	153825714	.	0	4
chr17	17713219	17713719	.	0	4
chr2	73298281	73298781	.	0	4
chr10	83011093	83011593	.	0	4
chr2	97573085	97573585	.	0	4
chr22	42342577	42343077	.	0	4
chr9	86594968	86595468	.	0	4
chr10	70319795	70320295	.	0	4
chr1	228645414	228645914	.	0	4
chr19	8477873	8478373	.	0	4
chr14	24867469	24867969	.	0	4
chr1	29575686	29576186	.	0	4
chr10	70359928	70360428	.	0	4
chr17	43212696	43213196	.	0	4
chr12	125534012	125534512	.	0	4
chr1	27816470	27816970	.	0	4
chr22	44787638	44788138	.	0	4
chr9	92276841	92277341	.	0	4
chr1	153643280	153643780	.	0	4
chr16	19078564	19079064	.	0	4
chr6	62995958	62996458	.	0	4
chr10	134221323	134221823	.	0	4
chr11	58673163	58673663	.	0	4
chr11	44921466	44921966	.	0	4
chr1	236958243	236958743	.	0	4
chr19	17414054	17414554	.	0	4
chr8	144450658	144451158	.	0	4
chr5	88999556	89000056	.	0	4
chr19	14062841	14063341	.	0	4
chr2	26568574	26569074	.	0	4
chr1	151226941	151227441	.	0	4
chr14	75530549	75531049	.	0	4
chr22	38859258	38859758	.	0	4
chr7	50108594	50109094	.	0	4
chr14	75885996	75886496	.	0	4
chr3	38356135	38356635	.	0	4
chr7	72936439	72936939	.	0	4
chr11	14541797	14542297	.	0	4
chr2	219134711	219135211	.	0	4
chr7	45622339	45622839	.	0	4
chr17	76568871	76569371	.	0	4
chr17	2304196	2304696	.	0	4
chr7	11012582	11013082	.	0	4
chr3	14989704	14990204	.	0	4
chr16	66914124	66914624	.	0	4
chr12	21654389	21654889	.	0	4
chr1	33937813	33938313	.	0	4
chr22	44207931	44208431	.	0	4
chr6	108879582	108880082	.	0	4
chr6	32145863	32146363	.	0	4
chr19	37808390	37808890	.	0	4
chr17	79650633	79651133	.	0	4
chr17	79196619	79197119	.	0	4
chr4	299115	299615	.	0	4
chr1	203954150	203954650	.	0	4
chr14	64009901	64010401	.	0	4
chr2	238398870	238399370	.	0	4
chr17	41322911	41323411	.	0	4
chr12	95611230	95611730	.	0	4
chr3	149530712	149531212	.	0	4
chr20	32307938	32308438	.	0	4
chr19	54115874	54116374	.	0	4
chr2	220094136	220094636	.	0	4
chr19	45873686	45874186	.	0	4
chr14	90920612	90921112	.	0	4
chr13	20437623	20438123	.	0	4
chr1	41174685	41175185	.	0	4
chr19	4153310	4153810	.	0	4
chr11	46867612	46868112	.	0	4
chr11	65686591	65687091	.	0	4
chr17	76237495	76237995	.	0	4
chr12	122020541	122021041	.	0	4
chr5	89705397	89705897	.	0	4
chr17	46018568	46019068	.	0	4
chr13	77903131	77903631	.	0	4
chr1	153700113	153700613	.	0	4
chr16	87979273	87979773	.	0	4
chr5	75013040	75013540	.	0	4
chr6	153304010	153304510	.	0	4
chr16	4852750	4853250	.	0	4
chr1	54665532	54666032	.	0	4
chr3	57789218	57789718	.	0	4
chr2	5513362	5513862	.	0	4
chr4	69771459	69771959	.	0	4
chr18	33709154	33709654	.	0	4
chr9	131940369	131940869	.	0	4
chr3	155462663	155463163	.	0	4
chr3	37034653	37035153	.	0	4
chr5	98108971	98109471	.	0	4
chr1	182070481	182070981	.	0	4
chr2	84743261	84743761	.	0	4
chr1	85690702	85691202	.	0	4
chr1	23694670	23695170	.	0	4
chr6	52528889	52529389	.	0	4
chr9	127905661	127906161	.	0	4
chr16	1358871	1359371	.	0	4
chr3	176634561	176635061	.	0	4
chr16	2732226	2732726	.	0	4
chr14	73392849	73393349	.	0	4
chr22	42475766	42476266	.	0	4
chr11	111895511	111896011	.	0	4
chr2	198668997	198669497	.	0	4
chr16	2961605	2962105	.	0	4
chr4	52708910	52709410	.	0	4
chr12	54673317	54673817	.	0	4
chr15	67546835	67547335	.	0	4
chr14	76127041	76127541	.	0	4
chr14	23476198	23476698	.	0	4
chr20	60011599	60012099	.	0	4
chr12	49259469	49259969	.	0	4
chr17	55740292	55740792	.	0	4
chr14	90420917	90421417	.	0	4
chr6	53409674	53410174	.	0	4
chr16	27095189	27095689	.	0	4
chr22	29999142	29999642	.	0	4
chr4	40752852	40753352	.	0	4
chr3	183262432	183262932	.	0	4
chr19	39881654	39882154	.	0	4
chr6	25963739	25964239	.	0	4
chr20	17662764	17663264	.	0	4
chr4	113573317	113573817	.	0	4
chr2	114647130	114647630	.	0	4
chr10	101380039	101380539	.	0	4
chr16	75551029	75551529	.	0	4
chr2	169654815	169655315	.	0	4
chr12	110540050	110540550	.	0	4
chr3	156272831	156273331	.	0	4
chr7	27702414	27702914	.	0	4
chr19	20844195	20844695	.	0	4
chr22	19435056	19435556	.	0	4
chr11	31530975	31531475	.	0	4
chr2	55277511	55278011	.	0	4
chr1	155197170	155197670	.	0	4
chr22	41347442	41347942	.	0	4
chr8	141467655	141468155	.	0	4
chr1	46867747	46868247	.	0	4
chr10	71210935	71211435	.	0	4
chr3	25706246	25706746	.	0	4
chr3	18464769	18465269	.	0	4
chr9	140095111	140095611	.	0	4
chr12	41085922	41086422	.	0	4
chr6	43044780	43045280	.	0	4
chr10	70660654	70661154	.	0	4
chr5	96143893	96144393	.	0	4
chr19	46799959	46800459	.	0	4
chr14	105957172	105957672	.	0	4
chr3	122744828	122745328	.	0	4
chr16	84314623	84315123	.	0	4
chr16	9185054	9185554	.	0	4
chr13	29292934	29293434	.	0	4
chr19	55677833	55678333	.	0	4
chr16	30596906	30597406	.	0	4
chr6	37225236	37225736	.	0	4
chrX	150070875	150071375	.	0	4
chr15	69113066	69113566	.	0	4
chr18	55102252	55102752	.	0	4
chr1	167690903	167691403	.	0	4
chr5	31532064	31532564	.	0	4
chr16	1727960	1728460	.	0	4
chr8	11659822	11660322	.	0	4
chr11	132843529	132844029	.	0	4
chr5	35938577	35939077	.	0	4
chr3	110430686	110431186	.	0	4
chr1	247171187	247171687	.	0	4
chr19	41120338	41120838	.	0	4
chr19	11485006	11485506	.	0	4
chr8	6565603	6566103	.	0	4
chr15	64673507	64674007	.	0	4
chr20	48552535	48553035	.	0	4
chr16	30645494	30645994	.	0	4
chr11	47788868	47789368	.	0	4
chr4	176919872	176920372	.	0	4
chr11	119204889	119205389	.	0	4
chr4	111544225	111544725	.	0	4
chr5	149340002	149340502	.	0	4
chr6	116892241	116892741	.	0	4
chr12	31493116	31493616	.	0	4
chr19	1260743	1261243	.	0	4
chr21	43883910	43884410	.	0	4
chr5	150137990	150138490	.	0	4
chr19	13944323	13944823	.	0	4
chr15	90542905	90543405	.	0	4
chr2	25537842	25538342	.	0	4
chr19	8407975	8408475	.	0	4
chr16	30959398	30959898	.	0	4
chr1	28879201	28879701	.	0	4
chr8	37619818	37620318	.	0	4
chr6	112194497	112194997	.	0	4
chr17	17942404	17942904	.	0	4
chr8	81805818	81806318	.	0	4
chr1	37740826	37741326	.	0	4
chr21	30397011	30397511	.	0	4
chr3	50604996	50605496	.	0	4
chr1	40364572	40365072	.	0	4
chr19	23433047	23433547	.	0	4
chr17	46969833	46970333	.	0	4
chr11	116558104	116558604	.	0	4
chr9	71735482	71735982	.	0	4
chr1	227127590	227128090	.	0	4
chr19	39390258	39390758	.	0	4
chr16	4316301	4316801	.	0	4
chr19	1133489	1133989	.	0	4
chr19	3494017	3494517	.	0	4
chr19	47321960	47322460	.	0	4
chr13	107187840	107188340	.	0	4
chr14	27067487	27067987	.	0	4
chr5	1514857	1515357	.	0	4
chr13	30611398	30611898	.	0	4
chr1	109940432	109940932	.	0	4
chr6	26020366	26020866	.	0	4
chr7	83314249	83314749	.	0	4
chr19	20958787	20959287	.	0	4
chr6	80280139	80280639	.	0	4
chr2	111435478	111435978	.	0	4
chr12	49504478	49504978	.	0	4
chr7	77325387	77325887	.	0	4
chr20	35807153	35807653	.	0	4
chr10	99393047	99393547	.	0	4
chr12	98909100	98909600	.	0	4
chr21	37692245	37692745	.	0	4
chr7	75947204	75947704	.	0	4
chr5	77590384	77590884	.	0	4
chr1	197170439	197170939	.	0	4
chr12	27676747	27677247	.	0	4
chr6	82957277	82957777	.	0	4
chr16	3053808	3054308	.	0	4
chrX	47415390	47415890	.	0	4
chr19	21950194	21950694	.	0	4
chr16	84224420	84224920	.	0	4
chr15	78368133	78368633	.	0	4
chr2	62081529	62082029	.	0	4
chr19	18334618	18335118	.	0	4
chr19	58789976	58790476	.	0	4
chr6	31139603	31140103	.	0	4
chr4	130947308	130947808	.	0	4
chr15	76005737	76006237	.	0	4
chr1	33647482	33647982	.	0	4
chr14	65183426	65183926	.	0	4
chr10	111975982	111976482	.	0	4
chr11	118991996	118992496	.	0	4
chr15	85524356	85524856	.	0	4
chr4	190107115	190107615	.	0	4
chr5	177553526	177554026	.	0	4
chr4	149363533	149364033	.	0	4
chr17	27139315	27139815	.	0	4
chr16	87421824	87422324	.	0	4
chr4	2845269	2845769	.	0	4
chr20	45035094	45035594	.	0	4
chr20	37353820	37354320	.	0	4
chr1	46713102	46713602	.	0	4
chr14	51561686	51562186	.	0	4
chr6	27858390	27858890	.	0	4
chr19	797067	797567	.	0	4
chr22	18484352	18484852	.	0	4
chr20	30326793	30327293	.	0	4
chr6	42585811	42586311	.	0	4
chr7	150076115	150076615	.	0	4
chr1	156251775	156252275	.	0	4
chr10	99205564	99206064	.	0	4
chr17	5661940	5662440	.	0	4
chr1	82265945	82266445	.	0	4
chr3	182833644	182834144	.	0	4
chr12	31539288	31539788	.	0	4
chr9	101049610	101050110	.	0	4
chr11	119066355	119066855	.	0	4
chr9	135905731	135906231	.	0	4
chr7	1808427	1808927	.	0	4
chr9	80911713	80912213	.	0	4
chr12	109535583	109536083	.	0	4
chr8	143552089	143552589	.	0	4
chr19	1904448	1904948	.	0	4
chr12	8179086	8179586	.	0	4
chr1	44820734	44821234	.	0	4
chr5	81047050	81047550	.	0	4
chr11	57548996	57549496	.	0	4
chr17	80656420	80656920	.	0	4
chr11	58874341	58874841	.	0	4
chr2	24270140	24270640	.	0	4
chr20	56293431	56293931	.	0	4
chr5	176778676	176779176	.	0	4
chr7	12726882	12727382	.	0	4
chr19	16222408	16222908	.	0	4
chr10	102790709	102791209	.	0	4
chr12	6960891	6961391	.	0	4
chr10	124913583	124914083	.	0	4
chr10	3827397	3827897	.	0	4
chr13	20207523	20208023	.	0	4
chr12	117175764	117176264	.	0	4
chr6	116937270	116937770	.	0	4
chr5	87968370	87968870	.	0	4
chr5	141196074	141196574	.	0	4
chr11	12709297	12709797	.	0	4
chr13	93878764	93879264	.	0	4
chr6	27839919	27840419	.	0	4
chr10	105496460	105496960	.	0	4
chr11	68227792	68228292	.	0	4
chr6	26189118	26189618	.	0	4
chr2	169746776	169747276	.	0	4
chr2	239197295	239197795	.	0	4
chr6	35453928	35454428	.	0	4
chr19	36138852	36139352	.	0	4
chr1	20987836	20988336	.	0	4
chr19	13858350	13858850	.	0	4
chr6	46097383	46097883	.	0	4
chr6	33266924	33267424	.	0	4
chr20	23331077	23331577	.	0	4
chr19	3344080	3344580	.	0	4
chr6	31125980	31126480	.	0	4
chr6	147523426	147523926	.	0	4
chr15	25164542	25165042	.	0	4
chr12	49075851	49076351	.	0	4
chr3	62873822	62874322	.	0	4
chr19	6110479	6110979	.	0	4
chr18	71959108	71959608	.	0	4
chr4	41216356	41216856	.	0	4
chr2	65283162	65283662	.	0	4
chr3	142314920	142315420	.	0	4
chr2	153573819	153574319	.	0	4
chr7	73206902	73207402	.	0	4
chr3	15642908	15643408	.	0	4
chr14	74960105	74960605	.	0	4
chr1	153935891	153936391	.	0	4
chr5	94616773	94617273	.	0	4
chr13	100153329	100153829	.	0	4
chr17	7608217	7608717	.	0	4
chr10	104155123	104155623	.	0	4
chr16	56485096	56485596	.	0	4
chr11	66383772	66384272	.	0	4
chr3	58512379	58512879	.	0	4
chr3	156174684	156175184	.	0	4
chr19	22034675	22035175	.	0	4
chr12	14413478	14413978	.	0	4
chr10	105991904	105992404	.	0	4
chr19	2739904	2740404	.	0	4
chr19	15306741	15307241	.	0	4
chr17	80477240	80477740	.	0	4
chr12	110011221	110011721	.	0	4
chr19	47178012	47178512	.	0	4
chr9	124412426	124412926	.	0	4
chr8	130975011	130975511	.	0	4
chr15	99395454	99395954	.	0	4
chr11	65266209	65266709	.	0	4
chr4	151288399	151288899	.	0	4
chr19	7197910	7198410	.	0	4
chr1	61543509	61544009	.	0	4
chr2	242088695	242089195	.	0	4
chr12	81471045	81471545	.	0	4
chr5	95047210	95047710	.	0	4
chr22	34317746	34318246	.	0	4
chr19	20349050	20349550	.	0	4
chr20	60813104	60813604	.	0	4
chr13	67804381	67804881	.	0	4
chr5	153339129	153339629	.	0	4
chr19	46029366	46029866	.	0	4
chr4	170948281	170948781	.	0	4
chr20	59745481	59745981	.	0	4
chr12	116310695	116311195	.	0	4
chr7	97602494	97602994	.	0	4
chr19	41695249	41695749	.	0	4
chr12	57023921	57024421	.	0	4
chr7	64254506	64255006	.	0	4
chr16	103487	103987	.	0	4
chr4	134070119	134070619	.	0	4
chr15	80364585	80365085	.	0	4
chr3	30792463	30792963	.	0	4
chr1	43123794	43124294	.	0	4
chr6	27832762	27833262	.	0	4
chr14	99740952	99741452	.	0	4
chr18	23255351	23255851	.	0	4
chr19	21203133	21203633	.	0	4
chr20	59325197	59325697	.	0	4
chr4	89513318	89513818	.	0	4
chr5	81144127	81144627	.	0	4
chr4	1283277	1283777	.	0	4
chr1	161228212	161228712	.	0	4
chr17	17183844	17184344	.	0	4
chr1	65730105	65730605	.	0	4
chr16	25122728	25123228	.	0	4
chr19	58257855	58258355	.	0	4
chr4	7069638	7070138	.	0	4
chr12	58087587	58088087	.	0	4
chr6	27106755	27107255	.	0	4
chr19	20150138	20150638	.	0	4
chr13	28194522	28195022	.	0	4
chr14	42074342	42074842	.	0	4
chr6	110214115	110214615	.	0	4
chr22	43411047	43411547	.	0	4
chr8	41386428	41386928	.	0	4
chr22	41842630	41843130	.	0	4
chr16	90024357	90024857	.	0	4
chr1	2322835	2323335	.	0	4
chr17	58212907	58213407	.	0	4
chr10	4868042	4868542	.	0	4
chr13	39260879	39261379	.	0	4
chr2	211036002	211036502	.	0	4
chr19	58144225	58144725	.	0	4
chr1	38156079	38156579	.	0	4
chr16	4817015	4817515	.	0	4
chr1	145438144	145438644	.	0	4
chr19	38893470	38893970	.	0	4
chr19	54274405	54274905	.	0	4
chr3	185826755	185827255	.	0	4
chrX	47420275	47420775	.	0	4
chr7	126794103	126794603	.	0	4
chr12	50101218	50101718	.	0	4
chr21	47743612	47744112	.	0	4
chr16	30457013	30457513	.	0	4
chr12	53835197	53835697	.	0	4
chr15	61345557	61346057	.	0	4
chr19	42724190	42724690	.	0	4
chr6	26197340	26197840	.	0	4
chr14	50087157	50087657	.	0	4
chr16	57569750	57570250	.	0	4
chr10	119300741	119301241	.	0	4
chr1	66736786	66737286	.	0	4
chr18	23083575	23084075	.	0	4
chr19	21105756	21106256	.	0	4
chr17	73042889	73043389	.	0	4
chr1	2245624	2246124	.	0	4
chr17	1587953	1588453	.	0	4
chr15	65186108	65186608	.	0	4
chr1	42928539	42929039	.	0	4
chr6	100066381	100066881	.	0	4
chr1	22988856	22989356	.	0	4
chr1	44015829	44016329	.	0	4
chr19	54618844	54619344	.	0	4
chr7	143067011	143067511	.	0	4
chr2	174829915	174830415	.	0	4
chr17	42620404	42620904	.	0	4
chr15	85523399	85523899	.	0	4
chr19	1039791	1040291	.	0	4
chr6	160183195	160183695	.	0	4
chr8	1771782	1772282	.	0	4
chr9	33381240	33381740	.	0	4
chr6	105405091	105405591	.	0	4
chr13	73632805	73633305	.	0	4
chr15	66084468	66084968	.	0	4
chr11	67250640	67251140	.	0	4
chr18	11980889	11981389	.	0	4
chr1	46859695	46860195	.	0	4
chr19	4284421	4284921	.	0	4
chr17	37333467	37333967	.	0	4
chr5	148737208	148737708	.	0	4
chr6	111195686	111196186	.	0	4
chr19	20277709	20278209	.	0	4
chr1	232765739	232766239	.	0	4
chr1	109968907	109969407	.	0	4
chrX	68721194	68721694	.	0	4
chr18	20493709	20494209	.	0	4
chr1	8938584	8939084	.	0	4
chr17	12921155	12921655	.	0	4
chr12	56727604	56728104	.	0	4
chr13	74610517	74611017	.	0	4
chr13	60737899	60738399	.	0	4
chr15	85923435	85923935	.	0	4
chr15	40395669	40396169	.	0	4
chr19	4474547	4475047	.	0	4
chr2	8821862	8822362	.	0	4
chr11	560651	561151	.	0	4
chr2	43864106	43864606	.	0	4
chr5	77655537	77656037	.	0	4
chr16	10479606	10480106	.	0	4
chr21	40684163	40684663	.	0	4
chr19	3035474	3035974	.	0	4
chr10	79789087	79789587	.	0	4
chr1	227750958	227751458	.	0	4
chr3	181327142	181327642	.	0	4
chr22	29137657	29138157	.	0	4
chr11	67113498	67113998	.	0	4
chr1	156391335	156391835	.	0	4
chr19	1205327	1205827	.	0	4
chr6	46138532	46139032	.	0	4
chr17	61958621	61959121	.	0	4
chr17	41977822	41978322	.	0	4
chr2	88315810	88316310	.	0	4
chr1	112938534	112939034	.	0	4
chr4	41258631	41259131	.	0	4
chr1	23670695	23671195	.	0	4
chr6	94129169	94129669	.	0	4
chr7	132937508	132938008	.	0	4
chr1	27017058	27017558	.	0	4
chr5	96271468	96271968	.	0	4
chr9	129676788	129677288	.	0	4
chr16	90143555	90144055	.	0	4
chr7	46054911	46055411	.	0	4
chr7	44646221	44646721	.	0	4
chr2	96874372	96874872	.	0	4
chr7	98696596	98697096	.	0	4
chr17	80416233	80416733	.	0	4
chr3	49170912	49171412	.	0	4
chr9	130477735	130478235	.	0	4
chr19	49990550	49991050	.	0	4
chr10	88713964	88714464	.	0	4
chr13	28735458	28735958	.	0	4
chr3	192445301	192445801	.	0	4
chr20	10415011	10415511	.	0	4
chr8	107738055	107738555	.	0	4
chr5	137548847	137549347	.	0	4
chr1	177139746	177140246	.	0	4
chr12	119312594	119313094	.	0	4
chr13	113273950	113274450	.	0	4
chr11	62432495	62432995	.	0	4
chr11	17297957	17298457	.	0	4
chr10	104679734	104680234	.	0	4
chr1	201123437	201123937	.	0	4
chr1	235491395	235491895	.	0	4
chr15	56757121	56757621	.	0	4
chr19	20748416	20748916	.	0	4
chr2	65659670	65660170	.	0	4
chr19	21579597	21580097	.	0	4
chr4	6271240	6271740	.	0	4
chr2	65662737	65663237	.	0	4
chr11	57528966	57529466	.	0	4
chr5	11904453	11904953	.	0	4
chr3	49044468	49044968	.	0	4
chr9	122060311	122060811	.	0	4
chr12	123886498	123886998	.	0	4
chr6	4772905	4773405	.	0	4
chr12	63118643	63119143	.	0	4
chr19	39971149	39971649	.	0	4
chr14	52455907	52456407	.	0	4
chr20	60534322	60534822	.	0	4
chr1	154155577	154156077	.	0	4
chr19	55964295	55964795	.	0	4
chr6	26272868	26273368	.	0	4
chr17	47943001	47943501	.	0	4
chr11	133826727	133827227	.	0	4
chr11	10879444	10879944	.	0	4
chr2	183943233	183943733	.	0	4
chr11	58730931	58731431	.	0	4
chrX	71528643	71529143	.	0	4
chr19	39816877	39817377	.	0	4
chr17	74137171	74137671	.	0	4
chr1	55240784	55241284	.	0	4
chr19	49012693	49013193	.	0	4
chr1	159750291	159750791	.	0	4
chr14	45603539	45604039	.	0	4
chr12	2999738	3000238	.	0	4
chr19	46148685	46149185	.	0	4
chr19	3722728	3723228	.	0	4
chr16	2478956	2479456	.	0	4
chr11	45743581	45744081	.	0	4
chr5	60615449	60615949	.	0	4
chr8	118532611	118533111	.	0	4
chr19	633427	633927	.	0	4
chr12	89619608	89620108	.	0	4
chr4	53739993	53740493	.	0	4
chr10	80826933	80827433	.	0	4
chr9	34644753	34645253	.	0	4
chr14	100842458	100842958	.	0	4
chr5	177540314	177540814	.	0	4
chr2	73143137	73143637	.	0	4
chr17	9720330	9720830	.	0	4
chr19	21264677	21265177	.	0	4
chr16	2932549	2933049	.	0	4
chr7	152133638	152134138	.	0	4
chr1	201977224	201977724	.	0	4
chr20	34360008	34360508	.	0	4
chr16	74729670	74730170	.	0	4
chr1	24740071	24740571	.	0	4
chr22	25631766	25632266	.	0	4
chr15	83518366	83518866	.	0	4
chr7	23720263	23720763	.	0	4
chr13	37336022	37336522	.	0	4
chr13	103248957	103249457	.	0	4
chr6	36164852	36165352	.	0	4
chr1	156076463	156076963	.	0	4
chr4	92177172	92177672	.	0	4
chr5	55290681	55291181	.	0	4
chr6	96644424	96644924	.	0	4
chr19	17400249	17400749	.	0	4
chr7	73156538	73157038	.	0	4
chr9	140117783	140118283	.	0	4
chr21	17936002	17936502	.	0	4
chr6	6169268	6169768	.	0	4
chr16	72698689	72699189	.	0	4
chr16	420336	420836	.	0	4
chr19	13884953	13885453	.	0	4
chr9	4792519	4793019	.	0	4
chr14	23755222	23755722	.	0	4
chr8	29743119	29743619	.	0	4
chr9	129438940	129439440	.	0	4
chr19	40324082	40324582	.	0	4
chr19	5436559	5437059	.	0	4
chr19	49223790	49224290	.	0	4
chr6	109330592	109331092	.	0	4
chr17	42422326	42422826	.	0	4
chr14	65878291	65878791	.	0	4
chr17	7183702	7184202	.	0	4
chr6	29909918	29910418	.	0	4
chr4	124317612	124318112	.	0	4
chr3	43522744	43523244	.	0	4
chr7	97735870	97736370	.	0	4
chr11	57508573	57509073	.	0	4
chr19	11750952	11751452	.	0	4
chr1	26028793	26029293	.	0	4
chr19	48693570	48694070	.	0	4
chr11	117198248	117198748	.	0	4
chr22	34246662	34247162	.	0	4
chr9	37027561	37028061	.	0	4
chr8	48678117	48678617	.	0	4
chr16	71264404	71264904	.	0	4
chr20	281730	282230	.	0	4
chr2	27593108	27593608	.	0	4
chr19	51520362	51520862	.	0	4
chr10	80782241	80782741	.	0	4
chr11	4629312	4629812	.	0	4
chr1	26054434	26054934	.	0	4
chr2	240420249	240420749	.	0	4
chr5	76103830	76104330	.	0	4
chr19	21541471	21541971	.	0	4
chr7	71895406	71895906	.	0	4
chr15	45694241	45694741	.	0	4
chrX	133898178	133898678	.	0	4
chr2	191745223	191745723	.	0	4
chr7	112579737	112580237	.	0	4
chr19	19143111	19143611	.	0	4
chrX	153656659	153657159	.	0	4
chr17	16945369	16945869	.	0	4
chr20	9048208	9048708	.	0	4
chr2	129120341	129120841	.	0	4
chr2	96917346	96917846	.	0	4
chr11	67348863	67349363	.	0	4
chr19	50096571	50097071	.	0	4
chr14	72113718	72114218	.	0	4
chr19	13048047	13048547	.	0	4
chr19	41729310	41729810	.	0	4
chr17	18163607	18164107	.	0	4
chr4	37990207	37990707	.	0	4
chr6	53412613	53413113	.	0	4
chr16	88729355	88729855	.	0	4
chr12	133656588	133657088	.	0	4
chr1	225965230	225965730	.	0	4
chr19	17552131	17552631	.	0	4
chr19	10362294	10362794	.	0	4
chr19	46430905	46431405	.	0	4
chr8	81786538	81787038	.	0	4
chr22	37997541	37998041	.	0	4
chrX	68776162	68776662	.	0	4
chr12	121790076	121790576	.	0	4
chr12	14923866	14924366	.	0	4
chr4	53588370	53588870	.	0	4
chr17	48440997	48441497	.	0	4
chr19	3971019	3971519	.	0	4
chr20	45985288	45985788	.	0	4
chr12	49736379	49736879	.	0	4
chr6	157153218	157153718	.	0	4
chr17	44070161	44070661	.	0	4
chr12	67662351	67662851	.	0	4
chr6	44214551	44215051	.	0	4
chr21	15486506	15487006	.	0	4
chr12	6464547	6465047	.	0	4
chr11	118485980	118486480	.	0	4
chr19	12551710	12552210	.	0	4
chr13	20368669	20369169	.	0	4
chr12	6665050	6665550	.	0	4
chr1	225068236	225068736	.	0	4
chr19	17858135	17858635	.	0	4
chr1	197115601	197116101	.	0	4
chr8	22132498	22132998	.	0	4
chr16	18038175	18038675	.	0	4
chr7	65215730	65216230	.	0	4
chr16	84299920	84300420	.	0	4
chr5	60240674	60241174	.	0	4
chr19	50305516	50306016	.	0	4
chr3	56590916	56591416	.	0	4
chrX	80377019	80377519	.	0	4
chr6	33894167	33894667	.	0	4
chr15	45571230	45571730	.	0	4
chr1	184723835	184724335	.	0	4
chr1	205196741	205197241	.	0	4
chr7	66309731	66310231	.	0	4
chr2	25533664	25534164	.	0	4
chr3	150062757	150063257	.	0	4
chr22	39189963	39190463	.	0	4
chr12	1554994	1555494	.	0	4
chr19	19932373	19932873	.	0	4
chrX	135962746	135963246	.	0	4
chr21	42485165	42485665	.	0	4
chr7	150707315	150707815	.	0	4
chr11	19138400	19138900	.	0	4
chr5	77656032	77656532	.	0	4
chr17	73389806	73390306	.	0	4
chr5	122455038	122455538	.	0	4
chr18	71949682	71950182	.	0	4
chr15	70391792	70392292	.	0	4
chr16	71879593	71880093	.	0	4
chr2	85822538	85823038	.	0	4
chr7	48074789	48075289	.	0	4
chr1	43997649	43998149	.	0	4
chr11	8008502	8009002	.	0	4
chr5	34410695	34411195	.	0	4
chr15	89164262	89164762	.	0	4
chr2	70417937	70418437	.	0	4
chr8	37532580	37533080	.	0	4
chr7	157112463	157112963	.	0	4
chr12	132851658	132852158	.	0	4
chr11	17410935	17411435	.	0	4
chr3	93698672	93699172	.	0	4
chr5	139016936	139017436	.	0	4
chr19	50706535	50707035	.	0	4
chr12	54966570	54967070	.	0	4
chr6	4180781	4181281	.	0	4
chrX	48957964	48958464	.	0	4
chr9	129987180	129987680	.	0	4
chr17	43817878	43818378	.	0	4
chr4	121482738	121483238	.	0	4
chr19	51182545	51183045	.	0	4
chr4	156679823	156680323	.	0	4
chr8	24049308	24049808	.	0	4
chr1	20671164	20671664	.	0	4
chr19	57998792	57999292	.	0	4
chr7	130080669	130081169	.	0	4
chr4	141685953	141686453	.	0	4
chr12	108908654	108909154	.	0	4
chr6	131034199	131034699	.	0	4
chr2	236577783	236578283	.	0	4
chr15	65117693	65118193	.	0	4
chr15	99143048	99143548	.	0	4
chr19	19976355	19976855	.	0	4
chr19	3557469	3557969	.	0	4
chr9	75295406	75295906	.	0	4
chr15	65341616	65342116	.	0	4
chr19	21657315	21657815	.	0	4
chr13	92196888	92197388	.	0	4
chr6	38670742	38671242	.	0	4
chr17	40346302	40346802	.	0	4
chr6	108881192	108881692	.	0	4
chr2	56066267	56066767	.	0	4
chr17	41855437	41855937	.	0	4
chr15	71055700	71056200	.	0	4
chr5	179159513	179160013	.	0	4
chr5	108745562	108746062	.	0	4
chr1	41445376	41445876	.	0	4
chr16	16001838	16002338	.	0	4
chr16	31884793	31885293	.	0	4
chr7	75932745	75933245	.	0	4
chr15	59397012	59397512	.	0	4
chr17	80325625	80326125	.	0	4
chr12	53894402	53894902	.	0	4
chr21	44394438	44394938	.	0	4
chr18	54541000	54541500	.	0	4
chr16	68770854	68771354	.	0	4
chr2	174101088	174101588	.	0	4
chr19	23578112	23578612	.	0	4
chr5	179718848	179719348	.	0	4
chr3	44802936	44803436	.	0	4
chr11	329379	329879	.	0	4
chr13	74864539	74865039	.	0	4
chr3	189679312	189679812	.	0	4
chr17	7560232	7560732	.	0	4
chr1	27013349	27013849	.	0	4
chr11	64863366	64863866	.	0	4
chr19	11750307	11750807	.	0	4
chr17	42404119	42404619	.	0	4
chr10	74451563	74452063	.	0	4
chr15	99396360	99396860	.	0	4
chr6	141474639	141475139	.	0	4
chr5	126366084	126366584	.	0	4
chr22	20008279	20008779	.	0	4
chr1	116512054	116512554	.	0	4
chr8	37947362	37947862	.	0	4
chr1	55181219	55181719	.	0	4
chr11	112752083	112752583	.	0	4
chr5	171847483	171847983	.	0	4
chr12	110172003	110172503	.	0	4
chr13	27131456	27131956	.	0	4
chr12	68726014	68726514	.	0	4
chr6	152084995	152085495	.	0	4
chr3	150803137	150803637	.	0	4
chr17	79093369	79093869	.	0	4
chr19	18211369	18211869	.	0	4
chr1	171710981	171711481	.	0	4
chr3	58546444	58546944	.	0	4
chr19	48111787	48112287	.	0	4
chr9	71487024	71487524	.	0	4
chr20	16555286	16555786	.	0	4
chr18	40614571	40615071	.	0	4
chr10	134223056	134223556	.	0	4
chr2	48133547	48134047	.	0	4
chrX	142723758	142724258	.	0	4
chr8	103875058	103875558	.	0	4
chr2	80009602	80010102	.	0	4
chr5	87971516	87972016	.	0	4
chr6	26123062	26123562	.	0	4
chr19	39629960	39630460	.	0	4
chr14	90863073	90863573	.	0	4
chr19	10589582	10590082	.	0	4
chr5	129502634	129503134	.	0	4
chr2	219824018	219824518	.	0	4
chr12	104531714	104532214	.	0	4
chr9	133565318	133565818	.	0	4
chr6	90539293	90539793	.	0	4
chr15	31689039	31689539	.	0	4
chr16	68778577	68779077	.	0	4
chr19	55574433	55574933	.	0	4
chr6	134774898	134775398	.	0	4
chr22	21996184	21996684	.	0	4
chr19	39801567	39802067	.	0	4
chr6	116550337	116550837	.	0	4
chr8	23554045	23554545	.	0	4
chr15	69367151	69367651	.	0	4
chr19	57988739	57989239	.	0	4
chr2	65454582	65455082	.	0	4
chr12	122501898	122502398	.	0	4
chr11	65812528	65813028	.	0	4
chr2	169408888	169409388	.	0	4
chr15	71495908	71496408	.	0	4
chr1	54204716	54205216	.	0	4
chr1	47184620	47185120	.	0	4
chr22	34316978	34317478	.	0	4
chr16	328891	329391	.	0	4
chr20	45029276	45029776	.	0	4
chr1	160068159	160068659	.	0	4
chr1	205290719	205291219	.	0	4
chr10	74057666	74058166	.	0	4
chr17	34842175	34842675	.	0	4
chr1	205782137	205782637	.	0	4
chr16	56965723	56966223	.	0	4
chr1	202310929	202311429	.	0	4
chr17	42061421	42061921	.	0	4
chr12	132022025	132022525	.	0	4
chr18	35156998	35157498	.	0	4
chr1	27692966	27693466	.	0	4
chr2	218852670	218853170	.	0	4
chr19	50384821	50385321	.	0	4
chr16	31724280	31724780	.	0	4
chr4	141075181	141075681	.	0	4
chr17	47270116	47270616	.	0	4
chr5	2780442	2780942	.	0	4
chr5	177580736	177581236	.	0	4
chr1	36929760	36930260	.	0	4
chr3	37006882	37007382	.	0	4
chr11	535413	535913	.	0	4
chr10	106028593	106029093	.	0	4
chr17	25833600	25834100	.	0	4
chr8	1750143	1750643	.	0	4
chr7	64466893	64467393	.	0	4
chr20	62487477	62487977	.	0	4
chr5	111496240	111496740	.	0	4
chrX	74493608	74494108	.	0	4
chr13	111528894	111529394	.	0	4
chr7	98189245	98189745	.	0	4
chr3	52029712	52030212	.	0	4
chr8	17689425	17689925	.	0	4
chr15	89538626	89539126	.	0	4
chr13	30459159	30459659	.	0	4
chr1	5827003	5827503	.	0	4
chr7	79757037	79757537	.	0	4
chr2	80728960	80729460	.	0	4
chr7	65540465	65540965	.	0	4
chr2	3622538	3623038	.	0	4
chr8	103876164	103876664	.	0	4
chrX	30907521	30908021	.	0	4
chr2	9143860	9144360	.	0	4
chr17	426047	426547	.	0	4
chr15	26956554	26957054	.	0	4
chrX	128977695	128978195	.	0	4
chr11	66277820	66278320	.	0	4
chr11	62676712	62677212	.	0	4
chr13	58203894	58204394	.	0	4
chrX	130405184	130405684	.	0	4
chr1	225706861	225707361	.	0	4
chr4	8359414	8359914	.	0	4
chr5	179240999	179241499	.	0	4
chrX	153363141	153363641	.	0	4
chr1	207995917	207996417	.	0	4
chr5	176884542	176885042	.	0	4
chr16	31711596	31712096	.	0	4
chr8	146017595	146018095	.	0	4
chr2	73147449	73147949	.	0	4
chr13	106469243	106469743	.	0	4
chr12	46888112	46888612	.	0	4
chr3	181327826	181328326	.	0	4
chr11	63933827	63934327	.	0	4
chr12	798640	799140	.	0	4
chr16	11438987	11439487	.	0	4
chr1	160951277	160951777	.	0	4
chr1	183430499	183430999	.	0	4
chr19	7294171	7294671	.	0	4
chr17	15244744	15245244	.	0	4
chr2	37899175	37899675	.	0	4
chr1	29557254	29557754	.	0	4
chr12	95945054	95945554	.	0	4
chr11	67236586	67237086	.	0	4
chr15	84167598	84168098	.	0	4
chr9	130648506	130649006	.	0	4
chr19	4584066	4584566	.	0	4
chr20	2451277	2451777	.	0	4
chr9	113490261	113490761	.	0	4
chr16	70052122	70052622	.	0	4
chr8	681030	681530	.	0	4
chr1	156472980	156473480	.	0	4
chr2	101944143	101944643	.	0	4
chr16	30583229	30583729	.	0	4
chr9	95527038	95527538	.	0	4
chr1	3541204	3541704	.	0	4
chr2	97202100	97202600	.	0	4
chr16	87973108	87973608	.	0	4
chr6	7590146	7590646	.	0	4
chr3	63508714	63509214	.	0	4
chr6	32143706	32144206	.	0	4
chr6	32097907	32098407	.	0	4
chr14	55517994	55518494	.	0	4
chr20	57425795	57426295	.	0	4
chr17	71547851	71548351	.	0	4
chr20	43095749	43096249	.	0	4
chr1	202976190	202976690	.	0	4
chr2	37051351	37051851	.	0	4
chr17	79633422	79633922	.	0	4
chr6	72130403	72130903	.	0	4
chr20	33776969	33777469	.	0	4
chr20	47663065	47663565	.	0	4
chr8	26240615	26241115	.	0	4
chrX	40439814	40440314	.	0	4
chr19	45349130	45349630	.	0	4
chr9	131487189	131487689	.	0	4
chr5	131520229	131520729	.	0	4
chr12	77459200	77459700	.	0	4
chr8	140718796	140719296	.	0	4
chr11	125932863	125933363	.	0	4
chrX	100662813	100663313	.	0	4
chr19	57922219	57922719	.	0	4
chr1	168946839	168947339	.	0	4
chr9	139760553	139761053	.	0	4
chr12	125271033	125271533	.	0	4
chr11	134093686	134094186	.	0	4
chr10	121887210	121887710	.	0	4
chr17	16342033	16342533	.	0	4
chr15	63768448	63768948	.	0	4
chr19	58427794	58428294	.	0	4
chr10	125770271	125770771	.	0	4
chr21	45874860	45875360	.	0	4
chr19	2900493	2900993	.	0	4
chr7	128379079	128379579	.	0	4
chr1	959925	960425	.	0	4
chr22	24407511	24408011	.	0	4
chr1	249152112	249152612	.	0	4
chr22	26171399	26171899	.	0	4
chr11	133906394	133906894	.	0	4
chr15	33486807	33487307	.	0	4
chr6	144416583	144417083	.	0	4
chr1	153717839	153718339	.	0	4
chr15	64331047	64331547	.	0	4
chr19	18439152	18439652	.	0	4
chr10	104192177	104192677	.	0	4
chr5	74062777	74063277	.	0	4
chr11	64051955	64052455	.	0	4
chr16	77421656	77422156	.	0	4
chr16	2955251	2955751	.	0	4
chr7	112739302	112739802	.	0	4
chr1	27926849	27927349	.	0	4
chr4	141170448	141170948	.	0	4
chr1	57015738	57016238	.	0	4
chr15	69366703	69367203	.	0	4
chr16	30418591	30419091	.	0	4
chr15	77994867	77995367	.	0	4
chr11	66244278	66244778	.	0	4
chr11	3400224	3400724	.	0	4
chr3	2462575	2463075	.	0	4
chr2	5867332	5867832	.	0	4
chr3	150800638	150801138	.	0	4
chr16	55999946	56000446	.	0	4
chrX	72347774	72348274	.	0	4
chr10	112313567	112314067	.	0	4
chr5	44808703	44809203	.	0	4
chr19	51263074	51263574	.	0	4
chr3	45883418	45883918	.	0	4
chr21	39599957	39600457	.	0	4
chr7	855942	856442	.	0	4
chr19	1045119	1045619	.	0	4
chrX	15965690	15966190	.	0	4
chr17	42092133	42092633	.	0	4
chr8	119089221	119089721	.	0	4
chr1	62608188	62608688	.	0	4
chr9	125590671	125591171	.	0	4
chr1	69442839	69443339	.	0	4
chr22	40120376	40120876	.	0	4
chr14	97263376	97263876	.	0	4
chr2	99821966	99822466	.	0	4
chr1	45240918	45241418	.	0	4
chr20	1098938	1099438	.	0	4
chr2	75381121	75381621	.	0	4
chr7	140241080	140241580	.	0	4
chr5	177542132	177542632	.	0	4
chr19	3990137	3990637	.	0	4
chr3	63833351	63833851	.	0	4
chr19	56028212	56028712	.	0	4
chr4	140864429	140864929	.	0	4
chr8	134545111	134545611	.	0	4
chr11	95523374	95523874	.	0	4
chr2	239007008	239007508	.	0	4
chr4	7044566	7045066	.	0	4
chr19	38714672	38715172	.	0	4
chr12	118810641	118811141	.	0	4
chr7	66857495	66857995	.	0	4
chr4	105415850	105416350	.	0	4
chr4	25211264	25211764	.	0	4
chr2	97197854	97198354	.	0	4
chr9	99801723	99802223	.	0	4
chr19	39919005	39919505	.	0	4
chr11	78399475	78399975	.	0	4
chr19	30369857	30370357	.	0	4
chr3	171757050	171757550	.	0	4
chr2	128784787	128785287	.	0	4
chr22	29426674	29427174	.	0	4
chr1	52195128	52195628	.	0	4
chr13	101327007	101327507	.	0	4
chr14	77251122	77251622	.	0	4
chr11	133400312	133400812	.	0	4
chr14	22940477	22940977	.	0	4
chr8	142583395	142583895	.	0	4
chr19	38826165	38826665	.	0	4
chr14	89606242	89606742	.	0	4
chr10	103542956	103543456	.	0	4
chr1	31297191	31297691	.	0	4
chr1	211752379	211752879	.	0	4
chr15	40402963	40403463	.	0	4
chr11	64490465	64490965	.	0	4
chr2	17721488	17721988	.	0	4
chr17	2774420	2774920	.	0	4
chr17	73663050	73663550	.	0	4
chr5	156569684	156570184	.	0	4
chr1	39325292	39325792	.	0	4
chr7	141437803	141438303	.	0	4
chr19	16606842	16607342	.	0	4
chr19	4581625	4582125	.	0	4
chr22	39915890	39916390	.	0	4
chr5	150950050	150950550	.	0	4
chr16	25042749	25043249	.	0	4
chr22	27400276	27400776	.	0	4
chr19	49938369	49938869	.	0	4
chr14	95663880	95664380	.	0	4
chr11	63614771	63615271	.	0	4
chr14	90911317	90911817	.	0	4
chr11	65121878	65122378	.	0	4
chr8	145743065	145743565	.	0	4
chr17	45727814	45728314	.	0	4
chr7	28997755	28998255	.	0	4
chr4	91649026	91649526	.	0	4
chr1	22591268	22591768	.	0	4
chr18	12990951	12991451	.	0	4
chr22	23412080	23412580	.	0	4
chr3	39425593	39426093	.	0	4
chrX	48929511	48930011	.	0	4
chr6	120278296	120278796	.	0	4
chr9	133397659	133398159	.	0	4
chr19	49347639	49348139	.	0	4
chr8	57124046	57124546	.	0	4
chr5	178800094	178800594	.	0	4
chr12	54089980	54090480	.	0	4
chr2	33621424	33621924	.	0	4
chr6	74275756	74276256	.	0	4
chr16	429095	429595	.	0	4
chr17	73512266	73512766	.	0	4
chr14	97228993	97229493	.	0	4
chr19	3094078	3094578	.	0	4
chr9	73865450	73865950	.	0	4
chr7	65958368	65958868	.	0	4
chr9	128508228	128508728	.	0	4
chr12	2526879	2527379	.	0	4
chr11	33800216	33800716	.	0	4
chr8	132044608	132045108	.	0	4
chr4	184580136	184580636	.	0	4
chr1	10003213	10003713	.	0	4
chr11	62648028	62648528	.	0	4
chr16	86757259	86757759	.	0	4
chr1	43672481	43672981	.	0	4
chr2	184397172	184397672	.	0	4
chr14	53822306	53822806	.	0	4
chr16	87425594	87426094	.	0	4
chr19	1542513	1543013	.	0	4
chr7	56174027	56174527	.	0	4
chr7	97881337	97881837	.	0	4
chr10	52795019	52795519	.	0	4
chr17	40306830	40307330	.	0	4
chr6	43043595	43044095	.	0	4
chr16	3184672	3185172	.	0	4
chr12	51399447	51399947	.	0	4
chr2	98280357	98280857	.	0	4
chr19	2475841	2476341	.	0	4
chr2	187120469	187120969	.	0	4
chr6	31148341	31148841	.	0	4
chr14	42075578	42076078	.	0	4
chr10	73288412	73288912	.	0	4
chr14	23749286	23749786	.	0	4
chr1	148241281	148241781	.	0	4
chr2	73052953	73053453	.	0	4
chr2	10262529	10263029	.	0	4
chr20	56004523	56005023	.	0	4
chr12	49716669	49717169	.	0	4
chr16	3493342	3493842	.	0	4
chr13	95253769	95254269	.	0	4
chr19	10564898	10565398	.	0	4
chr22	18111312	18111812	.	0	4
chr8	67837598	67838098	.	0	4
chr8	145688111	145688611	.	0	4
chr14	77279076	77279576	.	0	4
chr1	23495188	23495688	.	0	4
chr12	53258969	53259469	.	0	4
chr14	65182141	65182641	.	0	4
chr2	111445270	111445770	.	0	4
chr18	22931904	22932404	.	0	4
chr2	27274216	27274716	.	0	4
chr22	42461297	42461797	.	0	4
chr7	153127931	153128431	.	0	4
chr9	36258255	36258755	.	0	4
chr7	70953251	70953751	.	0	4
chr17	53679420	53679920	.	0	4
chr6	29716597	29717097	.	0	4
chr14	37058873	37059373	.	0	4
chr15	41694483	41694983	.	0	4
chr12	54546064	54546564	.	0	4
chr15	52684412	52684912	.	0	4
chr3	140800200	140800700	.	0	4
chr16	14403296	14403796	.	0	4
chr16	85722377	85722877	.	0	4
chr17	79935219	79935719	.	0	4
chr4	100566187	100566687	.	0	4
chr15	77926136	77926636	.	0	4
chr1	6259497	6259997	.	0	4
chr1	193082458	193082958	.	0	4
chr1	224180106	224180606	.	0	4
chr11	34460177	34460677	.	0	4
chr19	13983709	13984209	.	0	4
chr3	2140772	2141272	.	0	4
chr9	134429340	134429840	.	0	4
chr9	84305419	84305919	.	0	4
chr9	139844353	139844853	.	0	4
chr19	58010958	58011458	.	0	4
chr3	10744619	10745119	.	0	4
chr1	247267496	247267996	.	0	4
chr8	1082939	1083439	.	0	4
chr1	157989225	157989725	.	0	4
chr19	1383602	1384102	.	0	4
chr16	65762174	65762674	.	0	4
chr2	17719155	17719655	.	0	4
chr17	39114275	39114775	.	0	4
chr6	36212609	36213109	.	0	4
chr20	33103888	33104388	.	0	4
chr2	168149218	168149718	.	0	4
chr1	145476722	145477222	.	0	4
chr15	77363303	77363803	.	0	4
chr1	228296782	228297282	.	0	4
chr19	10330385	10330885	.	0	4
chr16	66493632	66494132	.	0	4
chr17	9811530	9812030	.	0	4
chr3	50278473	50278973	.	0	4
chr2	158732657	158733157	.	0	4
chr6	33422021	33422521	.	0	4
chr15	99789592	99790092	.	0	4
chr1	183290213	183290713	.	0	4
chr19	14084810	14085310	.	0	4
chr16	87008915	87009415	.	0	4
chr10	82220372	82220872	.	0	4
chr2	150080134	150080634	.	0	4
chr17	41322116	41322616	.	0	4
chr6	44280891	44281391	.	0	4
chr20	5950123	5950623	.	0	4
chr3	194991696	194992196	.	0	4
chr1	28908136	28908636	.	0	4
chr7	107592887	107593387	.	0	4
chr8	82438678	82439178	.	0	4
chrX	62801195	62801695	.	0	4
chr6	32407335	32407835	.	0	4
chr2	113522080	113522580	.	0	4
chr17	29843803	29844303	.	0	4
chr11	64140316	64140816	.	0	4
chr22	38141936	38142436	.	0	4
chr4	106629630	106630130	.	0	4
chr1	40177618	40178118	.	0	4
chr1	22263749	22264249	.	0	4
chr5	134378222	134378722	.	0	4
chr20	552472	552972	.	0	4
chr2	227665747	227666247	.	0	4
chr9	136596826	136597326	.	0	4
chr17	27413876	27414376	.	0	4
chr17	71562921	71563421	.	0	4
chr19	45418155	45418655	.	0	4
chr11	62420608	62421108	.	0	4
chr4	169762174	169762674	.	0	4
chr7	96746629	96747129	.	0	4
chr16	16984791	16985291	.	0	4
chr1	201915485	201915985	.	0	4
chr11	130655256	130655756	.	0	4
chr6	27219481	27219981	.	0	4
chr4	109081864	109082364	.	0	4
chr19	56097133	56097633	.	0	4
chr7	44162987	44163487	.	0	4
chr19	17817482	17817982	.	0	4
chr19	4065778	4066278	.	0	4
chr12	7341938	7342438	.	0	4
chr2	20646525	20647025	.	0	4
chr2	151267329	151267829	.	0	4
chr6	137816673	137817173	.	0	4
chr20	60982208	60982708	.	0	4
chr22	38674666	38675166	.	0	4
chr17	4611705	4612205	.	0	4
chr4	7122018	7122518	.	0	4
chr3	157217140	157217640	.	0	4
chr14	100912852	100913352	.	0	4
chr1	24285988	24286488	.	0	4
chr5	159780250	159780750	.	0	4
chr7	97709539	97710039	.	0	4
chr4	113672549	113673049	.	0	4
chr1	208275242	208275742	.	0	4
chr1	200983526	200984026	.	0	4
chr12	85429859	85430359	.	0	4
chr14	70345796	70346296	.	0	4
chr1	2516729	2517229	.	0	4
chr9	76908317	76908817	.	0	4
chr1	44678810	44679310	.	0	4
chr15	69941470	69941970	.	0	4
chr14	61201198	61201698	.	0	4
chr16	31084389	31084889	.	0	4
chr2	218154202	218154702	.	0	4
chr5	176214607	176215107	.	0	4
chr2	59203469	59203969	.	0	4
chr19	18682279	18682779	.	0	4
chr13	73301724	73302224	.	0	4
chr7	101722603	101723103	.	0	4
chr2	30369215	30369715	.	0	4
chr7	72299645	72300145	.	0	4
chr4	188691401	188691901	.	0	4
chr11	34379396	34379896	.	0	4
chr17	41983844	41984344	.	0	4
chr5	167722454	167722954	.	0	4
chr19	6692892	6693392	.	0	4
chr17	45144680	45145180	.	0	4
chr10	73556731	73557231	.	0	4
chr2	75064010	75064510	.	0	4
chr19	23869815	23870315	.	0	4
chr10	103070764	103071264	.	0	4
chr2	176903385	176903885	.	0	4
chr12	56915325	56915825	.	0	4
chr15	73075873	73076373	.	0	4
chr7	2019775	2020275	.	0	4
chr2	224891660	224892160	.	0	4
chr5	68513820	68514320	.	0	4
chr3	52483881	52484381	.	0	4
chr1	247373978	247374478	.	0	4
chr11	129939493	129939993	.	0	4
chrX	1710161	1710661	.	0	4
chr2	97547214	97547714	.	0	4
chr19	13228676	13229176	.	0	4
chr11	44880249	44880749	.	0	4
chr10	24527313	24527813	.	0	4
chr2	59201078	59201578	.	0	4
chr18	39878648	39879148	.	0	4
chr15	44580682	44581182	.	0	4
chrX	17540498	17540998	.	0	4
chr5	95299312	95299812	.	0	4
chr3	29517300	29517800	.	0	4
chr15	70186176	70186676	.	0	4
chr17	26216006	26216506	.	0	4
chr7	28449700	28450200	.	0	4
chr10	58120846	58121346	.	0	4
chr12	56109592	56110092	.	0	4
chr17	80215242	80215742	.	0	4
chr5	150399836	150400336	.	0	4
chr11	6640466	6640966	.	0	4
chr1	91601287	91601787	.	0	4
chr11	64594212	64594712	.	0	4
chr9	35157842	35158342	.	0	4
chr13	53602867	53603367	.	0	4
chr15	40732828	40733328	.	0	4
chr4	101801106	101801606	.	0	4
chr1	87793832	87794332	.	0	4
chr19	17882905	17883405	.	0	4
chr17	3814938	3815438	.	0	4
chr14	89017614	89018114	.	0	4
chr10	75255620	75256120	.	0	4
chr11	105831077	105831577	.	0	4
chr13	22157602	22158102	.	0	4
chr19	16683083	16683583	.	0	4
chr14	84172786	84173286	.	0	4
chr1	54355296	54355796	.	0	4
chr7	3467591	3468091	.	0	4
chr3	126720938	126721438	.	0	4
chr19	41570804	41571304	.	0	4
chr1	113349709	113350209	.	0	4
chr11	1580255	1580755	.	0	4
chr19	57078544	57079044	.	0	4
chr19	36353485	36353985	.	0	4
chr19	19639340	19639840	.	0	4
chr7	73509013	73509513	.	0	4
chr4	38088834	38089334	.	0	4
chr11	1757764	1758264	.	0	4
chrX	137567937	137568437	.	0	4
chr3	185080615	185081115	.	0	4
chr8	109455535	109456035	.	0	4
chr22	24951643	24952143	.	0	4
chr20	30946985	30947485	.	0	4
chr10	43778277	43778777	.	0	4
chr1	11119950	11120450	.	0	4
chr3	49950366	49950866	.	0	4
chr9	66455182	66455682	.	0	4
chr11	46317005	46317505	.	0	4
chr19	45430268	45430768	.	0	4
chr15	24878157	24878657	.	0	4
chr4	8429979	8430479	.	0	4
chr1	150980556	150981056	.	0	4
chr16	64649457	64649957	.	0	4
chr5	150080420	150080920	.	0	4
chr11	18957733	18958233	.	0	4
chr10	92079262	92079762	.	0	4
chr11	105873891	105874391	.	0	4
chr13	111137796	111138296	.	0	4
chr16	56390187	56390687	.	0	4
chr3	160116808	160117308	.	0	4
chr7	143105863	143106363	.	0	4
chr4	38462910	38463410	.	0	4
chr11	62319898	62320398	.	0	4
chr7	23325253	23325753	.	0	4
chr10	97803024	97803524	.	0	4
chr2	107192389	107192889	.	0	4
chrX	11777421	11777921	.	0	4
chr10	3915848	3916348	.	0	4
chr13	96329008	96329508	.	0	4
chr3	105587785	105588285	.	0	4
chr19	8386064	8386564	.	0	4
chr10	111693937	111694437	.	0	4
chr3	129063344	129063844	.	0	4
chr4	3657759	3658259	.	0	4
chr1	85725159	85725659	.	0	4
chr11	8356697	8357197	.	0	4
chr17	77702277	77702777	.	0	4
chr20	25054017	25054517	.	0	4
chr19	38716789	38717289	.	0	4
chr16	67926719	67927219	.	0	4
chr4	45986993	45987493	.	0	4
chr14	89883415	89883915	.	0	4
chr2	222436815	222437315	.	0	4
chr19	41098002	41098502	.	0	4
chr7	101458996	101459496	.	0	4
chr9	138863739	138864239	.	0	4
chr1	1167207	1167707	.	0	4
chr19	18392300	18392800	.	0	4
chr5	32585349	32585849	.	0	4
chr19	50449616	50450116	.	0	4
chr22	25346133	25346633	.	0	4
chr19	4535094	4535594	.	0	4
chr22	39579858	39580358	.	0	4
chr16	64017246	64017746	.	0	4
chr22	50946375	50946875	.	0	4
chr5	57755705	57756205	.	0	4
chr12	127627576	127628076	.	0	4
chr10	102588713	102589213	.	0	4
chr8	119123919	119124419	.	0	4
chr7	66460480	66460980	.	0	4
chr12	14518263	14518763	.	0	4
chr19	5791036	5791536	.	0	4
chr9	94877483	94877983	.	0	4
chr5	3592389	3592889	.	0	4
chr5	2751565	2752065	.	0	4
chr19	310282	310782	.	0	4
chr15	74218481	74218981	.	0	4
chr5	42813589	42814089	.	0	4
chr5	72143658	72144158	.	0	4
chr5	145710925	145711425	.	0	4
chr17	34901127	34901627	.	0	4
chr1	58472237	58472737	.	0	4
chr1	196961001	196961501	.	0	4
chr19	42900378	42900878	.	0	4
chr5	94513617	94514117	.	0	4
chr2	129079256	129079756	.	0	4
chr1	207198310	207198810	.	0	4
chr17	48205740	48206240	.	0	4
chr6	163277829	163278329	.	0	4
chr15	74568167	74568667	.	0	4
chr16	31142110	31142610	.	0	4
chr6	4656292	4656792	.	0	4
chr17	77923647	77924147	.	0	4
chr4	185585564	185586064	.	0	4
chr19	4457669	4458169	.	0	4
chr1	36772402	36772902	.	0	4
chr6	158252418	158252918	.	0	4
chr15	57648809	57649309	.	0	4
chr9	94676730	94677230	.	0	4
chr19	6677847	6678347	.	0	4
chr9	137533307	137533807	.	0	4
chr8	22526443	22526943	.	0	4
chr1	20106663	20107163	.	0	4
chr19	8070369	8070869	.	0	4
chr7	157483595	157484095	.	0	4
chr3	10267981	10268481	.	0	4
chr22	20960375	20960875	.	0	4
chr11	568325	568825	.	0	4
chr20	61569095	61569595	.	0	4
chr15	79164927	79165427	.	0	4
chr7	75157386	75157886	.	0	4
chr16	4897127	4897627	.	0	4
chr1	100435240	100435740	.	0	4
chr5	95276447	95276947	.	0	4
chr1	205600954	205601454	.	0	4
chr20	60340774	60341274	.	0	4
chr7	102985041	102985541	.	0	4
chr2	234821377	234821877	.	0	4
chr5	171542013	171542513	.	0	4
chr2	188089628	188090128	.	0	4
chr9	116967626	116968126	.	0	4
chr17	38231667	38232167	.	0	4
chr15	29077143	29077643	.	0	4
chr6	90307717	90308217	.	0	4
chr4	148119545	148120045	.	0	4
chr1	236030104	236030604	.	0	4
chr19	48565194	48565694	.	0	4
chr20	35012332	35012832	.	0	4
chr20	10896924	10897424	.	0	4
chr5	151282753	151283253	.	0	4
chr6	30456981	30457481	.	0	4
chr14	53339786	53340286	.	0	4
chr19	3249376	3249876	.	0	4
chr8	125538130	125538630	.	0	4
chr2	130938936	130939436	.	0	4
chr19	1438097	1438597	.	0	4
chr4	124339525	124340025	.	0	4
chr18	24536825	24537325	.	0	4
chr5	78223438	78223938	.	0	4
chr3	97182810	97183310	.	0	4
chr6	100610890	100611390	.	0	4
chr6	158210959	158211459	.	0	4
chr4	165720483	165720983	.	0	4
chr19	48922465	48922965	.	0	4
chr19	39306209	39306709	.	0	4
chr15	31316594	31317094	.	0	4
chr17	30676858	30677358	.	0	4
chr1	167135537	167136037	.	0	4
chr15	70231751	70232251	.	0	4
chr7	150032084	150032584	.	0	4
chr15	66359915	66360415	.	0	4
chr12	49582713	49583213	.	0	4
chr16	75961673	75962173	.	0	4
chr2	26972702	26973202	.	0	4
chr15	90720183	90720683	.	0	4
chr3	123033143	123033643	.	0	4
chr19	1113195	1113695	.	0	4
chr5	63702851	63703351	.	0	4
chr5	157375782	157376282	.	0	4
chr5	87684127	87684627	.	0	4
chr2	153916145	153916645	.	0	4
chr5	172758917	172759417	.	0	4
chr14	32827955	32828455	.	0	4
chr1	11714515	11715015	.	0	4
chr22	50265063	50265563	.	0	4
chr2	63277660	63278160	.	0	4
chr6	121369713	121370213	.	0	4
chr1	48204257	48204757	.	0	4
chr19	41859807	41860307	.	0	4
chr11	1463320	1463820	.	0	4
chr22	45998547	45999047	.	0	4
chr2	242295319	242295819	.	0	4
chr6	28047690	28048190	.	0	4
chr9	124888478	124888978	.	0	4
chr19	4400490	4400990	.	0	4
chr8	146277595	146278095	.	0	4
chr3	119722779	119723279	.	0	4
chr2	16511771	16512271	.	0	4
chr22	39757000	39757500	.	0	4
chr8	143557017	143557517	.	0	4
chr7	28445769	28446269	.	0	4
chr17	17380033	17380533	.	0	4
chr22	46957346	46957846	.	0	4
chr11	5278499	5278999	.	0	4
chr20	3140317	3140817	.	0	4
chr11	76493905	76494405	.	0	4
chr19	30096882	30097382	.	0	4
chr20	21706481	21706981	.	0	4
chr4	57684912	57685412	.	0	4
chr3	10362616	10363116	.	0	4
chr17	76210064	76210564	.	0	4
chr5	141016251	141016751	.	0	4
chr5	94428886	94429386	.	0	4
chr1	85968355	85968855	.	0	4
chr7	102003883	102004383	.	0	4
chr14	92938171	92938671	.	0	4
chr11	67393842	67394342	.	0	4
chr1	114471944	114472444	.	0	4
chr3	58420666	58421166	.	0	4
chr4	111408885	111409385	.	0	4
chr1	16817798	16818298	.	0	4
chr22	35948456	35948956	.	0	4
chr13	97551067	97551567	.	0	4
chr15	26345994	26346494	.	0	4
chr18	46065116	46065616	.	0	4
chr8	103167742	103168242	.	0	4
chr18	76613334	76613834	.	0	4
chr18	25668366	25668866	.	0	4
chr8	87072110	87072610	.	0	4
chr16	56735878	56736378	.	0	4
chr13	111997092	111997592	.	0	4
chr15	79043291	79043791	.	0	4
chr2	166325882	166326382	.	0	4
chr17	65518184	65518684	.	0	4
chr3	72077884	72078384	.	0	4
chr11	28131539	28132039	.	0	4
chr22	50913304	50913804	.	0	4
chr7	128337249	128337749	.	0	4
chr17	1106292	1106792	.	0	4
chr7	112286886	112287386	.	0	4
chr8	142318214	142318714	.	0	4
chr19	19106566	19107066	.	0	4
chr13	45694306	45694806	.	0	4
chrX	21857446	21857946	.	0	4
chr13	29258389	29258889	.	0	4
chr19	7459702	7460202	.	0	4
chr17	1465897	1466397	.	0	4
chr19	2051073	2051573	.	0	4
chr19	54430964	54431464	.	0	4
chr1	27683914	27684414	.	0	4
chr14	100196837	100197337	.	0	4
chr2	99052117	99052617	.	0	4
chr17	57287083	57287583	.	0	4
chr8	145593107	145593607	.	0	4
chr7	73547896	73548396	.	0	4
chr3	140969113	140969613	.	0	4
chr1	113051080	113051580	.	0	4
chr5	178053356	178053856	.	0	4
chr3	56528642	56529142	.	0	4
chr22	37726470	37726970	.	0	4
chr16	11709431	11709931	.	0	4
