35
97
145
149
191
218
234
254
272
321
322
391
437
490
496
575
628
667
668
690
711
929
973
996
1095
1130
1133
1159
1170
1185
1202
1239
1269
1379
1380
1382
1401
1466
1468
1560
1563
1627
1769
1785
1792
1806
1887
1927
1962
1966
2022
2046
2082
2178
2184
2215
2233
2251
2309
2342
2346
2400
2401
2425
2450
2456
2478
2499
2532
2621
2634
2670
2686
2720
2773
2781
2790
2840
2940
2941
2947
2954
2960
2975
3022
3130
3140
3228
3231
3250
3251
3252
3253
3277
3332
3337
3370
3371
3386
3443
3444
3457
3473
3499
3516
3527
3563
3579
3611
3623
3695
3712
3721
3727
3728
3774
3784
3802
3839
3850
3886
3907
3956
3958
3978
3982
3985
4023
4027
4047
4052
4073
4088
4090
4100
4117
4129
4137
4143
4146
4149
4190
4213
4236
4295
4302
4315
4318
4328
4346
4358
4383
4402
4404
4410
4420
4426
4436
4452
4468
4513
4538
4586
4601
4618
4672
4689
4705
4740
4754
4790
4826
4836
4849
4860
4869
4874
4898
4899
4929
4934
4943
5007
5014
5056
5058
5077
5100
5142
5179
5216
5256
5303
5376
5378
5456
5482
5491
5496
5530
5533
5546
5577
5587
5629
5654
5681
5692
5706
5720
5757
5765
5783
5790
5821
5824
5851
5884
5896
5940
5949
5957
5966
5982
6022
6048
6050
6052
6066
6143
6155
6193
6234
6250
6308
6314
6319
6320
6332
6347
6356
6389
6390
6442
6450
6471
6532
6533
6599
6605
6607
6650
6651
6652
6679
6705
6710
6756
6774
6813
6815
6819
6849
6853
6855
6856
6858
6860
6902
6930
6938
6959
7004
7014
7031
7043
7082
7092
7101
7119
7147
7185
7197
7247
7262
7292
7327
7393
7432
7496
7497
7502
7550
7551
7561
7590
7611
7695
7706
7739
7771
7781
7791
7794
7821
7823
7839
7861
7869
7881
7882
7884
7928
7934
7968
7994
8046
8050
8056
8065
8096
8126
8141
8175
8214
8225
8233
8236
8238
8240
8257
8260
8268
8286
8298
8306
8325
8379
8387
8389
8406
8451
8454
8486
8542
8549
8574
8592
8609
8646
8664
8672
8727
8729
8746
8764
8772
8780
8797
8803
8832
8838
8872
8894
8912
8919
8939
8964
8986
8995
9019
9024
9064
9074
9075
9089
9106
9112
9116
9155
9169
9248
9327
9340
9368
9375
9377
9416
9422
9448
9461
9513
9541
9548
9580
9593
9650
9655
9667
9671
9673
9684
9704
9706
9709
9711
9714
9734
9759
9787
9814
9870
9873
9897
9901
9909
9916
9962
9966
10024
10025
10037
10047
10071
10093
10124
10147
10210
10219
10244
10264
10270
10280
10289
10296
10322
10324
10327
10349
10367
10375
10410
10437
10478
10543
10549
10563
10572
10573
10613
10615
10618
10649
10667
10672
10675
10690
10691
10711
10736
10739
10747
10752
10754
10799
10821
10828
10855
10859
10869
10902
10916
10922
10976
10986
10987
10998
11052
11061
11063
11077
11099
11142
11167
11173
