1
2
3
6
8
12
14
18
20
22
25
30
31
33
43
44
47
49
51
53
57
61
64
65
70
72
73
82
85
90
102
106
107
113
114
122
136
148
152
163
164
172
187
190
216
222
226
232
239
246
255
261
270
274
284
292
293
298
309
323
343
344
347
349
365
367
385
387
393
408
418
422
423
431
440
451
475
492
499
501
508
523
528
544
551
560
561
567
576
590
602
609
613
631
633
648
656
664
669
673
743
745
751
757
771
775
784
807
808
814
818
835
839
856
877
883
894
931
963
998
1008
1016
1052
1063
1086
1109
1116
1119
1136
1158
1162
1174
1204
1205
1229
1254
1282
1351
1364
1366
1400
1405
1442
1455
1464
1492
1561
1569
1572
1594
1595
1601
1629
1634
1669
1671
1693
1709
1716
1733
1771
1775
1778
1780
1790
1791
1837
1854
1855
1863
1872
1888
1910
1913
1919
1932
1954
1980
2027
2102
2162
2191
2201
2212
2242
2264
2279
2305
2307
2326
2327
2355
2399
2438
2441
2502
2548
2633
2649
2674
2688
2691
2699
2742
2763
2854
2857
2860
2930
2956
2981
3119
3126
3189
3193
3260
3306
3345
3358
3454
3467
3517
3539
3545
3558
3576
3600
3621
3655
3687
3705
3823
3844
3941
3993
4037
4181
4235
4249
4263
4268
4280
4407
4435
4507
4602
4627
4647
4663
4684
4693
4760
4767
4783
4789
4843
4844
4857
4909
4938
4982
5002
5027
5051
5079
5134
5155
5254
5257
5278
5286
5288
5462
5514
5584
5631
5672
5733
5778
5785
5888
5912
5917
5936
5974
6031
6256
6453
6600
6619
6919
7076
7142
7177
7483
7508
7592
7645
7687
7688
7737
7931
7980
8062
8099
8181
8456
8482
8533
8564
8612
8707
8758
8805
8848
8924
9047
9163
9224
9652
9762
9795
9825
9931
9968
10027
10048
10173
10245
10323
10399
10413
10429
10535
10612
10805
10854
